Log file open, 10/04/17 18:40:52
LogWindows: Failed to load 'aqProf.dll' (GetLastError=126)
LogWindows: File 'aqProf.dll' does not exist
LogWindows: Failed to load 'VtuneApi.dll' (GetLastError=126)
LogWindows: File 'VtuneApi.dll' does not exist
LogWindows: Failed to load 'VtuneApi32e.dll' (GetLastError=126)
LogWindows: File 'VtuneApi32e.dll' does not exist
LogInit: Display: Running engine for game: AresProject1_0
LogPlatformFile: Not using cached read wrapper
LogInit: Display: RandInit(942458313) SRandInit(942458313).
LogTaskGraph: Started task graph with 5 named threads and 14 total threads with 3 sets of task threads.
LogStats: Stats thread started at 0.183572
LogD3D11RHI: Aftermath initialized
LogPluginManager: Mounting plugin Paper2D
LogPluginManager: Mounting plugin LightPropagationVolume
LogPluginManager: Mounting plugin CodeLiteSourceCodeAccess
LogPluginManager: Mounting plugin GitSourceControl
LogPluginManager: Mounting plugin KDevelopSourceCodeAccess
LogPluginManager: Mounting plugin NullSourceCodeAccess
LogPluginManager: Mounting plugin PerforceSourceControl
LogPluginManager: Mounting plugin SubversionSourceControl
LogPluginManager: Mounting plugin UObjectPlugin
LogPluginManager: Mounting plugin VisualStudioSourceCodeAccess
LogPluginManager: Mounting plugin XCodeSourceCodeAccess
LogPluginManager: Mounting plugin AssetManagerEditor
LogPluginManager: Mounting plugin AudioCapture
LogPluginManager: Mounting plugin FacialAnimation
LogPluginManager: Mounting plugin GameplayTagsEditor
LogPluginManager: Mounting plugin MobileLauncherProfileWizard
LogPluginManager: Mounting plugin PluginBrowser
LogPluginManager: Mounting plugin SpeedTreeImporter
LogPluginManager: Mounting plugin AlembicImporter
LogPluginManager: Mounting plugin CharacterAI
LogPluginManager: Mounting plugin HTML5Networking
LogPluginManager: Mounting plugin AndroidMedia
LogPluginManager: Mounting plugin AvfMedia
LogPluginManager: Mounting plugin MediaPlayerEditor
LogPluginManager: Mounting plugin WmfMedia
LogPluginManager: Mounting plugin TcpMessaging
LogPluginManager: Mounting plugin UdpMessaging
LogPluginManager: Mounting plugin LevelSequenceEditor
LogPluginManager: Mounting plugin MatineeToLevelSequence
LogPluginManager: Mounting plugin OnlineSubsystemGooglePlay
LogPluginManager: Mounting plugin OnlineSubsystemIOS
LogPluginManager: Mounting plugin OnlineSubsystem
LogPluginManager: Mounting plugin OnlineSubsystemNull
LogPluginManager: Mounting plugin OnlineSubsystemUtils
LogPluginManager: Mounting plugin AndroidDeviceProfileSelector
LogPluginManager: Mounting plugin AndroidMoviePlayer
LogPluginManager: Mounting plugin AndroidPermission
LogPluginManager: Mounting plugin AppleMoviePlayer
LogPluginManager: Mounting plugin ArchVisCharacter
LogPluginManager: Mounting plugin CableComponent
LogPluginManager: Mounting plugin CustomMeshComponent
LogPluginManager: Mounting plugin ExampleDeviceProfileSelector
LogPluginManager: Mounting plugin GoogleCloudMessaging
LogPluginManager: Mounting plugin ImmediatePhysics
LogPluginManager: Mounting plugin IOSDeviceProfileSelector
LogPluginManager: Mounting plugin LinuxDeviceProfileSelector
LogPluginManager: Mounting plugin LocationServicesBPLibrary
LogPluginManager: Mounting plugin MobilePatchingUtils
LogPluginManager: Mounting plugin OculusVR
LogPluginManager: Mounting plugin PhysXVehicles
LogPluginManager: Mounting plugin ProceduralMeshComponent
LogPluginManager: Mounting plugin RuntimePhysXCooking
LogPluginManager: Mounting plugin SteamVR
LogPluginManager: Mounting plugin WindowsMoviePlayer
LogInit: Using libcurl 7.47.1
LogInit:  - built for x86_64-pc-win32
LogInit:  - supports SSL with OpenSSL/1.0.2g
LogInit:  - supports HTTP deflate (compression) using libz 1.2.8
LogInit:  - other features:
LogInit:      CURL_VERSION_SSL
LogInit:      CURL_VERSION_LIBZ
LogInit:      CURL_VERSION_IPV6
LogInit:      CURL_VERSION_ASYNCHDNS
LogInit:      CURL_VERSION_LARGEFILE
LogInit:      CURL_VERSION_IDN
LogInit:  CurlRequestOptions (configurable via config and command line):
LogInit:  - bVerifyPeer = false  - Libcurl will NOT verify peer certificate
LogInit:  - bUseHttpProxy = false  - Libcurl will NOT use HTTP proxy
LogInit:  - bDontReuseConnections = false  - Libcurl will reuse connections
LogInit:  - CertBundlePath = nullptr  - Libcurl will use whatever was configured at build time.
LogInit: Build: ++UE4+Release-4.17-CL-3658906
LogInit: Engine Version: 4.17.2-3658906+++UE4+Release-4.17
LogInit: Compatible Engine Version: 4.17.0-3573198+++UE4+Release-4.17
LogInit: Net CL: 3573198
LogDevObjectVersion: Number of dev versions registered: 16
LogDevObjectVersion:   Dev-Blueprints (B0D832E4-1F89-4F0D-ACCF-7EB736FD4AA2): 10
LogDevObjectVersion:   Dev-Build (E1C64328-A22C-4D53-A36C-8E866417BD8C): 0
LogDevObjectVersion:   Dev-Core (375EC13C-06E4-48FB-B500-84F0262A717E): 2
LogDevObjectVersion:   Dev-Editor (E4B068ED-F494-42E9-A231-DA0B2E46BB41): 20
LogDevObjectVersion:   Dev-Framework (CFFC743F-43B0-4480-9391-14DF171D2073): 28
LogDevObjectVersion:   Dev-Mobile (B02B49B5-BB20-44E9-A304-32B752E40360): 0
LogDevObjectVersion:   Dev-Networking (A4E4105C-59A1-49B5-A7C5-40C4547EDFEE): 0
LogDevObjectVersion:   Dev-Online (39C831C9-5AE6-47DC-9A44-9C173E1C8E7C): 0
LogDevObjectVersion:   Dev-Physics (78F01B33-EBEA-4F98-B9B4-84EACCB95AA2): 0
LogDevObjectVersion:   Dev-Platform (6631380F-2D4D-43E0-8009-CF276956A95A): 0
LogDevObjectVersion:   Dev-Rendering (12F88B9F-8875-4AFC-A67C-D90C383ABD29): 19
LogDevObjectVersion:   Dev-Sequencer (7B5AE74C-D270-4C10-A958-57980B212A5A): 4
LogDevObjectVersion:   Dev-VR (D7296918-1DD6-4BDD-9DE2-64A83CC13884): 0
LogDevObjectVersion:   Dev-LoadTimes (C2A15278-BFE7-4AFE-6C17-90FF531DF755): 1
LogDevObjectVersion:   Private-Geometry (6EACA3D4-40EC-4CC1-B786-8BED09428FC5): 1
LogDevObjectVersion:   Dev-AnimPhys (29E575DD-E0A3-4627-9D10-D276232CDCEA): 7
LogInit: Compiled (64-bit): Sep 22 2017 13:47:16
LogInit: Compiled with Visual C++: 19.00.24215.01
LogInit: Build Configuration: Development
LogInit: Branch Name: ++UE4+Release-4.17
LogInit: Command line:  
LogInit: Base directory: C:/Program Files/Epic Games/UE_4.17/Engine/Binaries/Win64/
LogInit: Installed Engine Build: 1
LogInit: Presizing for max 8388607 objects, including 0 objects not considered by GC, pre-allocating 0 bytes for permanent pool.
LogInit: Object subsystem initialized
[2017.10.04-16.40.52:966][  0]LogInit: Selected Device Profile: [Windows]
[2017.10.04-16.40.52:966][  0]LogInit: Applying CVar settings loaded from the selected device profile: [Windows]
[2017.10.04-16.40.52:977][  0]LogInit: Computer: DESKTOP-FPBIT5V
[2017.10.04-16.40.52:977][  0]LogInit: User: Pyos
[2017.10.04-16.40.52:977][  0]LogInit: CPU Page size=4096, Cores=4
[2017.10.04-16.40.52:977][  0]LogInit: High frequency timer resolution =3.027270 MHz
[2017.10.04-16.40.52:977][  0]LogMemory: Memory total: Physical=16.0GB (16GB approx)
[2017.10.04-16.40.52:977][  0]LogMemory: Platform Memory Stats for Windows
[2017.10.04-16.40.52:977][  0]LogMemory: Process Physical Memory: 279.24 MB used, 279.24 MB peak
[2017.10.04-16.40.52:977][  0]LogMemory: Process Virtual Memory: 282.29 MB used, 282.29 MB peak
[2017.10.04-16.40.52:977][  0]LogMemory: Physical Memory: 6222.14 MB used,  10114.14 MB free, 16336.28 MB total
[2017.10.04-16.40.52:977][  0]LogMemory: Virtual Memory: 677.18 MB used,  10114.14 MB free, 134217728.00 MB total
[2017.10.04-16.40.53:192][  0]LogInit: Using OS detected language (it-IT).
[2017.10.04-16.40.53:193][  0]LogInit: Using OS detected locale (it-IT).
[2017.10.04-16.40.53:197][  0]LogTextLocalizationManager: No localization for 'it-IT' exists, so 'en' will be used for the language.
[2017.10.04-16.40.53:197][  0]LogTextLocalizationManager: No localization for 'it-IT' exists, so 'en' will be used for the locale.
[2017.10.04-16.40.53:936][  0]LogD3D11RHI: D3D11 adapters:
[2017.10.04-16.40.54:506][  0]LogD3D11RHI:    0. 'NVIDIA GeForce GTX 970' (Feature Level 11_0)
[2017.10.04-16.40.54:506][  0]LogD3D11RHI:       4059/0/8168 MB DedicatedVideo/DedicatedSystem/SharedSystem, Outputs:2, VendorId:0x10de
[2017.10.04-16.40.54:508][  0]LogD3D11RHI:    1. 'Microsoft Basic Render Driver' (Feature Level 11_0)
[2017.10.04-16.40.54:508][  0]LogD3D11RHI:       0/0/8168 MB DedicatedVideo/DedicatedSystem/SharedSystem, Outputs:0, VendorId:0x1414
[2017.10.04-16.40.54:508][  0]LogD3D11RHI: Chosen D3D11 Adapter: 0
[2017.10.04-16.40.54:513][  0]LogD3D11RHI: Creating new Direct3DDevice
[2017.10.04-16.40.54:513][  0]LogD3D11RHI:     GPU DeviceId: 0x13c2 (for the marketing name, search the web for "GPU Device Id")
[2017.10.04-16.40.54:513][  0]LogWindows: EnumDisplayDevices:
[2017.10.04-16.40.54:513][  0]LogWindows:    0. 'NVIDIA GeForce GTX 970' (P:1 D:1)
[2017.10.04-16.40.54:514][  0]LogWindows:    1. 'NVIDIA GeForce GTX 970' (P:0 D:1)
[2017.10.04-16.40.54:514][  0]LogWindows:    2. 'NVIDIA GeForce GTX 970' (P:0 D:0)
[2017.10.04-16.40.54:514][  0]LogWindows:    3. 'NVIDIA GeForce GTX 970' (P:0 D:0)
[2017.10.04-16.40.54:514][  0]LogWindows: DebugString: FoundDriverCount:4 
[2017.10.04-16.40.54:514][  0]LogD3D11RHI:     Adapter Name: NVIDIA GeForce GTX 970
[2017.10.04-16.40.54:514][  0]LogD3D11RHI:   Driver Version: 382.05 (internal:22.21.13.8205, unified:382.05)
[2017.10.04-16.40.54:514][  0]LogD3D11RHI:      Driver Date: 5-1-2017
[2017.10.04-16.40.54:514][  0]LogRHI: Texture pool is 1361 MB (70% of 1945 MB)
[2017.10.04-16.40.55:059][  0]LogD3D11RHI: Async texture creation enabled
[2017.10.04-16.40.55:090][  0]LogD3D11RHI: GPU Timing Frequency: 1000.000000 (Debug: 2 1)
[2017.10.04-16.40.55:142][  0]LogShaderCompilers: Guid format shader working directory is -25 characters bigger than the processId version (../../../../../../Users/Pyos/Documents/Unreal Projects/AresProject1_0/Intermediate/Shaders/WorkingDirectory/11312/).
[2017.10.04-16.40.55:142][  0]LogShaderCompilers: Cleaned the shader compiler working directory 'C:/Users/Pyos/AppData/Local/Temp/UnrealShaderWorkingDir/211CD7DF46919725843CFD892400790D/'.
[2017.10.04-16.40.55:142][  0]LogShaderCompilers: Display: Using Local Shader Compiler.
[2017.10.04-16.40.56:208][  0]LogTemp: Display: Loaded TP AllDesktopTargetPlatform
[2017.10.04-16.40.56:277][  0]LogTemp: Display: Loaded TP MacClientTargetPlatform
[2017.10.04-16.40.56:346][  0]LogTemp: Display: Loaded TP MacNoEditorTargetPlatform
[2017.10.04-16.40.56:414][  0]LogTemp: Display: Loaded TP MacServerTargetPlatform
[2017.10.04-16.40.56:487][  0]LogTemp: Display: Loaded TP MacTargetPlatform
[2017.10.04-16.40.56:554][  0]LogTemp: Display: Loaded TP WindowsClientTargetPlatform
[2017.10.04-16.40.56:629][  0]LogTemp: Display: Loaded TP WindowsNoEditorTargetPlatform
[2017.10.04-16.40.56:699][  0]LogTemp: Display: Loaded TP WindowsServerTargetPlatform
[2017.10.04-16.40.56:763][  0]LogTemp: Display: Loaded TP WindowsTargetPlatform
[2017.10.04-16.40.56:834][  0]LogTemp: Display: Loaded TP AndroidTargetPlatform
[2017.10.04-16.40.56:905][  0]LogTemp: Display: Loaded TP Android_ASTCTargetPlatform
[2017.10.04-16.40.56:975][  0]LogTemp: Display: Loaded TP Android_ATCTargetPlatform
[2017.10.04-16.40.57:047][  0]LogTemp: Display: Loaded TP Android_DXTTargetPlatform
[2017.10.04-16.40.57:116][  0]LogTemp: Display: Loaded TP Android_ETC1TargetPlatform
[2017.10.04-16.40.57:188][  0]LogTemp: Display: Loaded TP Android_ETC2TargetPlatform
[2017.10.04-16.40.57:333][  0]LogTemp: Display: Loaded TP Android_MultiTargetPlatform
[2017.10.04-16.40.57:333][  0]LogTemp: Display: Loaded TP Android_PVRTCTargetPlatform
[2017.10.04-16.40.57:391][  0]LogTemp: Display: Loaded TP HTML5TargetPlatform
[2017.10.04-16.40.57:517][  0]LogTemp: Display: Loaded TP IOSTargetPlatform
[2017.10.04-16.40.57:559][  0]LogTemp: Display: Loaded TP TVOSTargetPlatform
[2017.10.04-16.40.57:631][  0]LogTemp: Display: Loaded TP LinuxClientTargetPlatform
[2017.10.04-16.40.57:705][  0]LogTemp: Display: Loaded TP LinuxNoEditorTargetPlatform
[2017.10.04-16.40.57:778][  0]LogTemp: Display: Loaded TP LinuxServerTargetPlatform
[2017.10.04-16.40.57:850][  0]LogTemp: Display: Loaded TP LinuxTargetPlatform
[2017.10.04-16.40.57:850][  0]LogTargetPlatformManager: Display: Building Assets For Windows
[2017.10.04-16.40.58:544][  0]LogDerivedDataCache: Display: Max Cache Size: 512 MB
[2017.10.04-16.40.58:663][  0]LogDerivedDataCache: Loaded boot cache 0.12s 93MB C:/Users/Pyos/AppData/Local/UnrealEngine/4.17/DerivedDataCache/Boot.ddc.
[2017.10.04-16.40.58:663][  0]LogDerivedDataCache: Display: Loaded Boot cache: C:/Users/Pyos/AppData/Local/UnrealEngine/4.17/DerivedDataCache/Boot.ddc
[2017.10.04-16.40.58:664][  0]LogDerivedDataCache: FDerivedDataBackendGraph:  Pak pak cache file ../../../../../../Users/Pyos/Documents/Unreal Projects/AresProject1_0/DerivedDataCache/DDC.ddp not found, will not use a pak cache.
[2017.10.04-16.40.58:664][  0]LogDerivedDataCache: Unable to find inner node Pak for hierarchical cache Hierarchy.
[2017.10.04-16.40.58:664][  0]LogDerivedDataCache: FDerivedDataBackendGraph:  CompressedPak pak cache file ../../../../../../Users/Pyos/Documents/Unreal Projects/AresProject1_0/DerivedDataCache/Compressed.ddp not found, will not use a pak cache.
[2017.10.04-16.40.58:664][  0]LogDerivedDataCache: Unable to find inner node CompressedPak for hierarchical cache Hierarchy.
[2017.10.04-16.40.58:681][  0]LogDerivedDataCache: Display: Pak cache opened for reading ../../../Engine/DerivedDataCache/Compressed.ddp.
[2017.10.04-16.40.58:694][  0]LogDerivedDataCache: Using Local data cache path C:/Users/Pyos/AppData/Local/UnrealEngine/Common/DerivedDataCache: Writable
[2017.10.04-16.40.58:707][  0]LogMaterial: Verifying Global Shaders for PCD3D_SM5
[2017.10.04-16.40.58:708][  0]LogSlate: Using Freetype 2.6.0
[2017.10.04-16.40.58:708][  0]LogSlate: SlateFontCache - WITH_FREETYPE: 1, WITH_HARFBUZZ: 1
[2017.10.04-16.40.58:708][  0]LogSlate: SlateFontCache - WITH_FREETYPE: 1, WITH_HARFBUZZ: 1
[2017.10.04-16.40.59:057][  0]LogAssetRegistry: FAssetRegistry took 0.0273 seconds to start up
[2017.10.04-16.40.59:212][  0]LogInit: Selected Device Profile: [Windows]
[2017.10.04-16.40.59:379][  0]LogContentStreaming: Texture pool size is 0.00 MB
[2017.10.04-16.40.59:791][  0]LogSimplygon: Simplygon DLL not present - disabling.
[2017.10.04-16.40.59:854][  0]LogMeshReduction: Using SimplygonSwarm for distributed automatic mesh merging
[2017.10.04-16.40.59:854][  0]LogMeshReduction: Using QuadricMeshReduction for automatic static mesh reduction
[2017.10.04-16.40.59:854][  0]LogMeshReduction: No automatic skeletal mesh reduction module available
[2017.10.04-16.40.59:854][  0]LogMeshReduction: No automatic mesh merging module available
[2017.10.04-16.40.59:854][  0]LogMeshMerging: No automatic mesh merging module available
[2017.10.04-16.41.00:266][  0]LogNetVersion: AresProject1_0 , NetCL: 3573198, EngineNetVer: 2, GameNetVer: 0 (Checksum: 1364426671)
[2017.10.04-16.41.00:515][  0]LogPackageLocalizationCache: Processed 5 localized package path(s) for 1 prioritized culture(s) in 0.037315 seconds
[2017.10.04-16.41.00:522][  0]LogUObjectArray: 35825 objects as part of root set at end of initial load.
[2017.10.04-16.41.00:522][  0]LogUObjectAllocator: 7529112 out of 0 bytes used by permanent object pool.
[2017.10.04-16.41.00:522][  0]LogUObjectArray: CloseDisregardForGC: 0/0 objects in disregard for GC pool
[2017.10.04-16.41.00:611][  0]LogInit: WinSock: version 1.1 (2.2), MaxSocks=32767, MaxUdp=65467
[2017.10.04-16.41.03:901][  0]LogTcpMessaging: Initializing TcpMessaging bridge
[2017.10.04-16.41.03:951][  0]LogUdpMessaging: Initializing bridge on interface 0.0.0.0:0 to multicast group 230.0.0.1:6666.
[2017.10.04-16.41.04:823][  0]LogMaterial: Uniform references updated for custom material expression Custom.
[2017.10.04-16.41.05:368][  0]SourceControl: Source control is disabled
[2017.10.04-16.41.05:368][  0]SourceControl: Source control is disabled
[2017.10.04-16.41.05:438][  0]SourceControl: Source control is disabled
[2017.10.04-16.41.05:506][  0]SourceControl: Source control is disabled
[2017.10.04-16.41.06:342][  0]LogAndroidPermission: UAndroidPermissionCallbackProxy::GetInstance
[2017.10.04-16.41.06:699][  0]LogOcInput: OculusInput pre-init called
[2017.10.04-16.41.07:097][  0]LogEngine: Initializing Engine...
[2017.10.04-16.41.07:100][  0]LogHMD: Failed to initialize OpenVR with code 110
[2017.10.04-16.41.07:386][  0]LogStats: UGameplayTagsManager::ConstructGameplayTagTree: Construct from data asset -  0.000 s
[2017.10.04-16.41.07:386][  0]LogStats: UGameplayTagsManager::ConstructGameplayTagTree: GameplayTagTreeChangedEvent.Broadcast -  0.000 s
[2017.10.04-16.41.07:595][  0]LogAIModule: Creating AISystem for world Untitled
[2017.10.04-16.41.07:610][  0]LogInit: XAudio2 using 'Altoparlanti (Realtek High Definition Audio)' : 2 channels at 48 kHz using 32 bits per sample (channel mask 0x3)
[2017.10.04-16.41.07:628][  0]LogInit: FAudioDevice initialized.
[2017.10.04-16.41.07:856][  0]LogDerivedDataCache: Saved boot cache 0.23s 93MB C:/Users/Pyos/AppData/Local/UnrealEngine/4.17/DerivedDataCache/Boot.ddc.
[2017.10.04-16.41.07:861][  0]LogInit: Texture streaming: Enabled
[2017.10.04-16.41.08:023][  0]LogEngineSessionManager: EngineSessionManager initialized
[2017.10.04-16.41.08:375][  0]LogInit: Transaction tracking system initialized
[2017.10.04-16.41.08:886][  0]BlueprintLog: New page: Editor Load
[2017.10.04-16.41.10:233][  0]LocalizationService: Localization service is disabled
[2017.10.04-16.41.11:302][  0]LogConsoleResponse: Display: 
[2017.10.04-16.41.11:535][  0]LogCook: Display: Max memory allowance for cook 16384mb min free memory 0mb
[2017.10.04-16.41.11:536][  0]LogCook: Display: Mobile HDR setting 1
[2017.10.04-16.41.11:536][  0]LogGameplayTags: Display: UGameplayTagsManager::DoneAddingNativeTags. DelegateIsBound: 0
[2017.10.04-16.41.12:301][  0]LogFileCache: Scanning file cache for directory 'C:/Users/Pyos/Documents/Unreal Projects/AresProject1_0/Content/' took 0.02s
[2017.10.04-16.41.13:076][  0]SourceControl: Source control is disabled
[2017.10.04-16.41.13:076][  0]Cmd: MAP LOAD FILE="../../../../../../Users/Pyos/Documents/Unreal Projects/AresProject1_0/Content/ThirdPersonBP/Maps/ThirdPersonExampleMap.umap" TEMPLATE=0 SHOWPROGRESS=1 FEATURELEVEL=3
[2017.10.04-16.41.13:076][  0]LogEditorServer: Warning: Can't find file '../../../../../../Users/Pyos/Documents/Unreal Projects/AresProject1_0/Content/ThirdPersonBP/Maps/ThirdPersonExampleMap.umap'
[2017.10.04-16.41.13:076][  0]Cmd: MAP CHECKDEP NOCLEARLOG
[2017.10.04-16.41.13:137][  0]MapCheck: Map check complete: 0 Error(s), 0 Warning(s), took 61.1ms to complete.
[2017.10.04-16.41.13:137][  0]LogFileHelpers: Loading map 'ThirdPersonExampleMap' took 0.062
[2017.10.04-16.41.13:264][  0]LogCollectionManager: Loaded 0 collections in 0.001450 seconds
[2017.10.04-16.41.13:374][  0]LogFileCache: Scanning file cache for directory 'C:/Users/Pyos/Documents/Unreal Projects/AresProject1_0/Saved/Collections/' took 0.01s
[2017.10.04-16.41.13:375][  0]LogFileCache: Scanning file cache for directory 'C:/Users/Pyos/Documents/Unreal Projects/AresProject1_0/Content/Developers/Pyos/Collections/' took 0.01s
[2017.10.04-16.41.13:375][  0]LogFileCache: Scanning file cache for directory 'C:/Users/Pyos/Documents/Unreal Projects/AresProject1_0/Content/Collections/' took 0.01s
[2017.10.04-16.41.13:375][  0]LogCollectionManager: Rebuilt the GUID cache for 0 collections in 0.000001 seconds
[2017.10.04-16.41.13:386][  0]LogContentBrowser: Native class hierarchy populated in 0.0108 seconds. Added 2386 classes and 500 folders.
[2017.10.04-16.41.13:497][  0]LogContentBrowser: Native class hierarchy updated for 'WidgetCarousel' in 0.0007 seconds. Added 0 classes and 0 folders.
[2017.10.04-16.41.13:549][  0]LogContentBrowser: Native class hierarchy updated for 'AddContentDialog' in 0.0007 seconds. Added 0 classes and 0 folders.
[2017.10.04-16.41.13:612][  0]LogContentBrowser: Native class hierarchy updated for 'SceneOutliner' in 0.0010 seconds. Added 1 classes and 2 folders.
[2017.10.04-16.41.13:810][  0]LogSlate: Took 0.000458 seconds to synchronously load lazily loaded font '../../../Engine/Content/Slate/Fonts/Roboto-Regular.ttf' (155K)
[2017.10.04-16.41.13:814][  0]LogSlate: Took 0.000240 seconds to synchronously load lazily loaded font '../../../Engine/Content/Slate/Fonts/Roboto-Bold.ttf' (160K)
[2017.10.04-16.41.13:816][  0]LogSlate: Took 0.000152 seconds to synchronously load lazily loaded font '../../../Engine/Content/Editor/Slate/Fonts/FontAwesome.ttf' (139K)
[2017.10.04-16.41.13:953][  0]LogRenderer: Reallocating scene render targets to support 1276x952 Format 10 NumSamples 1 (Frame:1).
[2017.10.04-16.41.14:099][  0]LogContentBrowser: Native class hierarchy updated for 'HierarchicalLODOutliner' in 0.0007 seconds. Added 1 classes and 2 folders.
[2017.10.04-16.41.14:100][  0]LogLoad: (Engine Initialization) Total time: 23.01 seconds
[2017.10.04-16.41.14:100][  0]LogLoad: (Engine Initialization) Total Blueprint compile time: 0.00 seconds
[2017.10.04-16.41.14:100][  0]LogExternalProfiler: Found external profiler: VSPerf
[2017.10.04-16.41.14:100][  0]LogExternalProfiler: Using external profiler: VSPerf
[2017.10.04-16.41.14:120][  0]LogWindowsTextInputMethodSystem: Display: IME system now deactivated.
[2017.10.04-16.41.14:140][  0]LogContentStreaming: Texture pool size now 1000 MB
[2017.10.04-16.41.14:163][  0]LogSlate: Took 0.000495 seconds to synchronously load lazily loaded font '../../../Engine/Content/Slate/Fonts/Roboto-Light.ttf' (159K)
[2017.10.04-16.41.14:216][  1]LogAssetRegistry: Asset discovery search completed in 15.1800 seconds
[2017.10.04-16.41.14:217][  1]LogCollectionManager: Rebuilt the object cache for 0 collections in 0.000001 seconds (found 0 objects)
[2017.10.04-16.41.14:217][  1]LogCollectionManager: Fixed up redirectors for 0 collections in 0.000042 seconds (updated 0 objects)
[2017.10.04-16.44.01:494][767]SourceControl: On branch master
[2017.10.04-16.44.01:494][767]SourceControl: Your branch is up-to-date with 'origin/master'.
[2017.10.04-16.44.01:494][767]SourceControl: Changes not staged for commit:
[2017.10.04-16.44.01:494][767]SourceControl:   (use "git add/rm <file>..." to update what will be committed)
[2017.10.04-16.44.01:494][767]SourceControl:   (use "git checkout -- <file>..." to discard changes in working directory)
[2017.10.04-16.44.01:494][767]SourceControl: 	deleted:    Content/Levels/ThirdPersonBP/Maps/ThirdPersonExampleMap.umap
[2017.10.04-16.44.01:494][767]SourceControl: 	deleted:    Content/Mannequin/Animations/ThirdPersonIdle.uasset
[2017.10.04-16.44.01:494][767]SourceControl: 	deleted:    Content/Mannequin/Animations/ThirdPersonJump_End.uasset
[2017.10.04-16.44.01:495][767]SourceControl: 	deleted:    Content/Mannequin/Animations/ThirdPersonJump_Loop.uasset
[2017.10.04-16.44.01:495][767]SourceControl: 	deleted:    Content/Mannequin/Animations/ThirdPersonJump_Start.uasset
[2017.10.04-16.44.01:495][767]SourceControl: 	deleted:    Content/Mannequin/Animations/ThirdPersonRun.uasset
[2017.10.04-16.44.01:495][767]SourceControl: 	deleted:    Content/Mannequin/Animations/ThirdPersonWalk.uasset
[2017.10.04-16.44.01:495][767]SourceControl: 	deleted:    Content/Mannequin/Animations/ThirdPerson_AnimBP.uasset
[2017.10.04-16.44.01:495][767]SourceControl: 	deleted:    Content/Mannequin/Animations/ThirdPerson_IdleRun_2D.uasset
[2017.10.04-16.44.01:495][767]SourceControl: 	deleted:    Content/Mannequin/Animations/ThirdPerson_Jump.uasset
[2017.10.04-16.44.01:495][767]SourceControl: 	deleted:    Content/Mannequin/Character/Materials/M_UE4Man_Body.uasset
[2017.10.04-16.44.01:495][767]SourceControl: 	deleted:    Content/Mannequin/Character/Materials/M_UE4Man_ChestLogo.uasset
[2017.10.04-16.44.01:495][767]SourceControl: 	deleted:    Content/Mannequin/Character/Materials/MaterialLayers/ML_GlossyBlack_Latex_UE4.uasset
[2017.10.04-16.44.01:495][767]SourceControl: 	deleted:    Content/Mannequin/Character/Materials/MaterialLayers/ML_Plastic_Shiny_Beige.uasset
[2017.10.04-16.44.01:495][767]SourceControl: 	deleted:    Content/Mannequin/Character/Materials/MaterialLayers/ML_Plastic_Shiny_Beige_LOGO.uasset
[2017.10.04-16.44.01:495][767]SourceControl: 	deleted:    Content/Mannequin/Character/Materials/MaterialLayers/ML_SoftMetal_UE4.uasset
[2017.10.04-16.44.01:495][767]SourceControl: 	deleted:    Content/Mannequin/Character/Materials/MaterialLayers/T_ML_Aluminum01.uasset
[2017.10.04-16.44.01:495][767]SourceControl: 	deleted:    Content/Mannequin/Character/Materials/MaterialLayers/T_ML_Aluminum01_N.uasset
[2017.10.04-16.44.01:495][767]SourceControl: 	deleted:    Content/Mannequin/Character/Materials/MaterialLayers/T_ML_Rubber_Blue_01_D.uasset
[2017.10.04-16.44.01:495][767]SourceControl: 	deleted:    Content/Mannequin/Character/Materials/MaterialLayers/T_ML_Rubber_Blue_01_N.uasset
[2017.10.04-16.44.01:495][767]SourceControl: 	deleted:    Content/Mannequin/Character/Mesh/SK_Mannequin.uasset
[2017.10.04-16.44.01:495][767]SourceControl: 	deleted:    Content/Mannequin/Character/Mesh/SK_Mannequin_PhysicsAsset.uasset
[2017.10.04-16.44.01:495][767]SourceControl: 	deleted:    Content/Mannequin/Character/Mesh/UE4_Mannequin_Skeleton.uasset
[2017.10.04-16.44.01:495][767]SourceControl: 	deleted:    Content/Mannequin/Character/Textures/UE4Man_Logo_N.uasset
[2017.10.04-16.44.01:495][767]SourceControl: 	deleted:    Content/Mannequin/Character/Textures/UE4_LOGO_CARD.uasset
[2017.10.04-16.44.01:495][767]SourceControl: 	deleted:    Content/Mannequin/Character/Textures/UE4_Mannequin_MAT_MASKA.uasset
[2017.10.04-16.44.01:495][767]SourceControl: 	deleted:    Content/Mannequin/Character/Textures/UE4_Mannequin__normals.uasset
[2017.10.04-16.44.01:495][767]SourceControl: 	deleted:    Content/Objects/ThirdPerson/Meshes/Bump_StaticMesh.uasset
[2017.10.04-16.44.01:495][767]SourceControl: 	deleted:    Content/Objects/ThirdPerson/Meshes/LeftArm_StaticMesh.uasset
[2017.10.04-16.44.01:495][767]SourceControl: 	deleted:    Content/Objects/ThirdPerson/Meshes/Linear_Stair_StaticMesh.uasset
[2017.10.04-16.44.01:495][767]SourceControl: 	deleted:    Content/Objects/ThirdPerson/Meshes/RampMaterial.uasset
[2017.10.04-16.44.01:495][767]SourceControl: 	deleted:    Content/Objects/ThirdPerson/Meshes/Ramp_StaticMesh.uasset
[2017.10.04-16.44.01:495][767]SourceControl: 	deleted:    Content/Objects/ThirdPerson/Meshes/RightArm_StaticMesh.uasset
[2017.10.04-16.44.01:495][767]SourceControl: 	deleted:    Content/StarterContent/Architecture/Floor_400x400.uasset
[2017.10.04-16.44.01:495][767]SourceControl: 	deleted:    Content/StarterContent/Architecture/Pillar_50x500.uasset
[2017.10.04-16.44.01:495][767]SourceControl: 	deleted:    Content/StarterContent/Architecture/SM_AssetPlatform.uasset
[2017.10.04-16.44.01:495][767]SourceControl: 	deleted:    Content/StarterContent/Architecture/Wall_400x200.uasset
[2017.10.04-16.44.01:495][767]SourceControl: 	deleted:    Content/StarterContent/Architecture/Wall_400x300.uasset
[2017.10.04-16.44.01:495][767]SourceControl: 	deleted:    Content/StarterContent/Architecture/Wall_400x400.uasset
[2017.10.04-16.44.01:495][767]SourceControl: 	deleted:    Content/StarterContent/Architecture/Wall_500x500.uasset
[2017.10.04-16.44.01:495][767]SourceControl: 	deleted:    Content/StarterContent/Architecture/Wall_Door_400x300.uasset
[2017.10.04-16.44.01:495][767]SourceControl: 	deleted:    Content/StarterContent/Architecture/Wall_Door_400x400.uasset
[2017.10.04-16.44.01:496][767]SourceControl: 	deleted:    Content/StarterContent/Architecture/Wall_Window_400x300.uasset
[2017.10.04-16.44.01:496][767]SourceControl: 	deleted:    Content/StarterContent/Architecture/Wall_Window_400x400.uasset
[2017.10.04-16.44.01:496][767]SourceControl: 	deleted:    Content/StarterContent/Audio/Collapse01.uasset
[2017.10.04-16.44.01:496][767]SourceControl: 	deleted:    Content/StarterContent/Audio/Collapse02.uasset
[2017.10.04-16.44.01:496][767]SourceControl: 	deleted:    Content/StarterContent/Audio/Collapse_Cue.uasset
[2017.10.04-16.44.01:496][767]SourceControl: 	deleted:    Content/StarterContent/Audio/Explosion01.uasset
[2017.10.04-16.44.01:496][767]SourceControl: 	deleted:    Content/StarterContent/Audio/Explosion02.uasset
[2017.10.04-16.44.01:496][767]SourceControl: 	deleted:    Content/StarterContent/Audio/Explosion_Cue.uasset
[2017.10.04-16.44.01:496][767]SourceControl: 	deleted:    Content/StarterContent/Audio/Fire01.uasset
[2017.10.04-16.44.01:496][767]SourceControl: 	deleted:    Content/StarterContent/Audio/Fire01_Cue.uasset
[2017.10.04-16.44.01:496][767]SourceControl: 	deleted:    Content/StarterContent/Audio/Fire_Sparks01.uasset
[2017.10.04-16.44.01:496][767]SourceControl: 	deleted:    Content/StarterContent/Audio/Fire_Sparks01_Cue.uasset
[2017.10.04-16.44.01:496][767]SourceControl: 	deleted:    Content/StarterContent/Audio/Light01.uasset
[2017.10.04-16.44.01:496][767]SourceControl: 	deleted:    Content/StarterContent/Audio/Light01_Cue.uasset
[2017.10.04-16.44.01:496][767]SourceControl: 	deleted:    Content/StarterContent/Audio/Light02.uasset
[2017.10.04-16.44.01:496][767]SourceControl: 	deleted:    Content/StarterContent/Audio/Light02_Cue.uasset
[2017.10.04-16.44.01:496][767]SourceControl: 	deleted:    Content/StarterContent/Audio/Smoke01.uasset
[2017.10.04-16.44.01:496][767]SourceControl: 	deleted:    Content/StarterContent/Audio/Smoke01_Cue.uasset
[2017.10.04-16.44.01:496][767]SourceControl: 	deleted:    Content/StarterContent/Audio/Starter_Background_Cue.uasset
[2017.10.04-16.44.01:496][767]SourceControl: 	deleted:    Content/StarterContent/Audio/Starter_Birds01.uasset
[2017.10.04-16.44.01:496][767]SourceControl: 	deleted:    Content/StarterContent/Audio/Starter_Music01.uasset
[2017.10.04-16.44.01:496][767]SourceControl: 	deleted:    Content/StarterContent/Audio/Starter_Music_Cue.uasset
[2017.10.04-16.44.01:496][767]SourceControl: 	deleted:    Content/StarterContent/Audio/Starter_Wind05.uasset
[2017.10.04-16.44.01:496][767]SourceControl: 	deleted:    Content/StarterContent/Audio/Starter_Wind06.uasset
[2017.10.04-16.44.01:496][767]SourceControl: 	deleted:    Content/StarterContent/Audio/Steam01.uasset
[2017.10.04-16.44.01:496][767]SourceControl: 	deleted:    Content/StarterContent/Audio/Steam01_Cue.uasset
[2017.10.04-16.44.01:496][767]SourceControl: 	deleted:    Content/StarterContent/Blueprints/Assets/FogBrightnessLUT.uasset
[2017.10.04-16.44.01:496][767]SourceControl: 	deleted:    Content/StarterContent/Blueprints/Assets/M_LightStage_Arrows.uasset
[2017.10.04-16.44.01:496][767]SourceControl: 	deleted:    Content/StarterContent/Blueprints/Assets/M_LightStage_Skybox_Black.uasset
[2017.10.04-16.44.01:496][767]SourceControl: 	deleted:    Content/StarterContent/Blueprints/Assets/M_LightStage_Skybox_HDRI.uasset
[2017.10.04-16.44.01:496][767]SourceControl: 	deleted:    Content/StarterContent/Blueprints/Assets/M_LightStage_Skybox_Master.uasset
[2017.10.04-16.44.01:496][767]SourceControl: 	deleted:    Content/StarterContent/Blueprints/Assets/SM_Arrows.uasset
[2017.10.04-16.44.01:496][767]SourceControl: 	deleted:    Content/StarterContent/Blueprints/Assets/Skybox.uasset
[2017.10.04-16.44.01:496][767]SourceControl: 	deleted:    Content/StarterContent/Blueprints/Assets/SunlightColorLUT.uasset
[2017.10.04-16.44.01:496][767]SourceControl: 	deleted:    Content/StarterContent/Blueprints/BP_LightStudio.uasset
[2017.10.04-16.44.01:496][767]SourceControl: 	deleted:    Content/StarterContent/Blueprints/Blueprint_CeilingLight.uasset
[2017.10.04-16.44.01:496][767]SourceControl: 	deleted:    Content/StarterContent/Blueprints/Blueprint_Effect_Explosion.uasset
[2017.10.04-16.44.01:496][767]SourceControl: 	deleted:    Content/StarterContent/Blueprints/Blueprint_Effect_Fire.uasset
[2017.10.04-16.44.01:496][767]SourceControl: 	deleted:    Content/StarterContent/Blueprints/Blueprint_Effect_Smoke.uasset
[2017.10.04-16.44.01:496][767]SourceControl: 	deleted:    Content/StarterContent/Blueprints/Blueprint_Effect_Sparks.uasset
[2017.10.04-16.44.01:496][767]SourceControl: 	deleted:    Content/StarterContent/Blueprints/Blueprint_Effect_Steam.uasset
[2017.10.04-16.44.01:496][767]SourceControl: 	deleted:    Content/StarterContent/Blueprints/Blueprint_WallSconce.uasset
[2017.10.04-16.44.01:496][767]SourceControl: 	deleted:    Content/StarterContent/HDRI/HDRI_Epic_Courtyard_Daylight.uasset
[2017.10.04-16.44.01:496][767]SourceControl: 	deleted:    Content/StarterContent/Maps/Advanced_Lighting.umap
[2017.10.04-16.44.01:497][767]SourceControl: 	deleted:    Content/StarterContent/Maps/Advanced_Lighting_BuiltData.uasset
[2017.10.04-16.44.01:497][767]SourceControl: 	deleted:    Content/StarterContent/Maps/Minimal_Default.umap
[2017.10.04-16.44.01:497][767]SourceControl: 	deleted:    Content/StarterContent/Maps/Minimal_Default_BuiltData.uasset
[2017.10.04-16.44.01:497][767]SourceControl: 	deleted:    Content/StarterContent/Maps/StarterMap.umap
[2017.10.04-16.44.01:497][767]SourceControl: 	deleted:    Content/StarterContent/Maps/StarterMap_BuiltData.uasset
[2017.10.04-16.44.01:497][767]SourceControl: 	deleted:    Content/StarterContent/Materials/M_AssetPlatform.uasset
[2017.10.04-16.44.01:497][767]SourceControl: 	deleted:    Content/StarterContent/Materials/M_Basic_Floor.uasset
[2017.10.04-16.44.01:497][767]SourceControl: 	deleted:    Content/StarterContent/Materials/M_Basic_Wall.uasset
[2017.10.04-16.44.01:497][767]SourceControl: 	deleted:    Content/StarterContent/Materials/M_Brick_Clay_Beveled.uasset
[2017.10.04-16.44.01:497][767]SourceControl: 	deleted:    Content/StarterContent/Materials/M_Brick_Clay_New.uasset
[2017.10.04-16.44.01:497][767]SourceControl: 	deleted:    Content/StarterContent/Materials/M_Brick_Clay_Old.uasset
[2017.10.04-16.44.01:497][767]SourceControl: 	deleted:    Content/StarterContent/Materials/M_Brick_Cut_Stone.uasset
[2017.10.04-16.44.01:497][767]SourceControl: 	deleted:    Content/StarterContent/Materials/M_Brick_Hewn_Stone.uasset
[2017.10.04-16.44.01:497][767]SourceControl: 	deleted:    Content/StarterContent/Materials/M_Ceramic_Tile_Checker.uasset
[2017.10.04-16.44.01:497][767]SourceControl: 	deleted:    Content/StarterContent/Materials/M_CobbleStone_Pebble.uasset
[2017.10.04-16.44.01:497][767]SourceControl: 	deleted:    Content/StarterContent/Materials/M_CobbleStone_Rough.uasset
[2017.10.04-16.44.01:497][767]SourceControl: 	deleted:    Content/StarterContent/Materials/M_CobbleStone_Smooth.uasset
[2017.10.04-16.44.01:497][767]SourceControl: 	deleted:    Content/StarterContent/Materials/M_ColorGrid_LowSpec.uasset
[2017.10.04-16.44.01:497][767]SourceControl: 	deleted:    Content/StarterContent/Materials/M_Concrete_Grime.uasset
[2017.10.04-16.44.01:497][767]SourceControl: 	deleted:    Content/StarterContent/Materials/M_Concrete_Panels.uasset
[2017.10.04-16.44.01:497][767]SourceControl: 	deleted:    Content/StarterContent/Materials/M_Concrete_Poured.uasset
[2017.10.04-16.44.01:497][767]SourceControl: 	deleted:    Content/StarterContent/Materials/M_Concrete_Tiles.uasset
[2017.10.04-16.44.01:497][767]SourceControl: 	deleted:    Content/StarterContent/Materials/M_Glass.uasset
[2017.10.04-16.44.01:497][767]SourceControl: 	deleted:    Content/StarterContent/Materials/M_Ground_Grass.uasset
[2017.10.04-16.44.01:497][767]SourceControl: 	deleted:    Content/StarterContent/Materials/M_Ground_Gravel.uasset
[2017.10.04-16.44.01:497][767]SourceControl: 	deleted:    Content/StarterContent/Materials/M_Ground_Moss.uasset
[2017.10.04-16.44.01:497][767]SourceControl: 	deleted:    Content/StarterContent/Materials/M_Metal_Brushed_Nickel.uasset
[2017.10.04-16.44.01:497][767]SourceControl: 	deleted:    Content/StarterContent/Materials/M_Metal_Burnished_Steel.uasset
[2017.10.04-16.44.01:497][767]SourceControl: 	deleted:    Content/StarterContent/Materials/M_Metal_Chrome.uasset
[2017.10.04-16.44.01:497][767]SourceControl: 	deleted:    Content/StarterContent/Materials/M_Metal_Copper.uasset
[2017.10.04-16.44.01:497][767]SourceControl: 	deleted:    Content/StarterContent/Materials/M_Metal_Gold.uasset
[2017.10.04-16.44.01:497][767]SourceControl: 	deleted:    Content/StarterContent/Materials/M_Metal_Rust.uasset
[2017.10.04-16.44.01:497][767]SourceControl: 	deleted:    Content/StarterContent/Materials/M_Metal_Steel.uasset
[2017.10.04-16.44.01:497][767]SourceControl: 	deleted:    Content/StarterContent/Materials/M_Rock_Basalt.uasset
[2017.10.04-16.44.01:497][767]SourceControl: 	deleted:    Content/StarterContent/Materials/M_Rock_Marble_Polished.uasset
[2017.10.04-16.44.01:497][767]SourceControl: 	deleted:    Content/StarterContent/Materials/M_Rock_Sandstone.uasset
[2017.10.04-16.44.01:497][767]SourceControl: 	deleted:    Content/StarterContent/Materials/M_Rock_Slate.uasset
[2017.10.04-16.44.01:497][767]SourceControl: 	deleted:    Content/StarterContent/Materials/M_Tech_Checker_Dot.uasset
[2017.10.04-16.44.01:497][767]SourceControl: 	deleted:    Content/StarterContent/Materials/M_Tech_Hex_Tile.uasset
[2017.10.04-16.44.01:497][767]SourceControl: 	deleted:    Content/StarterContent/Materials/M_Tech_Hex_Tile_Pulse.uasset
[2017.10.04-16.44.01:497][767]SourceControl: 	deleted:    Content/StarterContent/Materials/M_Tech_Panel.uasset
[2017.10.04-16.44.01:497][767]SourceControl: 	deleted:    Content/StarterContent/Materials/M_Water_Lake.uasset
[2017.10.04-16.44.01:497][767]SourceControl: 	deleted:    Content/StarterContent/Materials/M_Water_Ocean.uasset
[2017.10.04-16.44.01:497][767]SourceControl: 	deleted:    Content/StarterContent/Materials/M_Wood_Floor_Walnut_Polished.uasset
[2017.10.04-16.44.01:497][767]SourceControl: 	deleted:    Content/StarterContent/Materials/M_Wood_Floor_Walnut_Worn.uasset
[2017.10.04-16.44.01:497][767]SourceControl: 	deleted:    Content/StarterContent/Materials/M_Wood_Oak.uasset
[2017.10.04-16.44.01:497][767]SourceControl: 	deleted:    Content/StarterContent/Materials/M_Wood_Pine.uasset
[2017.10.04-16.44.01:498][767]SourceControl: 	deleted:    Content/StarterContent/Materials/M_Wood_Walnut.uasset
[2017.10.04-16.44.01:498][767]SourceControl: 	deleted:    Content/StarterContent/Particles/Materials/M_Burst.uasset
[2017.10.04-16.44.01:498][767]SourceControl: 	deleted:    Content/StarterContent/Particles/Materials/M_Dust_Particle.uasset
[2017.10.04-16.44.01:498][767]SourceControl: 	deleted:    Content/StarterContent/Particles/Materials/M_Fire_SubUV.uasset
[2017.10.04-16.44.01:498][767]SourceControl: 	deleted:    Content/StarterContent/Particles/Materials/M_Heat_Distortion.uasset
[2017.10.04-16.44.01:498][767]SourceControl: 	deleted:    Content/StarterContent/Particles/Materials/M_Radial_Gradient.uasset
[2017.10.04-16.44.01:498][767]SourceControl: 	deleted:    Content/StarterContent/Particles/Materials/M_Spark.uasset
[2017.10.04-16.44.01:498][767]SourceControl: 	deleted:    Content/StarterContent/Particles/Materials/M_explosion_subUV.uasset
[2017.10.04-16.44.01:498][767]SourceControl: 	deleted:    Content/StarterContent/Particles/Materials/M_radial_ramp.uasset
[2017.10.04-16.44.01:498][767]SourceControl: 	deleted:    Content/StarterContent/Particles/Materials/M_smoke_subUV.uasset
[2017.10.04-16.44.01:498][767]SourceControl: 	deleted:    Content/StarterContent/Particles/Materials/m_flare_01.uasset
[2017.10.04-16.44.01:498][767]SourceControl: 	deleted:    Content/StarterContent/Particles/P_Ambient_Dust.uasset
[2017.10.04-16.44.01:498][767]SourceControl: 	deleted:    Content/StarterContent/Particles/P_Explosion.uasset
[2017.10.04-16.44.01:498][767]SourceControl: 	deleted:    Content/StarterContent/Particles/P_Fire.uasset
[2017.10.04-16.44.01:498][767]SourceControl: 	deleted:    Content/StarterContent/Particles/P_Smoke.uasset
[2017.10.04-16.44.01:498][767]SourceControl: 	deleted:    Content/StarterContent/Particles/P_Sparks.uasset
[2017.10.04-16.44.01:498][767]SourceControl: 	deleted:    Content/StarterContent/Particles/P_Steam_Lit.uasset
[2017.10.04-16.44.01:498][767]SourceControl: 	deleted:    Content/StarterContent/Props/MaterialSphere.uasset
[2017.10.04-16.44.01:498][767]SourceControl: 	deleted:    Content/StarterContent/Props/Materials/M_Bush.uasset
[2017.10.04-16.44.01:498][767]SourceControl: 	deleted:    Content/StarterContent/Props/Materials/M_Chair.uasset
[2017.10.04-16.44.01:498][767]SourceControl: 	deleted:    Content/StarterContent/Props/Materials/M_Door.uasset
[2017.10.04-16.44.01:498][767]SourceControl: 	deleted:    Content/StarterContent/Props/Materials/M_Frame.uasset
[2017.10.04-16.44.01:498][767]SourceControl: 	deleted:    Content/StarterContent/Props/Materials/M_Lamp.uasset
[2017.10.04-16.44.01:498][767]SourceControl: 	deleted:    Content/StarterContent/Props/Materials/M_MaterialSphere.uasset
[2017.10.04-16.44.01:498][767]SourceControl: 	deleted:    Content/StarterContent/Props/Materials/M_MaterialSphere_Plain.uasset
[2017.10.04-16.44.01:498][767]SourceControl: 	deleted:    Content/StarterContent/Props/Materials/M_Rock.uasset
[2017.10.04-16.44.01:498][767]SourceControl: 	deleted:    Content/StarterContent/Props/Materials/M_Shelf.uasset
[2017.10.04-16.44.01:498][767]SourceControl: 	deleted:    Content/StarterContent/Props/Materials/M_Statue.uasset
[2017.10.04-16.44.01:498][767]SourceControl: 	deleted:    Content/StarterContent/Props/Materials/M_StatueGlass.uasset
[2017.10.04-16.44.01:498][767]SourceControl: 	deleted:    Content/StarterContent/Props/Materials/M_TableRound.uasset
[2017.10.04-16.44.01:498][767]SourceControl: 	deleted:    Content/StarterContent/Props/SM_Bush.uasset
[2017.10.04-16.44.01:498][767]SourceControl: 	deleted:    Content/StarterContent/Props/SM_Chair.uasset
[2017.10.04-16.44.01:498][767]SourceControl: 	deleted:    Content/StarterContent/Props/SM_CornerFrame.uasset
[2017.10.04-16.44.01:498][767]SourceControl: 	deleted:    Content/StarterContent/Props/SM_Couch.uasset
[2017.10.04-16.44.01:498][767]SourceControl: 	deleted:    Content/StarterContent/Props/SM_Door.uasset
[2017.10.04-16.44.01:498][767]SourceControl: 	deleted:    Content/StarterContent/Props/SM_DoorFrame.uasset
[2017.10.04-16.44.01:498][767]SourceControl: 	deleted:    Content/StarterContent/Props/SM_GlassWindow.uasset
[2017.10.04-16.44.01:498][767]SourceControl: 	deleted:    Content/StarterContent/Props/SM_Lamp_Ceiling.uasset
[2017.10.04-16.44.01:498][767]SourceControl: 	deleted:    Content/StarterContent/Props/SM_Lamp_Wall.uasset
[2017.10.04-16.44.01:498][767]SourceControl: 	deleted:    Content/StarterContent/Props/SM_MatPreviewMesh_02.uasset
[2017.10.04-16.44.01:498][767]SourceControl: 	deleted:    Content/StarterContent/Props/SM_PillarFrame.uasset
[2017.10.04-16.44.01:498][767]SourceControl: 	deleted:    Content/StarterContent/Props/SM_PillarFrame300.uasset
[2017.10.04-16.44.01:498][767]SourceControl: 	deleted:    Content/StarterContent/Props/SM_Rock.uasset
[2017.10.04-16.44.01:498][767]SourceControl: 	deleted:    Content/StarterContent/Props/SM_Shelf.uasset
[2017.10.04-16.44.01:498][767]SourceControl: 	deleted:    Content/StarterContent/Props/SM_Stairs.uasset
[2017.10.04-16.44.01:498][767]SourceControl: 	deleted:    Content/StarterContent/Props/SM_Statue.uasset
[2017.10.04-16.44.01:498][767]SourceControl: 	deleted:    Content/StarterContent/Props/SM_TableRound.uasset
[2017.10.04-16.44.01:498][767]SourceControl: 	deleted:    Content/StarterContent/Props/SM_WindowFrame.uasset
[2017.10.04-16.44.01:498][767]SourceControl: 	deleted:    Content/StarterContent/Shapes/Shape_Cone.uasset
[2017.10.04-16.44.01:498][767]SourceControl: 	deleted:    Content/StarterContent/Shapes/Shape_Cube.uasset
[2017.10.04-16.44.01:498][767]SourceControl: 	deleted:    Content/StarterContent/Shapes/Shape_Cylinder.uasset
[2017.10.04-16.44.01:499][767]SourceControl: 	deleted:    Content/StarterContent/Shapes/Shape_NarrowCapsule.uasset
[2017.10.04-16.44.01:499][767]SourceControl: 	deleted:    Content/StarterContent/Shapes/Shape_Pipe.uasset
[2017.10.04-16.44.01:499][767]SourceControl: 	deleted:    Content/StarterContent/Shapes/Shape_Pipe_180.uasset
[2017.10.04-16.44.01:499][767]SourceControl: 	deleted:    Content/StarterContent/Shapes/Shape_Pipe_90.uasset
[2017.10.04-16.44.01:499][767]SourceControl: 	deleted:    Content/StarterContent/Shapes/Shape_Plane.uasset
[2017.10.04-16.44.01:499][767]SourceControl: 	deleted:    Content/StarterContent/Shapes/Shape_QuadPyramid.uasset
[2017.10.04-16.44.01:499][767]SourceControl: 	deleted:    Content/StarterContent/Shapes/Shape_Sphere.uasset
[2017.10.04-16.44.01:499][767]SourceControl: 	deleted:    Content/StarterContent/Shapes/Shape_Torus.uasset
[2017.10.04-16.44.01:499][767]SourceControl: 	deleted:    Content/StarterContent/Shapes/Shape_TriPyramid.uasset
[2017.10.04-16.44.01:499][767]SourceControl: 	deleted:    Content/StarterContent/Shapes/Shape_Trim.uasset
[2017.10.04-16.44.01:499][767]SourceControl: 	deleted:    Content/StarterContent/Shapes/Shape_Trim_90_In.uasset
[2017.10.04-16.44.01:499][767]SourceControl: 	deleted:    Content/StarterContent/Shapes/Shape_Trim_90_Out.uasset
[2017.10.04-16.44.01:499][767]SourceControl: 	deleted:    Content/StarterContent/Shapes/Shape_Tube.uasset
[2017.10.04-16.44.01:499][767]SourceControl: 	deleted:    Content/StarterContent/Shapes/Shape_Wedge_A.uasset
[2017.10.04-16.44.01:499][767]SourceControl: 	deleted:    Content/StarterContent/Shapes/Shape_Wedge_B.uasset
[2017.10.04-16.44.01:499][767]SourceControl: 	deleted:    Content/StarterContent/Shapes/Shape_WideCapsule.uasset
[2017.10.04-16.44.01:499][767]SourceControl: 	deleted:    Content/StarterContent/Textures/T_Brick_Clay_Beveled_D.uasset
[2017.10.04-16.44.01:499][767]SourceControl: 	deleted:    Content/StarterContent/Textures/T_Brick_Clay_Beveled_M.uasset
[2017.10.04-16.44.01:499][767]SourceControl: 	deleted:    Content/StarterContent/Textures/T_Brick_Clay_Beveled_N.uasset
[2017.10.04-16.44.01:499][767]SourceControl: 	deleted:    Content/StarterContent/Textures/T_Brick_Clay_New_D.uasset
[2017.10.04-16.44.01:499][767]SourceControl: 	deleted:    Content/StarterContent/Textures/T_Brick_Clay_New_M.uasset
[2017.10.04-16.44.01:499][767]SourceControl: 	deleted:    Content/StarterContent/Textures/T_Brick_Clay_New_N.uasset
[2017.10.04-16.44.01:499][767]SourceControl: 	deleted:    Content/StarterContent/Textures/T_Brick_Clay_Old_D.uasset
[2017.10.04-16.44.01:499][767]SourceControl: 	deleted:    Content/StarterContent/Textures/T_Brick_Clay_Old_N.uasset
[2017.10.04-16.44.01:499][767]SourceControl: 	deleted:    Content/StarterContent/Textures/T_Brick_Cut_Stone_D.uasset
[2017.10.04-16.44.01:499][767]SourceControl: 	deleted:    Content/StarterContent/Textures/T_Brick_Cut_Stone_N.uasset
[2017.10.04-16.44.01:499][767]SourceControl: 	deleted:    Content/StarterContent/Textures/T_Brick_Hewn_Stone_D.uasset
[2017.10.04-16.44.01:499][767]SourceControl: 	deleted:    Content/StarterContent/Textures/T_Brick_Hewn_Stone_M.uasset
[2017.10.04-16.44.01:499][767]SourceControl: 	deleted:    Content/StarterContent/Textures/T_Brick_Hewn_Stone_N.uasset
[2017.10.04-16.44.01:499][767]SourceControl: 	deleted:    Content/StarterContent/Textures/T_Burst_M.uasset
[2017.10.04-16.44.01:499][767]SourceControl: 	deleted:    Content/StarterContent/Textures/T_Bush_D.uasset
[2017.10.04-16.44.01:499][767]SourceControl: 	deleted:    Content/StarterContent/Textures/T_Bush_N.uasset
[2017.10.04-16.44.01:499][767]SourceControl: 	deleted:    Content/StarterContent/Textures/T_Ceramic_Tile_M.uasset
[2017.10.04-16.44.01:499][767]SourceControl: 	deleted:    Content/StarterContent/Textures/T_Ceramic_Tile_N.uasset
[2017.10.04-16.44.01:499][767]SourceControl: 	deleted:    Content/StarterContent/Textures/T_Chair_M.uasset
[2017.10.04-16.44.01:499][767]SourceControl: 	deleted:    Content/StarterContent/Textures/T_Chair_N.uasset
[2017.10.04-16.44.01:499][767]SourceControl: 	deleted:    Content/StarterContent/Textures/T_Checker_Noise_M.uasset
[2017.10.04-16.44.01:499][767]SourceControl: 	deleted:    Content/StarterContent/Textures/T_CobbleStone_Pebble_D.uasset
[2017.10.04-16.44.01:499][767]SourceControl: 	deleted:    Content/StarterContent/Textures/T_CobbleStone_Pebble_M.uasset
[2017.10.04-16.44.01:499][767]SourceControl: 	deleted:    Content/StarterContent/Textures/T_CobbleStone_Pebble_N.uasset
[2017.10.04-16.44.01:499][767]SourceControl: 	deleted:    Content/StarterContent/Textures/T_CobbleStone_Rough_D.uasset
[2017.10.04-16.44.01:499][767]SourceControl: 	deleted:    Content/StarterContent/Textures/T_CobbleStone_Rough_N.uasset
[2017.10.04-16.44.01:499][767]SourceControl: 	deleted:    Content/StarterContent/Textures/T_CobbleStone_Smooth_D.uasset
[2017.10.04-16.44.01:499][767]SourceControl: 	deleted:    Content/StarterContent/Textures/T_CobbleStone_Smooth_M.uasset
[2017.10.04-16.44.01:499][767]SourceControl: 	deleted:    Content/StarterContent/Textures/T_CobbleStone_Smooth_N.uasset
[2017.10.04-16.44.01:499][767]SourceControl: 	deleted:    Content/StarterContent/Textures/T_Concrete_Grime_D.uasset
[2017.10.04-16.44.01:499][767]SourceControl: 	deleted:    Content/StarterContent/Textures/T_Concrete_Panels_D.uasset
[2017.10.04-16.44.01:499][767]SourceControl: 	deleted:    Content/StarterContent/Textures/T_Concrete_Panels_N.uasset
[2017.10.04-16.44.01:499][767]SourceControl: 	deleted:    Content/StarterContent/Textures/T_Concrete_Poured_D.uasset
[2017.10.04-16.44.01:499][767]SourceControl: 	deleted:    Content/StarterContent/Textures/T_Concrete_Poured_N.uasset
[2017.10.04-16.44.01:499][767]SourceControl: 	deleted:    Content/StarterContent/Textures/T_Concrete_Tiles_D.uasset
[2017.10.04-16.44.01:499][767]SourceControl: 	deleted:    Content/StarterContent/Textures/T_Concrete_Tiles_M.uasset
[2017.10.04-16.44.01:499][767]SourceControl: 	deleted:    Content/StarterContent/Textures/T_Concrete_Tiles_N.uasset
[2017.10.04-16.44.01:500][767]SourceControl: 	deleted:    Content/StarterContent/Textures/T_Concrete_Tiles_Variation_M.uasset
[2017.10.04-16.44.01:500][767]SourceControl: 	deleted:    Content/StarterContent/Textures/T_Detail_Rocky_N.uasset
[2017.10.04-16.44.01:500][767]SourceControl: 	deleted:    Content/StarterContent/Textures/T_Door_M.uasset
[2017.10.04-16.44.01:500][767]SourceControl: 	deleted:    Content/StarterContent/Textures/T_Door_N.uasset
[2017.10.04-16.44.01:500][767]SourceControl: 	deleted:    Content/StarterContent/Textures/T_Dust_Particle_D.uasset
[2017.10.04-16.44.01:500][767]SourceControl: 	deleted:    Content/StarterContent/Textures/T_Explosion_SubUV.uasset
[2017.10.04-16.44.01:500][767]SourceControl: 	deleted:    Content/StarterContent/Textures/T_Fire_SubUV.uasset
[2017.10.04-16.44.01:500][767]SourceControl: 	deleted:    Content/StarterContent/Textures/T_Fire_Tiled_D.uasset
[2017.10.04-16.44.01:500][767]SourceControl: 	deleted:    Content/StarterContent/Textures/T_Frame_M.uasset
[2017.10.04-16.44.01:500][767]SourceControl: 	deleted:    Content/StarterContent/Textures/T_Frame_N.uasset
[2017.10.04-16.44.01:500][767]SourceControl: 	deleted:    Content/StarterContent/Textures/T_Gradinet_01.uasset
[2017.10.04-16.44.01:500][767]SourceControl: 	deleted:    Content/StarterContent/Textures/T_Ground_Grass_D.uasset
[2017.10.04-16.44.01:500][767]SourceControl: 	deleted:    Content/StarterContent/Textures/T_Ground_Grass_N.uasset
[2017.10.04-16.44.01:500][767]SourceControl: 	deleted:    Content/StarterContent/Textures/T_Ground_Gravel_D.uasset
[2017.10.04-16.44.01:500][767]SourceControl: 	deleted:    Content/StarterContent/Textures/T_Ground_Gravel_N.uasset
[2017.10.04-16.44.01:500][767]SourceControl: 	deleted:    Content/StarterContent/Textures/T_Ground_Moss_N.uasset
[2017.10.04-16.44.01:500][767]SourceControl: 	deleted:    Content/StarterContent/Textures/T_Lamp_M.uasset
[2017.10.04-16.44.01:500][767]SourceControl: 	deleted:    Content/StarterContent/Textures/T_Lamp_N.uasset
[2017.10.04-16.44.01:500][767]SourceControl: 	deleted:    Content/StarterContent/Textures/T_MacroVariation.uasset
[2017.10.04-16.44.01:500][767]SourceControl: 	deleted:    Content/StarterContent/Textures/T_Metal_Aluminum_D.uasset
[2017.10.04-16.44.01:500][767]SourceControl: 	deleted:    Content/StarterContent/Textures/T_Metal_Copper_D.uasset
[2017.10.04-16.44.01:500][767]SourceControl: 	deleted:    Content/StarterContent/Textures/T_Metal_Gold_D.uasset
[2017.10.04-16.44.01:500][767]SourceControl: 	deleted:    Content/StarterContent/Textures/T_Metal_Gold_N.uasset
[2017.10.04-16.44.01:500][767]SourceControl: 	deleted:    Content/StarterContent/Textures/T_Metal_Rust_D.uasset
[2017.10.04-16.44.01:500][767]SourceControl: 	deleted:    Content/StarterContent/Textures/T_Metal_Rust_N.uasset
[2017.10.04-16.44.01:500][767]SourceControl: 	deleted:    Content/StarterContent/Textures/T_Metal_Steel_D.uasset
[2017.10.04-16.44.01:500][767]SourceControl: 	deleted:    Content/StarterContent/Textures/T_Metal_Steel_N.uasset
[2017.10.04-16.44.01:500][767]SourceControl: 	deleted:    Content/StarterContent/Textures/T_Perlin_Noise_M.uasset
[2017.10.04-16.44.01:500][767]SourceControl: 	deleted:    Content/StarterContent/Textures/T_RockMesh_M.uasset
[2017.10.04-16.44.01:500][767]SourceControl: 	deleted:    Content/StarterContent/Textures/T_RockMesh_N.uasset
[2017.10.04-16.44.01:500][767]SourceControl: 	deleted:    Content/StarterContent/Textures/T_Rock_Basalt_D.uasset
[2017.10.04-16.44.01:500][767]SourceControl: 	deleted:    Content/StarterContent/Textures/T_Rock_Basalt_N.uasset
[2017.10.04-16.44.01:500][767]SourceControl: 	deleted:    Content/StarterContent/Textures/T_Rock_Marble_Polished_D.uasset
[2017.10.04-16.44.01:500][767]SourceControl: 	deleted:    Content/StarterContent/Textures/T_Rock_Sandstone_D.uasset
[2017.10.04-16.44.01:500][767]SourceControl: 	deleted:    Content/StarterContent/Textures/T_Rock_Sandstone_N.uasset
[2017.10.04-16.44.01:500][767]SourceControl: 	deleted:    Content/StarterContent/Textures/T_Rock_Slate_D.uasset
[2017.10.04-16.44.01:500][767]SourceControl: 	deleted:    Content/StarterContent/Textures/T_Rock_Slate_N.uasset
[2017.10.04-16.44.01:500][767]SourceControl: 	deleted:    Content/StarterContent/Textures/T_Rock_Smooth_Granite_D.uasset
[2017.10.04-16.44.01:500][767]SourceControl: 	deleted:    Content/StarterContent/Textures/T_Shelf_M.uasset
[2017.10.04-16.44.01:500][767]SourceControl: 	deleted:    Content/StarterContent/Textures/T_Shelf_N.uasset
[2017.10.04-16.44.01:500][767]SourceControl: 	deleted:    Content/StarterContent/Textures/T_Single_Tile_N.uasset
[2017.10.04-16.44.01:500][767]SourceControl: 	deleted:    Content/StarterContent/Textures/T_Smoke_SubUV.uasset
[2017.10.04-16.44.01:500][767]SourceControl: 	deleted:    Content/StarterContent/Textures/T_Smoke_Tiled_D.uasset
[2017.10.04-16.44.01:500][767]SourceControl: 	deleted:    Content/StarterContent/Textures/T_Spark_Core.uasset
[2017.10.04-16.44.01:500][767]SourceControl: 	deleted:    Content/StarterContent/Textures/T_Statue_M.uasset
[2017.10.04-16.44.01:500][767]SourceControl: 	deleted:    Content/StarterContent/Textures/T_Statue_N.uasset
[2017.10.04-16.44.01:500][767]SourceControl: 	deleted:    Content/StarterContent/Textures/T_TableRound_M.uasset
[2017.10.04-16.44.01:500][767]SourceControl: 	deleted:    Content/StarterContent/Textures/T_TableRound_N.uasset
[2017.10.04-16.44.01:500][767]SourceControl: 	deleted:    Content/StarterContent/Textures/T_Tech_Dot_M.uasset
[2017.10.04-16.44.01:500][767]SourceControl: 	deleted:    Content/StarterContent/Textures/T_Tech_Dot_N.uasset
[2017.10.04-16.44.01:500][767]SourceControl: 	deleted:    Content/StarterContent/Textures/T_Tech_Hex_Tile_M.uasset
[2017.10.04-16.44.01:500][767]SourceControl: 	deleted:    Content/StarterContent/Textures/T_Tech_Hex_Tile_N.uasset
[2017.10.04-16.44.01:500][767]SourceControl: 	deleted:    Content/StarterContent/Textures/T_Tech_Panel_M.uasset
[2017.10.04-16.44.01:500][767]SourceControl: 	deleted:    Content/StarterContent/Textures/T_Tech_Panel_N.uasset
[2017.10.04-16.44.01:501][767]SourceControl: 	deleted:    Content/StarterContent/Textures/T_Water_M.uasset
[2017.10.04-16.44.01:501][767]SourceControl: 	deleted:    Content/StarterContent/Textures/T_Water_N.uasset
[2017.10.04-16.44.01:501][767]SourceControl: 	deleted:    Content/StarterContent/Textures/T_Wood_Floor_Walnut_D.uasset
[2017.10.04-16.44.01:501][767]SourceControl: 	deleted:    Content/StarterContent/Textures/T_Wood_Floor_Walnut_M.uasset
[2017.10.04-16.44.01:501][767]SourceControl: 	deleted:    Content/StarterContent/Textures/T_Wood_Floor_Walnut_N.uasset
[2017.10.04-16.44.01:501][767]SourceControl: 	deleted:    Content/StarterContent/Textures/T_Wood_Oak_D.uasset
[2017.10.04-16.44.01:501][767]SourceControl: 	deleted:    Content/StarterContent/Textures/T_Wood_Oak_N.uasset
[2017.10.04-16.44.01:501][767]SourceControl: 	deleted:    Content/StarterContent/Textures/T_Wood_Pine_D.uasset
[2017.10.04-16.44.01:501][767]SourceControl: 	deleted:    Content/StarterContent/Textures/T_Wood_Pine_N.uasset
[2017.10.04-16.44.01:501][767]SourceControl: 	deleted:    Content/StarterContent/Textures/T_Wood_Walnut_D.uasset
[2017.10.04-16.44.01:501][767]SourceControl: 	deleted:    Content/StarterContent/Textures/T_Wood_Walnut_N.uasset
[2017.10.04-16.44.01:501][767]SourceControl: 	deleted:    Content/StarterContent/Textures/T_ground_Moss_D.uasset
[2017.10.04-16.44.01:501][767]SourceControl: 	deleted:    Content/ThirdPerson/Meshes/Bump_StaticMesh.uasset
[2017.10.04-16.44.01:501][767]SourceControl: 	deleted:    Content/ThirdPerson/Meshes/LeftArm_StaticMesh.uasset
[2017.10.04-16.44.01:501][767]SourceControl: 	deleted:    Content/ThirdPerson/Meshes/Linear_Stair_StaticMesh.uasset
[2017.10.04-16.44.01:501][767]SourceControl: 	deleted:    Content/ThirdPerson/Meshes/RampMaterial.uasset
[2017.10.04-16.44.01:501][767]SourceControl: 	deleted:    Content/ThirdPerson/Meshes/Ramp_StaticMesh.uasset
[2017.10.04-16.44.01:501][767]SourceControl: 	deleted:    Content/ThirdPerson/Meshes/RightArm_StaticMesh.uasset
[2017.10.04-16.44.01:501][767]SourceControl: 	deleted:    Content/ThirdPersonBP/Blueprints/ThirdPersonCharacter.uasset
[2017.10.04-16.44.01:501][767]SourceControl: 	deleted:    Content/ThirdPersonBP/Blueprints/ThirdPersonGameMode.uasset
[2017.10.04-16.44.01:501][767]SourceControl: 	deleted:    Content/ThirdPersonBP/Maps/ThirdPersonExampleMap.umap
[2017.10.04-16.44.01:501][767]SourceControl: 	deleted:    Content/ThirdPersonBP/Maps/ThirdPersonExampleMap_BuiltData.uasset
[2017.10.04-16.44.01:501][767]SourceControl: 	deleted:    Content/ThirdPersonBP/ThirdPersonOverview.uasset
[2017.10.04-16.44.01:501][767]SourceControl: 	modified:   Intermediate/CachedAssetRegistry.bin
[2017.10.04-16.44.01:501][767]SourceControl: Untracked files:
[2017.10.04-16.44.01:501][767]SourceControl:   (use "git add <file>..." to include in what will be committed)
[2017.10.04-16.44.01:501][767]SourceControl: 	Content/Audio/
[2017.10.04-16.44.01:501][767]SourceControl: 	Content/Characters/
[2017.10.04-16.44.01:501][767]SourceControl: 	Content/Geometry/Blueprints/
[2017.10.04-16.44.01:501][767]SourceControl: 	Content/Geometry/Meshes/Bump_StaticMesh.uasset
[2017.10.04-16.44.01:501][767]SourceControl: 	Content/Geometry/Meshes/Floor_400x400.uasset
[2017.10.04-16.44.01:501][767]SourceControl: 	Content/Geometry/Meshes/LeftArm_StaticMesh.uasset
[2017.10.04-16.44.01:501][767]SourceControl: 	Content/Geometry/Meshes/Linear_Stair_StaticMesh.uasset
[2017.10.04-16.44.01:501][767]SourceControl: 	Content/Geometry/Meshes/RampMaterial.uasset
[2017.10.04-16.44.01:501][767]SourceControl: 	Content/Geometry/Meshes/Ramp_StaticMesh.uasset
[2017.10.04-16.44.01:501][767]SourceControl: 	Content/Geometry/Meshes/RightArm_StaticMesh.uasset
[2017.10.04-16.44.01:501][767]SourceControl: 	Content/Geometry/Models/Assets/
[2017.10.04-16.44.01:501][767]SourceControl: 	Content/Geometry/Models/M_Basic_Floor.uasset
[2017.10.04-16.44.01:501][767]SourceControl: 	Content/Levels/HDRI_Epic_Courtyard_Daylight.uasset
[2017.10.04-16.44.01:501][767]SourceControl: 	Content/Levels/ThirdPersonExampleMap.umap
[2017.10.04-16.44.01:501][767]SourceControl: 	Content/Levels/ThirdPersonExampleMap_BuiltData.uasset
[2017.10.04-16.44.01:501][767]SourceControl: 	Intermediate/AssetRegistryCache/0674ed90.bin
[2017.10.04-16.44.01:501][767]SourceControl: 	Intermediate/AssetRegistryCache/311563bb.bin
[2017.10.04-16.44.01:501][767]SourceControl: 	Intermediate/AssetRegistryCache/c90e3f55.bin
[2017.10.04-16.44.01:501][767]SourceControl: 	Saved/
[2017.10.04-16.44.01:501][767]SourceControl: no changes added to commit (use "git add" and/or "git commit -a")
[2017.10.04-16.44.48:527][595]SourceControl: fatal: C:/Program Files/Epic Games/UE_4.17/Engine/Content/: 'C:/Program Files/Epic Games/UE_4.17/Engine/Content/' is outside repository
[2017.10.04-16.44.48:660][595]EditorErrors: Warning: No assets to check in!
[2017.10.04-16.45.05:176][982]LogTemp: Executing iPhonePackager certificates Engine -bundlename com.YourCompany.AresProject10
[2017.10.04-16.45.05:176][982]LogTemp: CWD: C:\Program Files\Epic Games\UE_4.17\Engine\Binaries\DotNET\IOS
[2017.10.04-16.45.05:176][982]LogTemp: Initial Dir: C:\Program Files\Epic Games\UE_4.17
[2017.10.04-16.45.05:176][982]LogTemp: Env CWD: C:\Program Files\Epic Games\UE_4.17\Engine\Binaries\DotNET\IOS
[2017.10.04-16.45.05:185][983]LogTemp: BranchPath = DESKTOP-FPBIT5V/C/Program Files/Epic Games/UE_4.17/Engine/Binaries --- GameBranchPath = DESKTOP-FPBIT5V/C/Program Files/Epic Games/UE_4.17/Engine/Binaries
[2017.10.04-16.45.05:478][ 10]LogTemp: IPP ERROR: Could not find provision directory 'C:\Users\Pyos\AppData\Local/Apple Computer/MobileDevice/Provisioning Profiles/'.
[2017.10.04-16.45.14:403][978]LogLinker: Warning: Can't find file '/Game/ThirdPersonBP/Blueprints/ThirdPersonGameMode'
[2017.10.04-16.45.14:403][978]LogLinker: Warning: Can't find file '/Game/ThirdPersonBP/Blueprints/ThirdPersonGameMode'
[2017.10.04-16.45.14:403][978]LogUObjectGlobals: Warning: Failed to find object 'Class /Game/ThirdPersonBP/Blueprints/ThirdPersonGameMode.ThirdPersonGameMode_C'
[2017.10.04-16.45.16:204][150]LogSlate: Took 0.000582 seconds to synchronously load lazily loaded font '../../../Engine/Content/Slate/Fonts/Roboto-Light.ttf' (159K)
[2017.10.04-16.45.18:652][382]SourceControl: Error: fatal: Invalid path '/Script': No such file or directory
[2017.10.04-16.45.40:224][759]SourceControl: fatal: C:/Program Files/Epic Games/UE_4.17/Engine/Content/: 'C:/Program Files/Epic Games/UE_4.17/Engine/Content/' is outside repository
[2017.10.04-16.46.23:027][759]LogSourceControl: FGitCheckInWorker: commit successful
[2017.10.04-16.46.23:116][759]SourceControl: [master 4c0832c] cancellazione file non necessari e vario
[2017.10.04-16.46.23:116][759]SourceControl:  2 files changed, 45 insertions(+), 3 deletions(-)
[2017.10.04-16.46.23:116][759]SourceControl:  create mode 100644 Content/Levels/ThirdPersonExampleMap.umap
[2017.10.04-16.46.23:125][759]SourceControl: Commited [master 4c0832c] cancellazione file non necessari e vario.
[2017.10.04-16.51.12:050][791]LogDirectoryWatcher: A directory notification failed for 'C:/Users/Pyos/Documents/Unreal Projects/AresProject1_0/Saved/Collections/' because it could not be accessed. Aborting watch request...
[2017.10.04-16.55.12:051][228]LogRenderer: Reallocating scene render targets to support 1916x1008 Format 10 NumSamples 1 (Frame:5368).
[2017.10.04-16.56.09:891][708]Cmd: QUIT_EDITOR
[2017.10.04-16.56.09:908][708]LogWindowsTextInputMethodSystem: Display: IME system now deactivated.
[2017.10.04-16.56.09:922][708]LogExit: Preparing to exit.
[2017.10.04-16.56.10:376][708]LogDirectoryWatcher: A directory notification for 'C:/Users/Pyos/Documents/Unreal Projects/AresProject1_0/Content/' was aborted.
[2017.10.04-16.56.10:394][708]LogExit: Editor shut down
[2017.10.04-16.56.10:399][708]LogExit: Transaction tracking system shut down
[2017.10.04-16.56.10:551][708]LogDirectoryWatcher: A directory notification for '../../../Engine/Content/' was aborted.
[2017.10.04-16.56.10:552][708]LogDirectoryWatcher: A directory notification for '../../../../../../Users/Pyos/Documents/Unreal Projects/AresProject1_0/Content/' was aborted.
[2017.10.04-16.56.10:552][708]LogDirectoryWatcher: A directory notification for '../../../Engine/Plugins/2D/Paper2D/Content/' was aborted.
[2017.10.04-16.56.10:552][708]LogDirectoryWatcher: A directory notification for '../../../Engine/Plugins/Runtime/Oculus/OculusVR/Content/' was aborted.
[2017.10.04-16.56.10:552][708]LogDirectoryWatcher: A directory notification for '../../../Engine/Plugins/Runtime/Steam/SteamVR/Content/' was aborted.
[2017.10.04-16.56.10:607][708]LogExit: Object subsystem successfully closed.
[2017.10.04-16.56.10:623][708]LogD3D11RHI: Shutdown
[2017.10.04-16.56.10:623][708]LogD3D11RHI: CleanupD3DDevice
[2017.10.04-16.56.10:692][708]LogD3D11RHI: ~FD3D11DynamicRHI
[2017.10.04-16.56.10:713][708]LogModuleManager: Shutting down and abandoning module ExternalImagePicker (530)
[2017.10.04-16.56.10:713][708]LogModuleManager: Shutting down and abandoning module HierarchicalLODOutliner (528)
[2017.10.04-16.56.10:713][708]LogModuleManager: Shutting down and abandoning module SceneOutliner (526)
[2017.10.04-16.56.10:713][708]LogModuleManager: Shutting down and abandoning module AddContentDialog (524)
[2017.10.04-16.56.10:713][708]LogDirectoryWatcher: A directory notification for 'C:/Program Files/Epic Games/UE_4.17/FeaturePacks/' was aborted.
[2017.10.04-16.56.10:716][708]LogModuleManager: Shutting down and abandoning module WidgetCarousel (523)
[2017.10.04-16.56.10:716][708]LogModuleManager: Shutting down and abandoning module EditorWidgets (520)
[2017.10.04-16.56.10:716][708]LogModuleManager: Shutting down and abandoning module CollectionManager (518)
[2017.10.04-16.56.10:716][708]LogDirectoryWatcher: A directory notification for 'C:/Users/Pyos/Documents/Unreal Projects/AresProject1_0/Content/Collections/' was aborted.
[2017.10.04-16.56.10:717][708]LogDirectoryWatcher: A directory notification for 'C:/Users/Pyos/Documents/Unreal Projects/AresProject1_0/Content/Developers/Pyos/Collections/' was aborted.
[2017.10.04-16.56.10:717][708]LogModuleManager: Shutting down and abandoning module FoliageEdit (516)
[2017.10.04-16.56.10:717][708]LogModuleManager: Shutting down and abandoning module LandscapeEditor (514)
[2017.10.04-16.56.10:717][708]LogModuleManager: Shutting down and abandoning module MeshPaintMode (512)
[2017.10.04-16.56.10:717][708]LogModuleManager: Shutting down and abandoning module SceneDepthPickerMode (510)
[2017.10.04-16.56.10:717][708]LogModuleManager: Shutting down and abandoning module ActorPickerMode (508)
[2017.10.04-16.56.10:717][708]LogModuleManager: Shutting down and abandoning module GeometryMode (506)
[2017.10.04-16.56.10:717][708]LogModuleManager: Shutting down and abandoning module TextureAlignMode (504)
[2017.10.04-16.56.10:717][708]LogModuleManager: Shutting down and abandoning module BspMode (502)
[2017.10.04-16.56.10:717][708]LogModuleManager: Shutting down and abandoning module PIEPreviewDeviceProfileSelector (500)
[2017.10.04-16.56.10:717][708]LogModuleManager: Shutting down and abandoning module HardwareSurvey (498)
[2017.10.04-16.56.10:717][708]LogModuleManager: Shutting down and abandoning module SequenceRecorderSections (496)
[2017.10.04-16.56.10:717][708]LogModuleManager: Shutting down and abandoning module AutomationWorker (494)
[2017.10.04-16.56.10:717][708]LogModuleManager: Shutting down and abandoning module MatineeToLevelSequence (492)
[2017.10.04-16.56.10:717][708]LogModuleManager: Shutting down and abandoning module LevelSequenceEditor (490)
[2017.10.04-16.56.10:717][708]LogModuleManager: Shutting down and abandoning module PlacementMode (489)
[2017.10.04-16.56.10:718][708]LogModuleManager: Shutting down and abandoning module WmfMediaFactory (486)
[2017.10.04-16.56.10:718][708]LogModuleManager: Shutting down and abandoning module WmfMediaEditor (484)
[2017.10.04-16.56.10:718][708]LogModuleManager: Shutting down and abandoning module AvfMediaFactory (482)
[2017.10.04-16.56.10:718][708]LogModuleManager: Shutting down and abandoning module AvfMediaEditor (480)
[2017.10.04-16.56.10:718][708]LogModuleManager: Shutting down and abandoning module AndroidMediaFactory (478)
[2017.10.04-16.56.10:718][708]LogModuleManager: Shutting down and abandoning module Media (477)
[2017.10.04-16.56.10:718][708]LogModuleManager: Shutting down and abandoning module AndroidMediaEditor (474)
[2017.10.04-16.56.10:718][708]LogModuleManager: Shutting down and abandoning module CharacterAI (472)
[2017.10.04-16.56.10:718][708]LogModuleManager: Shutting down and abandoning module AudioCapture (470)
[2017.10.04-16.56.10:718][708]LogModuleManager: Shutting down and abandoning module SequenceRecorder (469)
[2017.10.04-16.56.10:718][708]LogModuleManager: Shutting down and abandoning module SmartSnapping (466)
[2017.10.04-16.56.10:718][708]LogModuleManager: Shutting down and abandoning module SessionServices (464)
[2017.10.04-16.56.10:718][708]LogModuleManager: Shutting down and abandoning module ViewportSnapping (462)
[2017.10.04-16.56.10:718][708]LogModuleManager: Shutting down and abandoning module ViewportInteraction (460)
[2017.10.04-16.56.10:718][708]LogModuleManager: Shutting down and abandoning module ClothPainter (458)
[2017.10.04-16.56.10:718][708]LogModuleManager: Shutting down and abandoning module LogVisualizer (456)
[2017.10.04-16.56.10:718][708]LogModuleManager: Shutting down and abandoning module IntroTutorials (454)
[2017.10.04-16.56.10:718][708]LogModuleManager: Shutting down and abandoning module GameProjectGeneration (453)
[2017.10.04-16.56.10:718][708]LogModuleManager: Shutting down and abandoning module IOSPlatformEditor (450)
[2017.10.04-16.56.10:718][708]LogModuleManager: Shutting down and abandoning module HTML5PlatformEditor (448)
[2017.10.04-16.56.10:718][708]LogModuleManager: Shutting down and abandoning module AndroidPlatformEditor (446)
[2017.10.04-16.56.10:718][708]LogModuleManager: Shutting down and abandoning module AndroidDeviceDetection (445)
[2017.10.04-16.56.11:144][708]LogModuleManager: Shutting down and abandoning module WindowsPlatformEditor (442)
[2017.10.04-16.56.11:144][708]LogModuleManager: Shutting down and abandoning module IOSRuntimeSettings (440)
[2017.10.04-16.56.11:144][708]LogModuleManager: Shutting down and abandoning module AndroidRuntimeSettings (438)
[2017.10.04-16.56.11:144][708]LogModuleManager: Shutting down and abandoning module InputBindingEditor (436)
[2017.10.04-16.56.11:144][708]LogModuleManager: Shutting down and abandoning module MergeActors (434)
[2017.10.04-16.56.11:144][708]LogModuleManager: Shutting down and abandoning module SizeMap (432)
[2017.10.04-16.56.11:144][708]LogModuleManager: Shutting down and abandoning module TreeMap (430)
[2017.10.04-16.56.11:144][708]LogModuleManager: Shutting down and abandoning module ReferenceViewer (428)
[2017.10.04-16.56.11:144][708]LogModuleManager: Shutting down and abandoning module LocalizationDashboard (426)
[2017.10.04-16.56.11:144][708]LogModuleManager: Shutting down and abandoning module LocalizationService (425)
[2017.10.04-16.56.11:144][708]LogModuleManager: Shutting down and abandoning module HardwareTargeting (422)
[2017.10.04-16.56.11:144][708]LogModuleManager: Shutting down and abandoning module DeviceProfileEditor (420)
[2017.10.04-16.56.11:144][708]LogModuleManager: Shutting down and abandoning module UndoHistory (418)
[2017.10.04-16.56.11:144][708]LogModuleManager: Shutting down and abandoning module XmlParser (416)
[2017.10.04-16.56.11:144][708]LogModuleManager: Shutting down and abandoning module Blutility (414)
[2017.10.04-16.56.11:144][708]LogModuleManager: Shutting down and abandoning module ProjectSettingsViewer (412)
[2017.10.04-16.56.11:144][708]LogModuleManager: Shutting down and abandoning module ProjectTargetPlatformEditor (411)
[2017.10.04-16.56.11:145][708]LogModuleManager: Shutting down and abandoning module EditorSettingsViewer (408)
[2017.10.04-16.56.11:145][708]LogModuleManager: Shutting down and abandoning module SettingsEditor (406)
[2017.10.04-16.56.11:145][708]LogModuleManager: Shutting down and abandoning module ProjectLauncher (404)
[2017.10.04-16.56.11:145][708]LogModuleManager: Shutting down and abandoning module SessionFrontend (402)
[2017.10.04-16.56.11:145][708]LogModuleManager: Shutting down and abandoning module ProfilerClient (400)
[2017.10.04-16.56.11:145][708]LogModuleManager: Shutting down and abandoning module DeviceManager (398)
[2017.10.04-16.56.11:145][708]LogModuleManager: Shutting down and abandoning module TargetDeviceServices (397)
[2017.10.04-16.56.11:208][708]LogModuleManager: Shutting down and abandoning module AutomationController (394)
[2017.10.04-16.56.11:208][708]LogModuleManager: Shutting down and abandoning module AutomationWindow (392)
[2017.10.04-16.56.11:208][708]LogModuleManager: Shutting down and abandoning module Layers (390)
[2017.10.04-16.56.11:208][708]LogModuleManager: Shutting down and abandoning module ComponentVisualizers (388)
[2017.10.04-16.56.11:208][708]LogModuleManager: Shutting down and abandoning module DetailCustomizations (386)
[2017.10.04-16.56.11:208][708]LogModuleManager: Shutting down and abandoning module PackagesDialog (384)
[2017.10.04-16.56.11:209][708]LogModuleManager: Shutting down and abandoning module Persona (382)
[2017.10.04-16.56.11:209][708]LogModuleManager: Shutting down and abandoning module AdvancedPreviewScene (381)
[2017.10.04-16.56.11:209][708]LogModuleManager: Shutting down and abandoning module AnimGraph (379)
[2017.10.04-16.56.11:209][708]LogModuleManager: Shutting down and abandoning module Kismet (376)
[2017.10.04-16.56.11:209][708]LogModuleManager: Shutting down and abandoning module ClassViewer (374)
[2017.10.04-16.56.11:209][708]LogModuleManager: Shutting down and abandoning module Toolbox (372)
[2017.10.04-16.56.11:209][708]LogModuleManager: Shutting down and abandoning module ModuleUI (370)
[2017.10.04-16.56.11:209][708]LogModuleManager: Shutting down and abandoning module MovieSceneTools (368)
[2017.10.04-16.56.11:210][708]LogModuleManager: Shutting down and abandoning module OutputLog (366)
[2017.10.04-16.56.11:210][708]LogModuleManager: Shutting down and abandoning module GammaUI (364)
[2017.10.04-16.56.11:210][708]LogModuleManager: Shutting down and abandoning module Documentation (362)
[2017.10.04-16.56.11:210][708]LogModuleManager: Shutting down and abandoning module MovieSceneTracks (360)
[2017.10.04-16.56.11:210][708]LogModuleManager: Shutting down and abandoning module MovieScene (358)
[2017.10.04-16.56.11:210][708]LogModuleManager: Shutting down and abandoning module Niagara (356)
[2017.10.04-16.56.11:210][708]LogModuleManager: Shutting down and abandoning module NiagaraEditor (355)
[2017.10.04-16.56.11:210][708]LogModuleManager: Shutting down and abandoning module StreamingPauseRendering (352)
[2017.10.04-16.56.11:210][708]LogModuleManager: Shutting down and abandoning module LauncherPlatform (350)
[2017.10.04-16.56.11:210][708]LogModuleManager: Shutting down and abandoning module AnalyticsET (348)
[2017.10.04-16.56.11:210][708]LogModuleManager: Shutting down and abandoning module PortalServices (346)
[2017.10.04-16.56.11:210][708]LogModuleManager: Shutting down and abandoning module PortalRpc (344)
[2017.10.04-16.56.11:210][708]LogModuleManager: Shutting down and abandoning module MessagingRpc (342)
[2017.10.04-16.56.11:210][708]LogModuleManager: Shutting down and abandoning module AIModule (340)
[2017.10.04-16.56.11:211][708]LogModuleManager: Shutting down and abandoning module GameplayDebugger (339)
[2017.10.04-16.56.11:211][708]LogModuleManager: Shutting down and abandoning module AITestSuite (337)
[2017.10.04-16.56.11:211][708]LogModuleManager: Shutting down and abandoning module ProfilerService (334)
[2017.10.04-16.56.11:412][708]LogModuleManager: Shutting down and abandoning module TaskGraph (332)
[2017.10.04-16.56.11:412][708]LogModuleManager: Shutting down and abandoning module SteamVRController (330)
[2017.10.04-16.56.11:412][708]LogModuleManager: Shutting down and abandoning module ProceduralMeshComponentEditor (328)
[2017.10.04-16.56.11:412][708]LogModuleManager: Shutting down and abandoning module ProceduralMeshComponent (326)
[2017.10.04-16.56.11:412][708]LogModuleManager: Shutting down and abandoning module OculusInput (324)
[2017.10.04-16.56.11:412][708]LogModuleManager: Shutting down and abandoning module MobilePatchingUtils (322)
[2017.10.04-16.56.11:412][708]LogModuleManager: Shutting down and abandoning module CustomMeshComponent (320)
[2017.10.04-16.56.11:412][708]LogModuleManager: Shutting down and abandoning module CableComponent (318)
[2017.10.04-16.56.11:412][708]LogModuleManager: Shutting down and abandoning module ArchVisCharacter (316)
[2017.10.04-16.56.11:413][708]LogModuleManager: Shutting down and abandoning module AndroidPermission (314)
[2017.10.04-16.56.11:413][708]LogModuleManager: Shutting down and abandoning module MediaPlayerEditor (310)
[2017.10.04-16.56.11:413][708]LogModuleManager: Shutting down and abandoning module HTML5Networking (308)
[2017.10.04-16.56.11:413][708]LogModuleManager: Shutting down and abandoning module AlembicImporter (306)
[2017.10.04-16.56.11:413][708]LogModuleManager: Shutting down and abandoning module AlembicLibrary (305)
[2017.10.04-16.56.11:413][708]LogModuleManager: Shutting down and abandoning module GeometryCache (304)
[2017.10.04-16.56.11:413][708]LogModuleManager: Shutting down and abandoning module GeometryCacheEd (303)
[2017.10.04-16.56.11:413][708]LogModuleManager: Shutting down and abandoning module SpeedTreeImporter (298)
[2017.10.04-16.56.11:413][708]LogModuleManager: Shutting down and abandoning module PluginBrowser (296)
[2017.10.04-16.56.11:413][708]LogModuleManager: Shutting down and abandoning module MobileLauncherProfileWizard (294)
[2017.10.04-16.56.11:413][708]LogModuleManager: Shutting down and abandoning module VisualStudioSourceCodeAccess (292)
[2017.10.04-16.56.11:413][708]LogModuleManager: Shutting down and abandoning module DesktopPlatform (291)
[2017.10.04-16.56.11:413][708]LogModuleManager: Shutting down and abandoning module UObjectPlugin (288)
[2017.10.04-16.56.11:413][708]LogModuleManager: Shutting down and abandoning module SubversionSourceControl (286)
[2017.10.04-16.56.11:413][708]LogModuleManager: Shutting down and abandoning module PerforceSourceControl (284)
[2017.10.04-16.56.11:413][708]LogModuleManager: Shutting down and abandoning module GitSourceControl (282)
[2017.10.04-16.56.11:413][708]LogModuleManager: Shutting down and abandoning module SourceControl (281)
[2017.10.04-16.56.11:413][708]LogModuleManager: Shutting down and abandoning module LightPropagationVolumeEditor (278)
[2017.10.04-16.56.11:413][708]LogModuleManager: Shutting down and abandoning module PaperTiledImporter (276)
[2017.10.04-16.56.11:413][708]LogModuleManager: Shutting down and abandoning module PaperSpriteSheetImporter (274)
[2017.10.04-16.56.11:413][708]LogModuleManager: Shutting down and abandoning module Paper2DEditor (272)
[2017.10.04-16.56.11:413][708]LogModuleManager: Shutting down and abandoning module MeshPaint (271)
[2017.10.04-16.56.11:413][708]LogModuleManager: Shutting down and abandoning module LevelEditor (269)
[2017.10.04-16.56.11:414][708]LogModuleManager: Shutting down and abandoning module PixelInspectorModule (268)
[2017.10.04-16.56.11:414][708]LogModuleManager: Shutting down and abandoning module MainFrame (266)
[2017.10.04-16.56.11:414][708]LogModuleManager: Shutting down and abandoning module HotReload (265)
[2017.10.04-16.56.11:415][708]LogModuleManager: Shutting down and abandoning module RuntimePhysXCooking (260)
[2017.10.04-16.56.11:415][708]LogModuleManager: Shutting down and abandoning module PhysXVehiclesEditor (258)
[2017.10.04-16.56.11:415][708]LogModuleManager: Shutting down and abandoning module PhysXVehicles (256)
[2017.10.04-16.56.11:415][708]LogModuleManager: Shutting down and abandoning module OculusEditor (254)
[2017.10.04-16.56.11:415][708]LogModuleManager: Shutting down and abandoning module LocationServicesBPLibrary (252)
[2017.10.04-16.56.11:415][708]LogModuleManager: Shutting down and abandoning module ImmediatePhysicsEditor (250)
[2017.10.04-16.56.11:415][708]LogModuleManager: Shutting down and abandoning module ImmediatePhysics (248)
[2017.10.04-16.56.11:415][708]LogModuleManager: Shutting down and abandoning module UdpMessaging (246)
[2017.10.04-16.56.11:516][708]LogModuleManager: Shutting down and abandoning module TcpMessaging (244)
[2017.10.04-16.56.11:616][708]LogModuleManager: Shutting down and abandoning module GameplayTagsEditor (242)
[2017.10.04-16.56.11:616][708]LogModuleManager: Shutting down and abandoning module FacialAnimationEditor (240)
[2017.10.04-16.56.11:616][708]LogModuleManager: Shutting down and abandoning module FacialAnimation (238)
[2017.10.04-16.56.11:616][708]LogModuleManager: Shutting down and abandoning module AssetManagerEditor (236)
[2017.10.04-16.56.11:616][708]LogModuleManager: Shutting down and abandoning module GraphEditor (235)
[2017.10.04-16.56.11:616][708]LogModuleManager: Shutting down and abandoning module ContentBrowser (233)
[2017.10.04-16.56.11:617][708]LogModuleManager: Shutting down and abandoning module LightPropagationVolumeRuntime (230)
[2017.10.04-16.56.11:617][708]LogModuleManager: Shutting down and abandoning module Paper2D (228)
[2017.10.04-16.56.11:617][708]LogModuleManager: Shutting down and abandoning module WindowsMoviePlayer (226)
[2017.10.04-16.56.11:617][708]LogModuleManager: Shutting down and abandoning module WmfMedia (224)
[2017.10.04-16.56.11:617][708]LogModuleManager: Shutting down and abandoning module PacketHandler (222)
[2017.10.04-16.56.11:617][708]LogModuleManager: Shutting down and abandoning module ClothingSystemEditor (220)
[2017.10.04-16.56.11:617][708]LogModuleManager: Shutting down and abandoning module ClothingSystemRuntime (218)
[2017.10.04-16.56.11:617][708]LogModuleManager: Shutting down and abandoning module Overlay (216)
[2017.10.04-16.56.11:618][708]LogModuleManager: Shutting down and abandoning module OverlayEditor (215)
[2017.10.04-16.56.11:618][708]LogModuleManager: Shutting down and abandoning module MediaAssets (212)
[2017.10.04-16.56.11:618][708]LogModuleManager: Shutting down and abandoning module VREditor (210)
[2017.10.04-16.56.11:618][708]LogModuleManager: Shutting down and abandoning module StringTableEditor (208)
[2017.10.04-16.56.11:618][708]LogModuleManager: Shutting down and abandoning module GameplayTasksEditor (206)
[2017.10.04-16.56.11:618][708]LogModuleManager: Shutting down and abandoning module BehaviorTreeEditor (204)
[2017.10.04-16.56.11:618][708]LogModuleManager: Shutting down and abandoning module FunctionalTesting (202)
[2017.10.04-16.56.11:618][708]LogModuleManager: Shutting down and abandoning module CollisionAnalyzer (200)
[2017.10.04-16.56.11:618][708]LogModuleManager: Shutting down and abandoning module WorkspaceMenuStructure (199)
[2017.10.04-16.56.11:618][708]LogModuleManager: Shutting down and abandoning module UMG (196)
[2017.10.04-16.56.11:618][708]LogModuleManager: Shutting down and abandoning module UMGEditor (195)
[2017.10.04-16.56.11:618][708]LogModuleManager: Shutting down and abandoning module Sequencer (194)
[2017.10.04-16.56.11:618][708]LogModuleManager: Shutting down and abandoning module MessageLog (191)
[2017.10.04-16.56.11:618][708]LogModuleManager: Shutting down and abandoning module SlateReflector (186)
[2017.10.04-16.56.11:618][708]LogModuleManager: Shutting down and abandoning module Slate (184)
[2017.10.04-16.56.11:618][708]LogModuleManager: Shutting down and abandoning module EditorStyle (182)
[2017.10.04-16.56.11:621][708]LogModuleManager: Shutting down and abandoning module MRMesh (180)
[2017.10.04-16.56.11:621][708]LogModuleManager: Shutting down and abandoning module SourceCodeAccess (178)
[2017.10.04-16.56.11:621][708]LogModuleManager: Shutting down and abandoning module HeadMountedDisplay (176)
[2017.10.04-16.56.11:621][708]LogModuleManager: Shutting down and abandoning module XAudio2 (174)
[2017.10.04-16.56.11:621][708]LogModuleManager: Shutting down and abandoning module Networking (172)
[2017.10.04-16.56.11:621][708]LogModuleManager: Shutting down and abandoning module Core (168)
[2017.10.04-16.56.11:621][708]LogModuleManager: Shutting down and abandoning module KismetCompiler (164)
[2017.10.04-16.56.11:621][708]LogModuleManager: Shutting down and abandoning module LevelSequence (162)
[2017.10.04-16.56.11:621][708]LogModuleManager: Shutting down and abandoning module MeshUtilities (160)
[2017.10.04-16.56.11:621][708]LogModuleManager: Shutting down and abandoning module MeshMergeUtilities (159)
[2017.10.04-16.56.11:621][708]LogModuleManager: Shutting down and abandoning module MeshReductionInterface (158)
[2017.10.04-16.56.11:621][708]LogModuleManager: Shutting down and abandoning module SimplygonSwarm (157)
[2017.10.04-16.56.11:621][708]LogModuleManager: Shutting down and abandoning module SimplygonMeshReduction (155)
[2017.10.04-16.56.11:621][708]LogModuleManager: Shutting down and abandoning module QuadricMeshReduction (153)
[2017.10.04-16.56.11:621][708]LogModuleManager: Shutting down and abandoning module MaterialBaking (149)
[2017.10.04-16.56.11:621][708]LogModuleManager: Shutting down and abandoning module DirectoryWatcher (146)
[2017.10.04-16.56.11:621][708]LogModuleManager: Shutting down and abandoning module DerivedDataCache (144)
[2017.10.04-16.56.11:666][708]LogDerivedDataCache: Shutdown
[2017.10.04-16.56.11:666][708]LogModuleManager: Shutting down and abandoning module TargetPlatform (142)
[2017.10.04-16.56.11:666][708]LogModuleManager: Shutting down and abandoning module VulkanShaderFormat (141)
[2017.10.04-16.56.11:666][708]LogModuleManager: Shutting down and abandoning module ShaderFormatVectorVM (139)
[2017.10.04-16.56.11:666][708]LogModuleManager: Shutting down and abandoning module ShaderFormatOpenGL (137)
[2017.10.04-16.56.11:666][708]LogModuleManager: Shutting down and abandoning module ShaderFormatD3D (135)
[2017.10.04-16.56.11:666][708]LogModuleManager: Shutting down and abandoning module MetalShaderFormat (133)
[2017.10.04-16.56.11:666][708]LogModuleManager: Shutting down and abandoning module TextureFormatUncompressed (131)
[2017.10.04-16.56.11:666][708]LogModuleManager: Shutting down and abandoning module TextureFormatPVR (129)
[2017.10.04-16.56.11:666][708]LogModuleManager: Shutting down and abandoning module TextureFormatDXT (127)
[2017.10.04-16.56.11:666][708]LogModuleManager: Shutting down and abandoning module TextureFormatIntelISPCTexComp (125)
[2017.10.04-16.56.11:666][708]LogModuleManager: Shutting down and abandoning module TextureFormatASTC (123)
[2017.10.04-16.56.11:666][708]LogModuleManager: Shutting down and abandoning module ImageWrapper (122)
[2017.10.04-16.56.11:666][708]LogModuleManager: Shutting down and abandoning module TextureFormatAndroid (119)
[2017.10.04-16.56.11:666][708]LogModuleManager: Shutting down and abandoning module AudioFormatOpus (117)
[2017.10.04-16.56.11:666][708]LogModuleManager: Shutting down and abandoning module AudioFormatOgg (115)
[2017.10.04-16.56.11:666][708]LogModuleManager: Shutting down and abandoning module AudioFormatADPCM (113)
[2017.10.04-16.56.11:666][708]LogModuleManager: Shutting down and abandoning module LinuxTargetPlatform (111)
[2017.10.04-16.56.11:666][708]LogModuleManager: Shutting down and abandoning module LinuxServerTargetPlatform (109)
[2017.10.04-16.56.11:666][708]LogModuleManager: Shutting down and abandoning module LinuxNoEditorTargetPlatform (107)
[2017.10.04-16.56.11:666][708]LogModuleManager: Shutting down and abandoning module LinuxClientTargetPlatform (105)
[2017.10.04-16.56.11:666][708]LogModuleManager: Shutting down and abandoning module TVOSTargetPlatform (103)
[2017.10.04-16.56.11:666][708]LogModuleManager: Shutting down and abandoning module Messaging (101)
[2017.10.04-16.56.11:666][708]LogModuleManager: Shutting down and abandoning module IOSTargetPlatform (99)
[2017.10.04-16.56.11:666][708]LogModuleManager: Shutting down and abandoning module HTML5TargetPlatform (97)
[2017.10.04-16.56.11:666][708]LogModuleManager: Shutting down and abandoning module Android_PVRTCTargetPlatform (95)
[2017.10.04-16.56.11:666][708]LogModuleManager: Shutting down and abandoning module Android_MultiTargetPlatform (93)
[2017.10.04-16.56.11:666][708]LogModuleManager: Shutting down and abandoning module Android_ETC2TargetPlatform (91)
[2017.10.04-16.56.11:666][708]LogModuleManager: Shutting down and abandoning module Android_ETC1TargetPlatform (89)
[2017.10.04-16.56.11:666][708]LogModuleManager: Shutting down and abandoning module Android_DXTTargetPlatform (87)
[2017.10.04-16.56.11:666][708]LogModuleManager: Shutting down and abandoning module Android_ATCTargetPlatform (85)
[2017.10.04-16.56.11:666][708]LogModuleManager: Shutting down and abandoning module Android_ASTCTargetPlatform (83)
[2017.10.04-16.56.11:666][708]LogModuleManager: Shutting down and abandoning module AndroidTargetPlatform (81)
[2017.10.04-16.56.11:666][708]LogModuleManager: Shutting down and abandoning module WindowsTargetPlatform (79)
[2017.10.04-16.56.11:666][708]LogModuleManager: Shutting down and abandoning module WindowsServerTargetPlatform (77)
[2017.10.04-16.56.11:666][708]LogModuleManager: Shutting down and abandoning module WindowsNoEditorTargetPlatform (75)
[2017.10.04-16.56.11:666][708]LogModuleManager: Shutting down and abandoning module WindowsClientTargetPlatform (73)
[2017.10.04-16.56.11:666][708]LogModuleManager: Shutting down and abandoning module MacTargetPlatform (71)
[2017.10.04-16.56.11:666][708]LogModuleManager: Shutting down and abandoning module MacServerTargetPlatform (69)
[2017.10.04-16.56.11:666][708]LogModuleManager: Shutting down and abandoning module MacNoEditorTargetPlatform (67)
[2017.10.04-16.56.11:666][708]LogModuleManager: Shutting down and abandoning module MacClientTargetPlatform (65)
[2017.10.04-16.56.11:666][708]LogModuleManager: Shutting down and abandoning module AllDesktopTargetPlatform (63)
[2017.10.04-16.56.11:666][708]LogModuleManager: Shutting down and abandoning module InputCore (60)
[2017.10.04-16.56.11:667][708]LogModuleManager: Shutting down and abandoning module Settings (58)
[2017.10.04-16.56.11:667][708]LogModuleManager: Shutting down and abandoning module PhysXCooking (56)
[2017.10.04-16.56.11:667][708]LogModuleManager: Shutting down and abandoning module SteamVR (54)
[2017.10.04-16.56.11:667][708]LogModuleManager: Shutting down and abandoning module OculusHMD (52)
[2017.10.04-16.56.11:667][708]LogModuleManager: Shutting down and abandoning module ExampleDeviceProfileSelector (50)
[2017.10.04-16.56.11:667][708]LogModuleManager: Shutting down and abandoning module OnlineBlueprintSupport (48)
[2017.10.04-16.56.11:667][708]LogModuleManager: Shutting down and abandoning module OnlineSubsystem (44)
[2017.10.04-16.56.11:667][708]LogOnline: Display: Unloading online subsystem: NULL
[2017.10.04-16.56.11:667][708]LogModuleManager: Shutting down and abandoning module XMPP (43)
[2017.10.04-16.56.11:667][708]LogModuleManager: Shutting down and abandoning module HTTP (41)
[2017.10.04-16.56.11:667][708]LogHttp: Display: Http module shutting down, but needs to wait on 1 outstanding Http requests:
[2017.10.04-16.56.11:667][708]LogHttp: Display: 	verb=[POST] url=[https://datarouter.ol.epicgames.com/datarouter/api/v1/public/data?SessionID=%7B3235A7BE-4202-FC00-6255-B6AC2F34E8E4%7D&AppID=UEEditor.Rocket.Release&AppVersion=4.17.2-3658906%2B%2B%2BUE4%2BRelease-4.17&UserID=60abcf7f4a8b3833084bc08d05f1172d%7C9e8d5e437c5c4412bba3474650696154%7Cece70480-be24-414c-8953-d3fab359e705&AppEnvironment=datacollector-binary&UploadType=eteventstream] status=Processing
[2017.10.04-16.56.11:691][708]LogModuleManager: Shutting down and abandoning module SSL (40)
[2017.10.04-16.56.11:692][708]LogModuleManager: Shutting down and abandoning module AnimationModifiers (36)
[2017.10.04-16.56.11:692][708]LogModuleManager: Shutting down and abandoning module PropertyEditor (35)
[2017.10.04-16.56.11:692][708]LogModuleManager: Shutting down and abandoning module AudioEditor (32)
[2017.10.04-16.56.11:692][708]LogModuleManager: Shutting down and abandoning module TextureCompressor (30)
[2017.10.04-16.56.11:692][708]LogModuleManager: Shutting down and abandoning module ShaderCore (28)
[2017.10.04-16.56.11:692][708]LogModuleManager: Shutting down and abandoning module Landscape (26)
[2017.10.04-16.56.11:692][708]LogModuleManager: Shutting down and abandoning module SlateRHIRenderer (24)
[2017.10.04-16.56.11:693][708]LogModuleManager: Shutting down and abandoning module OpenGLDrv (22)
[2017.10.04-16.56.11:693][708]LogModuleManager: Shutting down and abandoning module D3D11RHI (20)
[2017.10.04-16.56.11:693][708]LogModuleManager: Shutting down and abandoning module AnimGraphRuntime (18)
[2017.10.04-16.56.11:693][708]LogModuleManager: Shutting down and abandoning module Renderer (16)
[2017.10.04-16.56.11:693][708]LogModuleManager: Shutting down and abandoning module Engine (14)
[2017.10.04-16.56.11:693][708]LogModuleManager: Shutting down and abandoning module CoreUObject (12)
[2017.10.04-16.56.11:693][708]LogModuleManager: Shutting down and abandoning module NetworkFile (10)
[2017.10.04-16.56.11:693][708]LogModuleManager: Shutting down and abandoning module CookedIterativeFile (8)
[2017.10.04-16.56.11:693][708]LogModuleManager: Shutting down and abandoning module StreamingFile (6)
[2017.10.04-16.56.11:693][708]LogModuleManager: Shutting down and abandoning module SandboxFile (4)
[2017.10.04-16.56.11:693][708]LogModuleManager: Shutting down and abandoning module PakFile (2)
[2017.10.04-16.56.11:696][708]LogExit: Exiting.
[2017.10.04-16.56.11:705][708]Log file closed, 10/04/17 18:56:11
