Log file open, 10/04/17 18:24:13
LogWindows: Failed to load 'aqProf.dll' (GetLastError=126)
LogWindows: File 'aqProf.dll' does not exist
LogWindows: Failed to load 'VtuneApi.dll' (GetLastError=126)
LogWindows: File 'VtuneApi.dll' does not exist
LogWindows: Failed to load 'VtuneApi32e.dll' (GetLastError=126)
LogWindows: File 'VtuneApi32e.dll' does not exist
LogInit: Display: Running engine for game: AresProject1_0
LogPlatformFile: Not using cached read wrapper
LogInit: Display: RandInit(-2081744763) SRandInit(-2081744763).
LogTaskGraph: Started task graph with 5 named threads and 14 total threads with 3 sets of task threads.
LogStats: Stats thread started at 0.169638
LogD3D11RHI: Aftermath initialized
LogPluginManager: Mounting plugin Paper2D
LogPluginManager: Mounting plugin LightPropagationVolume
LogPluginManager: Mounting plugin CodeLiteSourceCodeAccess
LogPluginManager: Mounting plugin GitSourceControl
LogPluginManager: Mounting plugin KDevelopSourceCodeAccess
LogPluginManager: Mounting plugin NullSourceCodeAccess
LogPluginManager: Mounting plugin PerforceSourceControl
LogPluginManager: Mounting plugin SubversionSourceControl
LogPluginManager: Mounting plugin UObjectPlugin
LogPluginManager: Mounting plugin VisualStudioSourceCodeAccess
LogPluginManager: Mounting plugin XCodeSourceCodeAccess
LogPluginManager: Mounting plugin AssetManagerEditor
LogPluginManager: Mounting plugin AudioCapture
LogPluginManager: Mounting plugin FacialAnimation
LogPluginManager: Mounting plugin GameplayTagsEditor
LogPluginManager: Mounting plugin MobileLauncherProfileWizard
LogPluginManager: Mounting plugin PluginBrowser
LogPluginManager: Mounting plugin SpeedTreeImporter
LogPluginManager: Mounting plugin AlembicImporter
LogPluginManager: Mounting plugin CharacterAI
LogPluginManager: Mounting plugin HTML5Networking
LogPluginManager: Mounting plugin AndroidMedia
LogPluginManager: Mounting plugin AvfMedia
LogPluginManager: Mounting plugin MediaPlayerEditor
LogPluginManager: Mounting plugin WmfMedia
LogPluginManager: Mounting plugin TcpMessaging
LogPluginManager: Mounting plugin UdpMessaging
LogPluginManager: Mounting plugin LevelSequenceEditor
LogPluginManager: Mounting plugin MatineeToLevelSequence
LogPluginManager: Mounting plugin OnlineSubsystemGooglePlay
LogPluginManager: Mounting plugin OnlineSubsystemIOS
LogPluginManager: Mounting plugin OnlineSubsystem
LogPluginManager: Mounting plugin OnlineSubsystemNull
LogPluginManager: Mounting plugin OnlineSubsystemUtils
LogPluginManager: Mounting plugin AndroidDeviceProfileSelector
LogPluginManager: Mounting plugin AndroidMoviePlayer
LogPluginManager: Mounting plugin AndroidPermission
LogPluginManager: Mounting plugin AppleMoviePlayer
LogPluginManager: Mounting plugin ArchVisCharacter
LogPluginManager: Mounting plugin CableComponent
LogPluginManager: Mounting plugin CustomMeshComponent
LogPluginManager: Mounting plugin ExampleDeviceProfileSelector
LogPluginManager: Mounting plugin GoogleCloudMessaging
LogPluginManager: Mounting plugin ImmediatePhysics
LogPluginManager: Mounting plugin IOSDeviceProfileSelector
LogPluginManager: Mounting plugin LinuxDeviceProfileSelector
LogPluginManager: Mounting plugin LocationServicesBPLibrary
LogPluginManager: Mounting plugin MobilePatchingUtils
LogPluginManager: Mounting plugin OculusVR
LogPluginManager: Mounting plugin PhysXVehicles
LogPluginManager: Mounting plugin ProceduralMeshComponent
LogPluginManager: Mounting plugin RuntimePhysXCooking
LogPluginManager: Mounting plugin SteamVR
LogPluginManager: Mounting plugin WindowsMoviePlayer
LogInit: Using libcurl 7.47.1
LogInit:  - built for x86_64-pc-win32
LogInit:  - supports SSL with OpenSSL/1.0.2g
LogInit:  - supports HTTP deflate (compression) using libz 1.2.8
LogInit:  - other features:
LogInit:      CURL_VERSION_SSL
LogInit:      CURL_VERSION_LIBZ
LogInit:      CURL_VERSION_IPV6
LogInit:      CURL_VERSION_ASYNCHDNS
LogInit:      CURL_VERSION_LARGEFILE
LogInit:      CURL_VERSION_IDN
LogInit:  CurlRequestOptions (configurable via config and command line):
LogInit:  - bVerifyPeer = false  - Libcurl will NOT verify peer certificate
LogInit:  - bUseHttpProxy = false  - Libcurl will NOT use HTTP proxy
LogInit:  - bDontReuseConnections = false  - Libcurl will reuse connections
LogInit:  - CertBundlePath = nullptr  - Libcurl will use whatever was configured at build time.
LogInit: Build: ++UE4+Release-4.17-CL-3658906
LogInit: Engine Version: 4.17.2-3658906+++UE4+Release-4.17
LogInit: Compatible Engine Version: 4.17.0-3573198+++UE4+Release-4.17
LogInit: Net CL: 3573198
LogDevObjectVersion: Number of dev versions registered: 16
LogDevObjectVersion:   Dev-Blueprints (B0D832E4-1F89-4F0D-ACCF-7EB736FD4AA2): 10
LogDevObjectVersion:   Dev-Build (E1C64328-A22C-4D53-A36C-8E866417BD8C): 0
LogDevObjectVersion:   Dev-Core (375EC13C-06E4-48FB-B500-84F0262A717E): 2
LogDevObjectVersion:   Dev-Editor (E4B068ED-F494-42E9-A231-DA0B2E46BB41): 20
LogDevObjectVersion:   Dev-Framework (CFFC743F-43B0-4480-9391-14DF171D2073): 28
LogDevObjectVersion:   Dev-Mobile (B02B49B5-BB20-44E9-A304-32B752E40360): 0
LogDevObjectVersion:   Dev-Networking (A4E4105C-59A1-49B5-A7C5-40C4547EDFEE): 0
LogDevObjectVersion:   Dev-Online (39C831C9-5AE6-47DC-9A44-9C173E1C8E7C): 0
LogDevObjectVersion:   Dev-Physics (78F01B33-EBEA-4F98-B9B4-84EACCB95AA2): 0
LogDevObjectVersion:   Dev-Platform (6631380F-2D4D-43E0-8009-CF276956A95A): 0
LogDevObjectVersion:   Dev-Rendering (12F88B9F-8875-4AFC-A67C-D90C383ABD29): 19
LogDevObjectVersion:   Dev-Sequencer (7B5AE74C-D270-4C10-A958-57980B212A5A): 4
LogDevObjectVersion:   Dev-VR (D7296918-1DD6-4BDD-9DE2-64A83CC13884): 0
LogDevObjectVersion:   Dev-LoadTimes (C2A15278-BFE7-4AFE-6C17-90FF531DF755): 1
LogDevObjectVersion:   Private-Geometry (6EACA3D4-40EC-4CC1-B786-8BED09428FC5): 1
LogDevObjectVersion:   Dev-AnimPhys (29E575DD-E0A3-4627-9D10-D276232CDCEA): 7
LogInit: Compiled (64-bit): Sep 22 2017 13:47:16
LogInit: Compiled with Visual C++: 19.00.24215.01
LogInit: Build Configuration: Development
LogInit: Branch Name: ++UE4+Release-4.17
LogInit: Command line:  
LogInit: Base directory: C:/Program Files/Epic Games/UE_4.17/Engine/Binaries/Win64/
LogInit: Installed Engine Build: 1
LogInit: Presizing for max 8388607 objects, including 0 objects not considered by GC, pre-allocating 0 bytes for permanent pool.
LogInit: Object subsystem initialized
[2017.10.04-16.24.14:044][  0]LogInit: Selected Device Profile: [Windows]
[2017.10.04-16.24.14:044][  0]LogInit: Applying CVar settings loaded from the selected device profile: [Windows]
[2017.10.04-16.24.14:064][  0]LogInit: Computer: DESKTOP-FPBIT5V
[2017.10.04-16.24.14:064][  0]LogInit: User: Pyos
[2017.10.04-16.24.14:064][  0]LogInit: CPU Page size=4096, Cores=4
[2017.10.04-16.24.14:064][  0]LogInit: High frequency timer resolution =3.027270 MHz
[2017.10.04-16.24.14:065][  0]LogMemory: Memory total: Physical=16.0GB (16GB approx)
[2017.10.04-16.24.14:065][  0]LogMemory: Platform Memory Stats for Windows
[2017.10.04-16.24.14:065][  0]LogMemory: Process Physical Memory: 279.68 MB used, 279.68 MB peak
[2017.10.04-16.24.14:065][  0]LogMemory: Process Virtual Memory: 282.41 MB used, 282.41 MB peak
[2017.10.04-16.24.14:065][  0]LogMemory: Physical Memory: 6375.03 MB used,  9961.25 MB free, 16336.28 MB total
[2017.10.04-16.24.14:065][  0]LogMemory: Virtual Memory: 677.18 MB used,  9961.25 MB free, 134217728.00 MB total
[2017.10.04-16.24.14:278][  0]LogInit: Using OS detected language (it-IT).
[2017.10.04-16.24.14:278][  0]LogInit: Using OS detected locale (it-IT).
[2017.10.04-16.24.14:282][  0]LogTextLocalizationManager: No localization for 'it-IT' exists, so 'en' will be used for the language.
[2017.10.04-16.24.14:282][  0]LogTextLocalizationManager: No localization for 'it-IT' exists, so 'en' will be used for the locale.
[2017.10.04-16.24.15:001][  0]LogD3D11RHI: D3D11 adapters:
[2017.10.04-16.24.15:567][  0]LogD3D11RHI:    0. 'NVIDIA GeForce GTX 970' (Feature Level 11_0)
[2017.10.04-16.24.15:567][  0]LogD3D11RHI:       4059/0/8168 MB DedicatedVideo/DedicatedSystem/SharedSystem, Outputs:2, VendorId:0x10de
[2017.10.04-16.24.15:568][  0]LogD3D11RHI:    1. 'Microsoft Basic Render Driver' (Feature Level 11_0)
[2017.10.04-16.24.15:568][  0]LogD3D11RHI:       0/0/8168 MB DedicatedVideo/DedicatedSystem/SharedSystem, Outputs:0, VendorId:0x1414
[2017.10.04-16.24.15:568][  0]LogD3D11RHI: Chosen D3D11 Adapter: 0
[2017.10.04-16.24.15:573][  0]LogD3D11RHI: Creating new Direct3DDevice
[2017.10.04-16.24.15:573][  0]LogD3D11RHI:     GPU DeviceId: 0x13c2 (for the marketing name, search the web for "GPU Device Id")
[2017.10.04-16.24.15:573][  0]LogWindows: EnumDisplayDevices:
[2017.10.04-16.24.15:574][  0]LogWindows:    0. 'NVIDIA GeForce GTX 970' (P:1 D:1)
[2017.10.04-16.24.15:574][  0]LogWindows:    1. 'NVIDIA GeForce GTX 970' (P:0 D:1)
[2017.10.04-16.24.15:574][  0]LogWindows:    2. 'NVIDIA GeForce GTX 970' (P:0 D:0)
[2017.10.04-16.24.15:574][  0]LogWindows:    3. 'NVIDIA GeForce GTX 970' (P:0 D:0)
[2017.10.04-16.24.15:574][  0]LogWindows: DebugString: FoundDriverCount:4 
[2017.10.04-16.24.15:574][  0]LogD3D11RHI:     Adapter Name: NVIDIA GeForce GTX 970
[2017.10.04-16.24.15:574][  0]LogD3D11RHI:   Driver Version: 382.05 (internal:22.21.13.8205, unified:382.05)
[2017.10.04-16.24.15:574][  0]LogD3D11RHI:      Driver Date: 5-1-2017
[2017.10.04-16.24.15:574][  0]LogRHI: Texture pool is 1361 MB (70% of 1945 MB)
[2017.10.04-16.24.16:105][  0]LogD3D11RHI: Async texture creation enabled
[2017.10.04-16.24.16:135][  0]LogD3D11RHI: GPU Timing Frequency: 1000.000000 (Debug: 2 1)
[2017.10.04-16.24.16:184][  0]LogShaderCompilers: Guid format shader working directory is -25 characters bigger than the processId version (../../../../../../Users/Pyos/Documents/Unreal Projects/AresProject1_0/Intermediate/Shaders/WorkingDirectory/14152/).
[2017.10.04-16.24.16:185][  0]LogShaderCompilers: Cleaned the shader compiler working directory 'C:/Users/Pyos/AppData/Local/Temp/UnrealShaderWorkingDir/D2DDBBD84A8F4B2FAB64929A4967FC71/'.
[2017.10.04-16.24.16:185][  0]LogShaderCompilers: Display: Using Local Shader Compiler.
[2017.10.04-16.24.17:216][  0]LogTemp: Display: Loaded TP AllDesktopTargetPlatform
[2017.10.04-16.24.17:281][  0]LogTemp: Display: Loaded TP MacClientTargetPlatform
[2017.10.04-16.24.17:347][  0]LogTemp: Display: Loaded TP MacNoEditorTargetPlatform
[2017.10.04-16.24.17:410][  0]LogTemp: Display: Loaded TP MacServerTargetPlatform
[2017.10.04-16.24.17:475][  0]LogTemp: Display: Loaded TP MacTargetPlatform
[2017.10.04-16.24.17:541][  0]LogTemp: Display: Loaded TP WindowsClientTargetPlatform
[2017.10.04-16.24.17:610][  0]LogTemp: Display: Loaded TP WindowsNoEditorTargetPlatform
[2017.10.04-16.24.17:679][  0]LogTemp: Display: Loaded TP WindowsServerTargetPlatform
[2017.10.04-16.24.17:737][  0]LogTemp: Display: Loaded TP WindowsTargetPlatform
[2017.10.04-16.24.17:802][  0]LogTemp: Display: Loaded TP AndroidTargetPlatform
[2017.10.04-16.24.17:865][  0]LogTemp: Display: Loaded TP Android_ASTCTargetPlatform
[2017.10.04-16.24.17:927][  0]LogTemp: Display: Loaded TP Android_ATCTargetPlatform
[2017.10.04-16.24.17:991][  0]LogTemp: Display: Loaded TP Android_DXTTargetPlatform
[2017.10.04-16.24.18:070][  0]LogTemp: Display: Loaded TP Android_ETC1TargetPlatform
[2017.10.04-16.24.18:138][  0]LogTemp: Display: Loaded TP Android_ETC2TargetPlatform
[2017.10.04-16.24.18:266][  0]LogTemp: Display: Loaded TP Android_MultiTargetPlatform
[2017.10.04-16.24.18:266][  0]LogTemp: Display: Loaded TP Android_PVRTCTargetPlatform
[2017.10.04-16.24.18:317][  0]LogTemp: Display: Loaded TP HTML5TargetPlatform
[2017.10.04-16.24.18:428][  0]LogTemp: Display: Loaded TP IOSTargetPlatform
[2017.10.04-16.24.18:466][  0]LogTemp: Display: Loaded TP TVOSTargetPlatform
[2017.10.04-16.24.18:528][  0]LogTemp: Display: Loaded TP LinuxClientTargetPlatform
[2017.10.04-16.24.18:591][  0]LogTemp: Display: Loaded TP LinuxNoEditorTargetPlatform
[2017.10.04-16.24.18:654][  0]LogTemp: Display: Loaded TP LinuxServerTargetPlatform
[2017.10.04-16.24.18:718][  0]LogTemp: Display: Loaded TP LinuxTargetPlatform
[2017.10.04-16.24.18:718][  0]LogTargetPlatformManager: Display: Building Assets For Windows
[2017.10.04-16.24.19:333][  0]LogDerivedDataCache: Display: Max Cache Size: 512 MB
[2017.10.04-16.24.19:428][  0]LogDerivedDataCache: Loaded boot cache 0.09s 93MB C:/Users/Pyos/AppData/Local/UnrealEngine/4.17/DerivedDataCache/Boot.ddc.
[2017.10.04-16.24.19:428][  0]LogDerivedDataCache: Display: Loaded Boot cache: C:/Users/Pyos/AppData/Local/UnrealEngine/4.17/DerivedDataCache/Boot.ddc
[2017.10.04-16.24.19:428][  0]LogDerivedDataCache: FDerivedDataBackendGraph:  Pak pak cache file ../../../../../../Users/Pyos/Documents/Unreal Projects/AresProject1_0/DerivedDataCache/DDC.ddp not found, will not use a pak cache.
[2017.10.04-16.24.19:428][  0]LogDerivedDataCache: Unable to find inner node Pak for hierarchical cache Hierarchy.
[2017.10.04-16.24.19:428][  0]LogDerivedDataCache: FDerivedDataBackendGraph:  CompressedPak pak cache file ../../../../../../Users/Pyos/Documents/Unreal Projects/AresProject1_0/DerivedDataCache/Compressed.ddp not found, will not use a pak cache.
[2017.10.04-16.24.19:428][  0]LogDerivedDataCache: Unable to find inner node CompressedPak for hierarchical cache Hierarchy.
[2017.10.04-16.24.19:444][  0]LogDerivedDataCache: Display: Pak cache opened for reading ../../../Engine/DerivedDataCache/Compressed.ddp.
[2017.10.04-16.24.19:456][  0]LogDerivedDataCache: Using Local data cache path C:/Users/Pyos/AppData/Local/UnrealEngine/Common/DerivedDataCache: Writable
[2017.10.04-16.24.19:468][  0]LogMaterial: Verifying Global Shaders for PCD3D_SM5
[2017.10.04-16.24.19:468][  0]LogSlate: Using Freetype 2.6.0
[2017.10.04-16.24.19:468][  0]LogSlate: SlateFontCache - WITH_FREETYPE: 1, WITH_HARFBUZZ: 1
[2017.10.04-16.24.19:468][  0]LogSlate: SlateFontCache - WITH_FREETYPE: 1, WITH_HARFBUZZ: 1
[2017.10.04-16.24.19:771][  0]LogAssetRegistry: FAssetRegistry took 0.0262 seconds to start up
[2017.10.04-16.24.19:907][  0]LogInit: Selected Device Profile: [Windows]
[2017.10.04-16.24.20:059][  0]LogContentStreaming: Texture pool size is 0.00 MB
[2017.10.04-16.24.20:422][  0]LogSimplygon: Simplygon DLL not present - disabling.
[2017.10.04-16.24.20:475][  0]LogMeshReduction: Using SimplygonSwarm for distributed automatic mesh merging
[2017.10.04-16.24.20:475][  0]LogMeshReduction: Using QuadricMeshReduction for automatic static mesh reduction
[2017.10.04-16.24.20:475][  0]LogMeshReduction: No automatic skeletal mesh reduction module available
[2017.10.04-16.24.20:475][  0]LogMeshReduction: No automatic mesh merging module available
[2017.10.04-16.24.20:475][  0]LogMeshMerging: No automatic mesh merging module available
[2017.10.04-16.24.20:846][  0]LogNetVersion: AresProject1_0 , NetCL: 3573198, EngineNetVer: 2, GameNetVer: 0 (Checksum: 1364426671)
[2017.10.04-16.24.21:069][  0]LogPackageLocalizationCache: Processed 5 localized package path(s) for 1 prioritized culture(s) in 0.041717 seconds
[2017.10.04-16.24.21:075][  0]LogUObjectArray: 35825 objects as part of root set at end of initial load.
[2017.10.04-16.24.21:075][  0]LogUObjectAllocator: 7529112 out of 0 bytes used by permanent object pool.
[2017.10.04-16.24.21:075][  0]LogUObjectArray: CloseDisregardForGC: 0/0 objects in disregard for GC pool
[2017.10.04-16.24.21:154][  0]LogInit: WinSock: version 1.1 (2.2), MaxSocks=32767, MaxUdp=65467
[2017.10.04-16.24.24:110][  0]LogTcpMessaging: Initializing TcpMessaging bridge
[2017.10.04-16.24.24:158][  0]LogUdpMessaging: Initializing bridge on interface 0.0.0.0:0 to multicast group 230.0.0.1:6666.
[2017.10.04-16.24.24:956][  0]LogMaterial: Uniform references updated for custom material expression Custom.
[2017.10.04-16.24.25:452][  0]SourceControl: Source control is disabled
[2017.10.04-16.24.25:452][  0]SourceControl: Source control is disabled
[2017.10.04-16.24.25:513][  0]SourceControl: Source control is disabled
[2017.10.04-16.24.25:573][  0]SourceControl: Source control is disabled
[2017.10.04-16.24.26:307][  0]LogAndroidPermission: UAndroidPermissionCallbackProxy::GetInstance
[2017.10.04-16.24.26:615][  0]LogOcInput: OculusInput pre-init called
[2017.10.04-16.24.26:936][  0]LogEngine: Initializing Engine...
[2017.10.04-16.24.26:938][  0]LogHMD: Failed to initialize OpenVR with code 110
[2017.10.04-16.24.27:163][  0]LogStats: UGameplayTagsManager::ConstructGameplayTagTree: Construct from data asset -  0.000 s
[2017.10.04-16.24.27:163][  0]LogStats: UGameplayTagsManager::ConstructGameplayTagTree: GameplayTagTreeChangedEvent.Broadcast -  0.000 s
[2017.10.04-16.24.27:326][  0]LogAIModule: Creating AISystem for world Untitled
[2017.10.04-16.24.27:339][  0]LogInit: XAudio2 using 'Altoparlanti (Realtek High Definition Audio)' : 2 channels at 48 kHz using 32 bits per sample (channel mask 0x3)
[2017.10.04-16.24.27:355][  0]LogInit: FAudioDevice initialized.
[2017.10.04-16.24.27:601][  0]LogDerivedDataCache: Saved boot cache 0.25s 93MB C:/Users/Pyos/AppData/Local/UnrealEngine/4.17/DerivedDataCache/Boot.ddc.
[2017.10.04-16.24.27:606][  0]LogInit: Texture streaming: Enabled
[2017.10.04-16.24.27:760][  0]LogEngineSessionManager: EngineSessionManager initialized
[2017.10.04-16.24.28:049][  0]LogInit: Transaction tracking system initialized
[2017.10.04-16.24.28:467][  0]BlueprintLog: New page: Editor Load
[2017.10.04-16.24.29:677][  0]LocalizationService: Localization service is disabled
[2017.10.04-16.24.30:566][  0]LogConsoleResponse: Display: 
[2017.10.04-16.24.30:765][  0]LogCook: Display: Max memory allowance for cook 16384mb min free memory 0mb
[2017.10.04-16.24.30:765][  0]LogCook: Display: Mobile HDR setting 1
[2017.10.04-16.24.30:765][  0]LogGameplayTags: Display: UGameplayTagsManager::DoneAddingNativeTags. DelegateIsBound: 0
[2017.10.04-16.24.31:459][  0]LogFileCache: Scanning file cache for directory 'C:/Users/Pyos/Documents/Unreal Projects/AresProject1_0/Content/' took 0.02s
[2017.10.04-16.24.32:189][  0]SourceControl: Source control is disabled
[2017.10.04-16.24.32:189][  0]Cmd: MAP LOAD FILE="../../../../../../Users/Pyos/Documents/Unreal Projects/AresProject1_0/Content/ThirdPersonBP/Maps/ThirdPersonExampleMap.umap" TEMPLATE=0 SHOWPROGRESS=1 FEATURELEVEL=3
[2017.10.04-16.24.32:189][  0]LogEditorServer: Warning: Can't find file '../../../../../../Users/Pyos/Documents/Unreal Projects/AresProject1_0/Content/ThirdPersonBP/Maps/ThirdPersonExampleMap.umap'
[2017.10.04-16.24.32:189][  0]Cmd: MAP CHECKDEP NOCLEARLOG
[2017.10.04-16.24.32:245][  0]MapCheck: Map check complete: 0 Error(s), 0 Warning(s), took 55.425ms to complete.
[2017.10.04-16.24.32:245][  0]LogFileHelpers: Loading map 'ThirdPersonExampleMap' took 0.056
[2017.10.04-16.24.32:357][  0]LogCollectionManager: Loaded 0 collections in 0.001289 seconds
[2017.10.04-16.24.32:456][  0]LogFileCache: Scanning file cache for directory 'C:/Users/Pyos/Documents/Unreal Projects/AresProject1_0/Saved/Collections/' took 0.01s
[2017.10.04-16.24.32:456][  0]LogFileCache: Scanning file cache for directory 'C:/Users/Pyos/Documents/Unreal Projects/AresProject1_0/Content/Developers/Pyos/Collections/' took 0.01s
[2017.10.04-16.24.32:456][  0]LogFileCache: Scanning file cache for directory 'C:/Users/Pyos/Documents/Unreal Projects/AresProject1_0/Content/Collections/' took 0.01s
[2017.10.04-16.24.32:456][  0]LogCollectionManager: Rebuilt the GUID cache for 0 collections in 0.000001 seconds
[2017.10.04-16.24.32:466][  0]LogContentBrowser: Native class hierarchy populated in 0.0097 seconds. Added 2386 classes and 500 folders.
[2017.10.04-16.24.32:552][  0]LogContentBrowser: Native class hierarchy updated for 'WidgetCarousel' in 0.0007 seconds. Added 0 classes and 0 folders.
[2017.10.04-16.24.32:599][  0]LogContentBrowser: Native class hierarchy updated for 'AddContentDialog' in 0.0006 seconds. Added 0 classes and 0 folders.
[2017.10.04-16.24.32:658][  0]LogContentBrowser: Native class hierarchy updated for 'SceneOutliner' in 0.0007 seconds. Added 1 classes and 2 folders.
[2017.10.04-16.24.32:833][  0]LogSlate: Took 0.000222 seconds to synchronously load lazily loaded font '../../../Engine/Content/Slate/Fonts/Roboto-Regular.ttf' (155K)
[2017.10.04-16.24.32:837][  0]LogSlate: Took 0.000286 seconds to synchronously load lazily loaded font '../../../Engine/Content/Slate/Fonts/Roboto-Bold.ttf' (160K)
[2017.10.04-16.24.32:839][  0]LogSlate: Took 0.000142 seconds to synchronously load lazily loaded font '../../../Engine/Content/Editor/Slate/Fonts/FontAwesome.ttf' (139K)
[2017.10.04-16.24.32:955][  0]LogRenderer: Reallocating scene render targets to support 1276x952 Format 10 NumSamples 1 (Frame:1).
[2017.10.04-16.24.33:100][  0]LogContentBrowser: Native class hierarchy updated for 'HierarchicalLODOutliner' in 0.0007 seconds. Added 1 classes and 2 folders.
[2017.10.04-16.24.33:101][  0]LogLoad: (Engine Initialization) Total time: 20.98 seconds
[2017.10.04-16.24.33:101][  0]LogLoad: (Engine Initialization) Total Blueprint compile time: 0.00 seconds
[2017.10.04-16.24.33:101][  0]LogExternalProfiler: Found external profiler: VSPerf
[2017.10.04-16.24.33:101][  0]LogExternalProfiler: Using external profiler: VSPerf
[2017.10.04-16.24.33:460][  0]LogContentStreaming: Texture pool size now 1000 MB
[2017.10.04-16.24.33:481][  0]LogSlate: Took 0.000190 seconds to synchronously load lazily loaded font '../../../Engine/Content/Slate/Fonts/Roboto-Light.ttf' (159K)
[2017.10.04-16.24.33:783][  1]LogAssetRegistry: Asset discovery search completed in 14.0344 seconds
[2017.10.04-16.24.33:785][  1]LogCollectionManager: Rebuilt the object cache for 0 collections in 0.000001 seconds (found 0 objects)
[2017.10.04-16.24.33:785][  1]LogCollectionManager: Fixed up redirectors for 0 collections in 0.000086 seconds (updated 0 objects)
[2017.10.04-16.24.41:121][ 23]LogEditorViewport: Clicking Background
[2017.10.04-16.25.00:274][106]LogSlate: Took 0.000184 seconds to synchronously load lazily loaded font '../../../Engine/Content/Slate/Fonts/Roboto-Light.ttf' (159K)
[2017.10.04-16.25.05:096][527]LogFileManager: Warning: Error deleting file: ../../../../../../Users/Pyos/Documents/Unreal Projects/AresProject1_0/Content/ThirdPersonBP/Maps/ThirdPersonExampleMap_BuiltData.uasset (Error Code 32)
[2017.10.04-16.25.27:664][937]LogFileManager: Warning: Error deleting file: ../../../../../../Users/Pyos/Documents/Unreal Projects/AresProject1_0/Content/ThirdPersonBP/Blueprints/ThirdPersonCharacter.uasset (Error Code 32)
[2017.10.04-16.26.11:126][627]LogFileManager: Warning: Error deleting file: ../../../../../../Users/Pyos/Documents/Unreal Projects/AresProject1_0/Content/ThirdPerson/Meshes/RampMaterial.uasset (Error Code 32)
[2017.10.04-16.26.11:126][627]LogFileManager: Warning: Error deleting file: ../../../../../../Users/Pyos/Documents/Unreal Projects/AresProject1_0/Content/ThirdPerson/Meshes/Bump_StaticMesh.uasset (Error Code 32)
[2017.10.04-16.26.11:126][627]LogFileManager: Warning: Error deleting file: ../../../../../../Users/Pyos/Documents/Unreal Projects/AresProject1_0/Content/ThirdPerson/Meshes/LeftArm_StaticMesh.uasset (Error Code 32)
[2017.10.04-16.26.11:126][627]LogFileManager: Warning: Error deleting file: ../../../../../../Users/Pyos/Documents/Unreal Projects/AresProject1_0/Content/ThirdPerson/Meshes/Linear_Stair_StaticMesh.uasset (Error Code 32)
[2017.10.04-16.26.11:126][627]LogFileManager: Warning: Error deleting file: ../../../../../../Users/Pyos/Documents/Unreal Projects/AresProject1_0/Content/ThirdPerson/Meshes/Ramp_StaticMesh.uasset (Error Code 32)
[2017.10.04-16.26.11:127][627]LogFileManager: Warning: Error deleting file: ../../../../../../Users/Pyos/Documents/Unreal Projects/AresProject1_0/Content/ThirdPerson/Meshes/RightArm_StaticMesh.uasset (Error Code 32)
[2017.10.04-16.26.16:404][105]LogFileManager: Warning: Error deleting file: ../../../../../../Users/Pyos/Documents/Unreal Projects/AresProject1_0/Content/StarterContent/Materials/M_Basic_Floor.uasset (Error Code 32)
[2017.10.04-16.26.24:808][728]LogLinker: Warning: Can't find file '/Game/Levels/ThirdPersonBP/Blueprints/ThirdPersonCharacter'
[2017.10.04-16.26.24:809][728]LogLinker: Warning: Can't find file for asset '/Game/Levels/ThirdPersonBP/Blueprints/ThirdPersonCharacter' while loading ../../../../../../Users/Pyos/Documents/Unreal Projects/AresProject1_0/Content/Levels/ThirdPersonBP/Maps/ThirdPersonExampleMap.umap.
[2017.10.04-16.26.24:809][728]LoadErrors: Error: /Game/Levels/ThirdPersonBP/Maps/ThirdPersonExampleMap : Can't find file for asset. /Game/Levels/ThirdPersonBP/Blueprints/ThirdPersonCharacter
[2017.10.04-16.26.24:837][728]LogLinker: Warning: Can't find file '/Game/Geometry/Models/Segnalatore/Textures/Segnalatore_Ambient_occlusion'
[2017.10.04-16.26.24:837][728]LogLinker: Warning: Can't find file for asset '/Game/Geometry/Models/Segnalatore/Textures/Segnalatore_Ambient_occlusion' while loading ../../../../../../Users/Pyos/Documents/Unreal Projects/AresProject1_0/Content/Geometry/Models/Segnalatore/Segnalatore1.uasset.
[2017.10.04-16.26.24:837][728]LoadErrors: Error: /Game/Geometry/Models/Segnalatore/Segnalatore1 : Can't find file for asset. /Game/Geometry/Models/Segnalatore/Textures/Segnalatore_Ambient_occlusion
[2017.10.04-16.26.24:837][728]LogLinker: Warning: Can't find file '/Game/Geometry/Models/Segnalatore/Textures/Segnalatore_Base_Color'
[2017.10.04-16.26.24:837][728]LogLinker: Warning: Can't find file for asset '/Game/Geometry/Models/Segnalatore/Textures/Segnalatore_Base_Color' while loading ../../../../../../Users/Pyos/Documents/Unreal Projects/AresProject1_0/Content/Geometry/Models/Segnalatore/Segnalatore1.uasset.
[2017.10.04-16.26.24:837][728]LoadErrors: Error: /Game/Geometry/Models/Segnalatore/Segnalatore1 : Can't find file for asset. /Game/Geometry/Models/Segnalatore/Textures/Segnalatore_Base_Color
[2017.10.04-16.26.24:837][728]LogLinker: Warning: Can't find file '/Game/Geometry/Models/Segnalatore/Textures/Segnalatore_Emissive'
[2017.10.04-16.26.24:838][728]LogLinker: Warning: Can't find file for asset '/Game/Geometry/Models/Segnalatore/Textures/Segnalatore_Emissive' while loading ../../../../../../Users/Pyos/Documents/Unreal Projects/AresProject1_0/Content/Geometry/Models/Segnalatore/Segnalatore1.uasset.
[2017.10.04-16.26.24:838][728]LoadErrors: Error: /Game/Geometry/Models/Segnalatore/Segnalatore1 : Can't find file for asset. /Game/Geometry/Models/Segnalatore/Textures/Segnalatore_Emissive
[2017.10.04-16.26.24:838][728]LogLinker: Warning: Can't find file '/Game/Geometry/Models/Segnalatore/Textures/Segnalatore_Metallic'
[2017.10.04-16.26.24:838][728]LogLinker: Warning: Can't find file for asset '/Game/Geometry/Models/Segnalatore/Textures/Segnalatore_Metallic' while loading ../../../../../../Users/Pyos/Documents/Unreal Projects/AresProject1_0/Content/Geometry/Models/Segnalatore/Segnalatore1.uasset.
[2017.10.04-16.26.24:838][728]LoadErrors: Error: /Game/Geometry/Models/Segnalatore/Segnalatore1 : Can't find file for asset. /Game/Geometry/Models/Segnalatore/Textures/Segnalatore_Metallic
[2017.10.04-16.26.24:838][728]LogLinker: Warning: Can't find file '/Game/Geometry/Models/Segnalatore/Textures/Segnalatore_Normal'
[2017.10.04-16.26.24:838][728]LogLinker: Warning: Can't find file for asset '/Game/Geometry/Models/Segnalatore/Textures/Segnalatore_Normal' while loading ../../../../../../Users/Pyos/Documents/Unreal Projects/AresProject1_0/Content/Geometry/Models/Segnalatore/Segnalatore1.uasset.
[2017.10.04-16.26.24:838][728]LoadErrors: Error: /Game/Geometry/Models/Segnalatore/Segnalatore1 : Can't find file for asset. /Game/Geometry/Models/Segnalatore/Textures/Segnalatore_Normal
[2017.10.04-16.26.24:839][728]LogLinker: Warning: Can't find file '/Game/Geometry/Models/Segnalatore/Textures/Segnalatore_Normal_DirectX'
[2017.10.04-16.26.24:839][728]LogLinker: Warning: Can't find file for asset '/Game/Geometry/Models/Segnalatore/Textures/Segnalatore_Normal_DirectX' while loading ../../../../../../Users/Pyos/Documents/Unreal Projects/AresProject1_0/Content/Geometry/Models/Segnalatore/Segnalatore1.uasset.
[2017.10.04-16.26.24:839][728]LoadErrors: Error: /Game/Geometry/Models/Segnalatore/Segnalatore1 : Can't find file for asset. /Game/Geometry/Models/Segnalatore/Textures/Segnalatore_Normal_DirectX
[2017.10.04-16.26.24:839][728]LogLinker: Warning: Can't find file '/Game/Geometry/Models/Segnalatore/Textures/Segnalatore_Roughness'
[2017.10.04-16.26.24:839][728]LogLinker: Warning: Can't find file for asset '/Game/Geometry/Models/Segnalatore/Textures/Segnalatore_Roughness' while loading ../../../../../../Users/Pyos/Documents/Unreal Projects/AresProject1_0/Content/Geometry/Models/Segnalatore/Segnalatore1.uasset.
[2017.10.04-16.26.24:839][728]LoadErrors: Error: /Game/Geometry/Models/Segnalatore/Segnalatore1 : Can't find file for asset. /Game/Geometry/Models/Segnalatore/Textures/Segnalatore_Roughness
[2017.10.04-16.26.24:839][728]LogLinker: Warning: Can't find file '/Game/Geometry/Models/Segnalatore/Textures/Segnalatore_Ambient_occlusion'
[2017.10.04-16.26.24:840][728]LogLinker: Warning: Can't find file for asset '/Game/Geometry/Models/Segnalatore/Textures/Segnalatore_Ambient_occlusion' while loading ../../../../../../Users/Pyos/Documents/Unreal Projects/AresProject1_0/Content/Geometry/Models/Segnalatore/Segnalatore1.uasset.
[2017.10.04-16.26.24:840][728]LogLinker: Warning: Can't find file '/Game/Geometry/Models/Segnalatore/Textures/Segnalatore_Base_Color'
[2017.10.04-16.26.24:840][728]LogLinker: Warning: Can't find file for asset '/Game/Geometry/Models/Segnalatore/Textures/Segnalatore_Base_Color' while loading ../../../../../../Users/Pyos/Documents/Unreal Projects/AresProject1_0/Content/Geometry/Models/Segnalatore/Segnalatore1.uasset.
[2017.10.04-16.26.24:840][728]LogLinker: Warning: Can't find file '/Game/Geometry/Models/Segnalatore/Textures/Segnalatore_Emissive'
[2017.10.04-16.26.24:840][728]LogLinker: Warning: Can't find file for asset '/Game/Geometry/Models/Segnalatore/Textures/Segnalatore_Emissive' while loading ../../../../../../Users/Pyos/Documents/Unreal Projects/AresProject1_0/Content/Geometry/Models/Segnalatore/Segnalatore1.uasset.
[2017.10.04-16.26.24:841][728]LogLinker: Warning: Can't find file '/Game/Geometry/Models/Segnalatore/Textures/Segnalatore_Metallic'
[2017.10.04-16.26.24:841][728]LogLinker: Warning: Can't find file for asset '/Game/Geometry/Models/Segnalatore/Textures/Segnalatore_Metallic' while loading ../../../../../../Users/Pyos/Documents/Unreal Projects/AresProject1_0/Content/Geometry/Models/Segnalatore/Segnalatore1.uasset.
[2017.10.04-16.26.24:841][728]LogLinker: Warning: Can't find file '/Game/Geometry/Models/Segnalatore/Textures/Segnalatore_Normal'
[2017.10.04-16.26.24:841][728]LogLinker: Warning: Can't find file for asset '/Game/Geometry/Models/Segnalatore/Textures/Segnalatore_Normal' while loading ../../../../../../Users/Pyos/Documents/Unreal Projects/AresProject1_0/Content/Geometry/Models/Segnalatore/Segnalatore1.uasset.
[2017.10.04-16.26.24:841][728]LogLinker: Warning: Can't find file '/Game/Geometry/Models/Segnalatore/Textures/Segnalatore_Normal_DirectX'
[2017.10.04-16.26.24:841][728]LogLinker: Warning: Can't find file for asset '/Game/Geometry/Models/Segnalatore/Textures/Segnalatore_Normal_DirectX' while loading ../../../../../../Users/Pyos/Documents/Unreal Projects/AresProject1_0/Content/Geometry/Models/Segnalatore/Segnalatore1.uasset.
[2017.10.04-16.26.24:841][728]LogLinker: Warning: Can't find file '/Game/Geometry/Models/Segnalatore/Textures/Segnalatore_Roughness'
[2017.10.04-16.26.24:842][728]LogLinker: Warning: Can't find file for asset '/Game/Geometry/Models/Segnalatore/Textures/Segnalatore_Roughness' while loading ../../../../../../Users/Pyos/Documents/Unreal Projects/AresProject1_0/Content/Geometry/Models/Segnalatore/Segnalatore1.uasset.
[2017.10.04-16.26.24:843][728]LogLinker: Warning: Can't find file '/Game/Sounds/BEEEP1'
[2017.10.04-16.26.24:843][728]LogLinker: Warning: Can't find file for asset '/Game/Sounds/BEEEP1' while loading ../../../../../../Users/Pyos/Documents/Unreal Projects/AresProject1_0/Content/Geometry/Models/Segnalatore/Beacon.uasset.
[2017.10.04-16.26.24:843][728]LoadErrors: Error: /Game/Geometry/Models/Segnalatore/Beacon : Can't find file for asset. /Game/Sounds/BEEEP1
[2017.10.04-16.26.24:843][728]LogLinker: Warning: Can't find file '/Game/Sounds/BEEEP1'
[2017.10.04-16.26.24:844][728]LogLinker: Warning: Can't find file for asset '/Game/Sounds/BEEEP1' while loading ../../../../../../Users/Pyos/Documents/Unreal Projects/AresProject1_0/Content/Geometry/Models/Segnalatore/Beacon.uasset.
[2017.10.04-16.26.24:846][728]LogLinker: Warning: Can't find file '/Game/Sounds/BEEEP1'
[2017.10.04-16.26.24:846][728]LogLinker: Warning: Can't find file for asset '/Game/Sounds/BEEEP1' while loading ../../../../../../Users/Pyos/Documents/Unreal Projects/AresProject1_0/Content/Levels/ThirdPersonBP/Maps/ThirdPersonExampleMap.umap.
[2017.10.04-16.26.24:846][728]LoadErrors: Error: /Game/Levels/ThirdPersonBP/Maps/ThirdPersonExampleMap : Can't find file for asset. /Game/Sounds/BEEEP1
[2017.10.04-16.26.24:846][728]LogLinker: Warning: Can't find file '/Game/Sounds/BEEEP1'
[2017.10.04-16.26.24:846][728]LogLinker: Warning: Can't find file for asset '/Game/Sounds/BEEEP1' while loading ../../../../../../Users/Pyos/Documents/Unreal Projects/AresProject1_0/Content/Levels/ThirdPersonBP/Maps/ThirdPersonExampleMap.umap.
[2017.10.04-16.26.24:849][728]LogLinker: Warning: Can't find file '/Game/Sounds/BEEEP1'
[2017.10.04-16.26.24:849][728]LoadErrors: Failed to load /Game/Sounds/BEEEP1.BEEEP1 Referenced by beep_GEN_VARIABLE
[2017.10.04-16.26.24:849][728]LogLinker: Warning: Can't find file for asset '/Game/Sounds/BEEEP1' while loading ../../../../../../Users/Pyos/Documents/Unreal Projects/AresProject1_0/Content/Levels/ThirdPersonBP/Maps/ThirdPersonExampleMap.umap.
[2017.10.04-16.26.24:987][728]LogLinker: Warning: Can't find file '/Game/Levels/ThirdPersonBP/Blueprints/ThirdPersonCharacter'
[2017.10.04-16.26.24:987][728]LogLinker: Warning: Can't find file for asset '/Game/Levels/ThirdPersonBP/Blueprints/ThirdPersonCharacter' while loading ../../../../../../Users/Pyos/Documents/Unreal Projects/AresProject1_0/Content/Levels/ThirdPersonBP/Maps/ThirdPersonExampleMap.umap.
[2017.10.04-16.26.24:987][728]LogLinker: Warning: Can't find file '/Game/Levels/ThirdPersonBP/Blueprints/ThirdPersonCharacter'
[2017.10.04-16.26.24:987][728]LogLinker: Warning: Can't find file for asset '/Game/Levels/ThirdPersonBP/Blueprints/ThirdPersonCharacter' while loading ../../../../../../Users/Pyos/Documents/Unreal Projects/AresProject1_0/Content/Levels/ThirdPersonBP/Maps/ThirdPersonExampleMap.umap.
[2017.10.04-16.26.24:988][728]LogLinker: Warning: Can't find file '/Game/Levels/ThirdPersonBP/Blueprints/ThirdPersonCharacter'
[2017.10.04-16.26.24:988][728]LogLinker: Warning: Can't find file for asset '/Game/Levels/ThirdPersonBP/Blueprints/ThirdPersonCharacter' while loading ../../../../../../Users/Pyos/Documents/Unreal Projects/AresProject1_0/Content/Levels/ThirdPersonBP/Maps/ThirdPersonExampleMap.umap.
[2017.10.04-16.26.24:988][728]LogLinker: Warning: Can't find file '/Game/Levels/ThirdPersonBP/Blueprints/ThirdPersonCharacter'
[2017.10.04-16.26.24:988][728]LogLinker: Warning: Can't find file for asset '/Game/Levels/ThirdPersonBP/Blueprints/ThirdPersonCharacter' while loading ../../../../../../Users/Pyos/Documents/Unreal Projects/AresProject1_0/Content/Levels/ThirdPersonBP/Maps/ThirdPersonExampleMap.umap.
[2017.10.04-16.26.25:177][728]LogLinker: Warning: Can't find file '/Game/Levels/ThirdPersonBP/Blueprints/ThirdPersonCharacter'
[2017.10.04-16.26.25:177][728]LogLinker: Warning: Can't find file for asset '/Game/Levels/ThirdPersonBP/Blueprints/ThirdPersonCharacter' while loading ../../../../../../Users/Pyos/Documents/Unreal Projects/AresProject1_0/Content/Levels/ThirdPersonBP/Maps/ThirdPersonExampleMap.umap.
[2017.10.04-16.26.25:179][728]LogLinker: Warning: Can't find file '/Game/Levels/ThirdPersonBP/Blueprints/ThirdPersonCharacter'
[2017.10.04-16.26.25:179][728]LogLinker: Warning: Can't find file for asset '/Game/Levels/ThirdPersonBP/Blueprints/ThirdPersonCharacter' while loading ../../../../../../Users/Pyos/Documents/Unreal Projects/AresProject1_0/Content/Levels/ThirdPersonBP/Maps/ThirdPersonExampleMap.umap.
[2017.10.04-16.26.25:180][728]LogLinker: Warning: Can't find file '/Game/Levels/ThirdPersonBP/Blueprints/ThirdPersonCharacter'
[2017.10.04-16.26.25:180][728]LogLinker: Warning: Can't find file for asset '/Game/Levels/ThirdPersonBP/Blueprints/ThirdPersonCharacter' while loading ../../../../../../Users/Pyos/Documents/Unreal Projects/AresProject1_0/Content/Levels/ThirdPersonBP/Maps/ThirdPersonExampleMap.umap.
[2017.10.04-16.26.25:183][728]LogLinker: Warning: Can't find file '/Game/Levels/ThirdPersonBP/Blueprints/ThirdPersonCharacter'
[2017.10.04-16.26.25:183][728]LogLinker: Warning: Can't find file for asset '/Game/Levels/ThirdPersonBP/Blueprints/ThirdPersonCharacter' while loading ../../../../../../Users/Pyos/Documents/Unreal Projects/AresProject1_0/Content/Levels/ThirdPersonBP/Maps/ThirdPersonExampleMap.umap.
[2017.10.04-16.26.25:185][728]LogLinker: Warning: Can't find file '/Game/Levels/ThirdPersonBP/Blueprints/ThirdPersonCharacter'
[2017.10.04-16.26.25:185][728]LogLinker: Warning: Can't find file for asset '/Game/Levels/ThirdPersonBP/Blueprints/ThirdPersonCharacter' while loading NULL.
[2017.10.04-16.26.25:185][728]LogLinker: Warning: Can't find file '/Game/Levels/ThirdPersonBP/Blueprints/ThirdPersonCharacter'
[2017.10.04-16.26.25:185][728]LogLinker: Warning: Can't find file for asset '/Game/Levels/ThirdPersonBP/Blueprints/ThirdPersonCharacter' while loading NULL.
[2017.10.04-16.26.25:185][728]LogLinker: Warning: Can't find file '/Game/Levels/ThirdPersonBP/Blueprints/ThirdPersonCharacter'
[2017.10.04-16.26.25:185][728]LogLinker: Warning: Can't find file for asset '/Game/Levels/ThirdPersonBP/Blueprints/ThirdPersonCharacter' while loading NULL.
[2017.10.04-16.26.25:185][728]LogLinker: Warning: Can't find file '/Game/Levels/ThirdPersonBP/Blueprints/ThirdPersonCharacter'
[2017.10.04-16.26.25:185][728]LogLinker: Warning: Can't find file for asset '/Game/Levels/ThirdPersonBP/Blueprints/ThirdPersonCharacter' while loading NULL.
[2017.10.04-16.26.25:186][728]LogLinker: Warning: Can't find file '/Game/Levels/ThirdPersonBP/Blueprints/ThirdPersonCharacter'
[2017.10.04-16.26.25:186][728]LogLinker: Warning: Can't find file for asset '/Game/Levels/ThirdPersonBP/Blueprints/ThirdPersonCharacter' while loading NULL.
[2017.10.04-16.26.25:186][728]LogLinker: Warning: Can't find file '/Game/Levels/ThirdPersonBP/Blueprints/ThirdPersonCharacter'
[2017.10.04-16.26.25:186][728]LogLinker: Warning: Can't find file for asset '/Game/Levels/ThirdPersonBP/Blueprints/ThirdPersonCharacter' while loading NULL.
[2017.10.04-16.26.25:186][728]LogLinker: Warning: Can't find file '/Game/Levels/ThirdPersonBP/Blueprints/ThirdPersonCharacter'
[2017.10.04-16.26.25:186][728]LogLinker: Warning: Can't find file for asset '/Game/Levels/ThirdPersonBP/Blueprints/ThirdPersonCharacter' while loading NULL.
[2017.10.04-16.26.25:186][728]LogLinker: Warning: Can't find file '/Game/Levels/ThirdPersonBP/Blueprints/ThirdPersonCharacter'
[2017.10.04-16.26.25:186][728]LogLinker: Warning: Can't find file for asset '/Game/Levels/ThirdPersonBP/Blueprints/ThirdPersonCharacter' while loading NULL.
[2017.10.04-16.26.25:187][728]LogLinker: Warning: Can't find file '/Game/Levels/ThirdPersonBP/Blueprints/ThirdPersonCharacter'
[2017.10.04-16.26.25:187][728]LogLinker: Warning: Can't find file for asset '/Game/Levels/ThirdPersonBP/Blueprints/ThirdPersonCharacter' while loading NULL.
[2017.10.04-16.26.25:188][728]LogLinker: Warning: Can't find file '/Game/Levels/ThirdPersonBP/Blueprints/ThirdPersonCharacter'
[2017.10.04-16.26.25:188][728]LogLinker: Warning: Can't find file for asset '/Game/Levels/ThirdPersonBP/Blueprints/ThirdPersonCharacter' while loading NULL.
[2017.10.04-16.26.25:188][728]LogLinker: Warning: Can't find file '/Game/Levels/ThirdPersonBP/Blueprints/ThirdPersonCharacter'
[2017.10.04-16.26.25:188][728]LogLinker: Warning: Can't find file for asset '/Game/Levels/ThirdPersonBP/Blueprints/ThirdPersonCharacter' while loading NULL.
[2017.10.04-16.26.25:191][728]LogLinker: Warning: Can't find file '/Game/Levels/ThirdPersonBP/Blueprints/ThirdPersonCharacter'
[2017.10.04-16.26.25:191][728]LogLinker: Warning: Can't find file for asset '/Game/Levels/ThirdPersonBP/Blueprints/ThirdPersonCharacter' while loading NULL.
[2017.10.04-16.26.25:191][728]LogLinker: Warning: Can't find file '/Game/Levels/ThirdPersonBP/Blueprints/ThirdPersonCharacter'
[2017.10.04-16.26.25:191][728]LogLinker: Warning: Can't find file for asset '/Game/Levels/ThirdPersonBP/Blueprints/ThirdPersonCharacter' while loading NULL.
[2017.10.04-16.26.25:191][728]LogLinker: Warning: Can't find file '/Game/Levels/ThirdPersonBP/Blueprints/ThirdPersonCharacter'
[2017.10.04-16.26.25:191][728]LogLinker: Warning: Can't find file for asset '/Game/Levels/ThirdPersonBP/Blueprints/ThirdPersonCharacter' while loading NULL.
[2017.10.04-16.26.25:192][728]LogLinker: Warning: Can't find file '/Game/Levels/ThirdPersonBP/Blueprints/ThirdPersonCharacter'
[2017.10.04-16.26.25:192][728]LogLinker: Warning: Can't find file for asset '/Game/Levels/ThirdPersonBP/Blueprints/ThirdPersonCharacter' while loading NULL.
[2017.10.04-16.26.25:192][728]LogLinker: Warning: Can't find file '/Game/Levels/ThirdPersonBP/Blueprints/ThirdPersonCharacter'
[2017.10.04-16.26.25:192][728]LogLinker: Warning: Can't find file for asset '/Game/Levels/ThirdPersonBP/Blueprints/ThirdPersonCharacter' while loading NULL.
[2017.10.04-16.26.25:192][728]LogLinker: Warning: Can't find file '/Game/Levels/ThirdPersonBP/Blueprints/ThirdPersonCharacter'
[2017.10.04-16.26.25:192][728]LogLinker: Warning: Can't find file for asset '/Game/Levels/ThirdPersonBP/Blueprints/ThirdPersonCharacter' while loading NULL.
[2017.10.04-16.26.25:194][728]LogLinker: Warning: Can't find file '/Game/Levels/ThirdPersonBP/Blueprints/ThirdPersonCharacter'
[2017.10.04-16.26.25:194][728]LogLinker: Warning: Can't find file for asset '/Game/Levels/ThirdPersonBP/Blueprints/ThirdPersonCharacter' while loading NULL.
[2017.10.04-16.26.25:194][728]LogLinker: Warning: Can't find file '/Game/Levels/ThirdPersonBP/Blueprints/ThirdPersonCharacter'
[2017.10.04-16.26.25:194][728]LogLinker: Warning: Can't find file for asset '/Game/Levels/ThirdPersonBP/Blueprints/ThirdPersonCharacter' while loading NULL.
[2017.10.04-16.26.25:195][728]LogLinker: Warning: Can't find file '/Game/Levels/ThirdPersonBP/Blueprints/ThirdPersonCharacter'
[2017.10.04-16.26.25:195][728]LogLinker: Warning: Can't find file for asset '/Game/Levels/ThirdPersonBP/Blueprints/ThirdPersonCharacter' while loading NULL.
[2017.10.04-16.26.25:195][728]LogLinker: Warning: Can't find file '/Game/Levels/ThirdPersonBP/Blueprints/ThirdPersonCharacter'
[2017.10.04-16.26.25:195][728]LogLinker: Warning: Can't find file for asset '/Game/Levels/ThirdPersonBP/Blueprints/ThirdPersonCharacter' while loading NULL.
[2017.10.04-16.26.25:196][728]LogLinker: Warning: Can't find file '/Game/Levels/ThirdPersonBP/Blueprints/ThirdPersonCharacter'
[2017.10.04-16.26.25:196][728]LogLinker: Warning: Can't find file for asset '/Game/Levels/ThirdPersonBP/Blueprints/ThirdPersonCharacter' while loading NULL.
[2017.10.04-16.26.25:196][728]LogLinker: Warning: Can't find file '/Game/Levels/ThirdPersonBP/Blueprints/ThirdPersonCharacter'
[2017.10.04-16.26.25:196][728]LogLinker: Warning: Can't find file for asset '/Game/Levels/ThirdPersonBP/Blueprints/ThirdPersonCharacter' while loading NULL.
[2017.10.04-16.26.25:199][728]LogLinker: Warning: Can't find file '/Game/Levels/ThirdPersonBP/Blueprints/ThirdPersonCharacter'
[2017.10.04-16.26.25:199][728]LogLinker: Warning: Can't find file for asset '/Game/Levels/ThirdPersonBP/Blueprints/ThirdPersonCharacter' while loading NULL.
[2017.10.04-16.26.25:199][728]LogLinker: Warning: Can't find file '/Game/Levels/ThirdPersonBP/Blueprints/ThirdPersonCharacter'
[2017.10.04-16.26.25:199][728]LoadErrors: Failed to load /Game/Levels/ThirdPersonBP/Blueprints/ThirdPersonCharacter.ThirdPersonCharacter_C Referenced by PersistentLevel
[2017.10.04-16.26.25:199][728]LogLinker: Warning: Can't find file for asset '/Game/Levels/ThirdPersonBP/Blueprints/ThirdPersonCharacter' while loading NULL.
[2017.10.04-16.26.25:202][728]LogLinker: Warning: Can't find file '/Game/Geometry/Models/Segnalatore/Textures/Segnalatore_Ambient_occlusion'
[2017.10.04-16.26.25:202][728]LoadErrors: Failed to load /Game/Geometry/Models/Segnalatore/Textures/Segnalatore_Ambient_occlusion.Segnalatore_Ambient_occlusion Referenced by MaterialExpressionTextureSample_0
[2017.10.04-16.26.25:203][728]LogLinker: Warning: Can't find file for asset '/Game/Geometry/Models/Segnalatore/Textures/Segnalatore_Ambient_occlusion' while loading NULL.
[2017.10.04-16.26.25:203][728]LogLinker: Warning: Can't find file '/Game/Geometry/Models/Segnalatore/Textures/Segnalatore_Base_Color'
[2017.10.04-16.26.25:203][728]LoadErrors: Failed to load /Game/Geometry/Models/Segnalatore/Textures/Segnalatore_Base_Color.Segnalatore_Base_Color Referenced by MaterialExpressionTextureSample_1
[2017.10.04-16.26.25:203][728]LogLinker: Warning: Can't find file for asset '/Game/Geometry/Models/Segnalatore/Textures/Segnalatore_Base_Color' while loading NULL.
[2017.10.04-16.26.25:203][728]LogLinker: Warning: Can't find file '/Game/Geometry/Models/Segnalatore/Textures/Segnalatore_Emissive'
[2017.10.04-16.26.25:203][728]LoadErrors: Failed to load /Game/Geometry/Models/Segnalatore/Textures/Segnalatore_Emissive.Segnalatore_Emissive Referenced by MaterialExpressionTextureSample_2
[2017.10.04-16.26.25:203][728]LogLinker: Warning: Can't find file for asset '/Game/Geometry/Models/Segnalatore/Textures/Segnalatore_Emissive' while loading NULL.
[2017.10.04-16.26.25:204][728]LogLinker: Warning: Can't find file '/Game/Geometry/Models/Segnalatore/Textures/Segnalatore_Metallic'
[2017.10.04-16.26.25:204][728]LoadErrors: Failed to load /Game/Geometry/Models/Segnalatore/Textures/Segnalatore_Metallic.Segnalatore_Metallic Referenced by MaterialExpressionTextureSample_3
[2017.10.04-16.26.25:204][728]LogLinker: Warning: Can't find file for asset '/Game/Geometry/Models/Segnalatore/Textures/Segnalatore_Metallic' while loading NULL.
[2017.10.04-16.26.25:204][728]LogLinker: Warning: Can't find file '/Game/Geometry/Models/Segnalatore/Textures/Segnalatore_Normal'
[2017.10.04-16.26.25:204][728]LoadErrors: Failed to load /Game/Geometry/Models/Segnalatore/Textures/Segnalatore_Normal.Segnalatore_Normal Referenced by MaterialExpressionTextureSample_4
[2017.10.04-16.26.25:204][728]LogLinker: Warning: Can't find file for asset '/Game/Geometry/Models/Segnalatore/Textures/Segnalatore_Normal' while loading NULL.
[2017.10.04-16.26.25:204][728]LogLinker: Warning: Can't find file '/Game/Geometry/Models/Segnalatore/Textures/Segnalatore_Normal_DirectX'
[2017.10.04-16.26.25:204][728]LoadErrors: Failed to load /Game/Geometry/Models/Segnalatore/Textures/Segnalatore_Normal_DirectX.Segnalatore_Normal_DirectX Referenced by MaterialExpressionTextureSample_5
[2017.10.04-16.26.25:205][728]LogLinker: Warning: Can't find file for asset '/Game/Geometry/Models/Segnalatore/Textures/Segnalatore_Normal_DirectX' while loading NULL.
[2017.10.04-16.26.25:205][728]LogLinker: Warning: Can't find file '/Game/Geometry/Models/Segnalatore/Textures/Segnalatore_Roughness'
[2017.10.04-16.26.25:205][728]LoadErrors: Failed to load /Game/Geometry/Models/Segnalatore/Textures/Segnalatore_Roughness.Segnalatore_Roughness Referenced by MaterialExpressionTextureSample_6
[2017.10.04-16.26.25:205][728]LogLinker: Warning: Can't find file for asset '/Game/Geometry/Models/Segnalatore/Textures/Segnalatore_Roughness' while loading NULL.
[2017.10.04-16.26.25:230][728]LogStaticMesh: Building static mesh Segnalatore...
[2017.10.04-16.26.26:414][728]LogStaticMesh: Built static mesh [1.18s] /Game/Geometry/Models/Segnalatore/Segnalatore.Segnalatore
[2017.10.04-16.26.26:595][728]LogMaterial: Missing cached shader map for material Segnalatore1, compiling. 
[2017.10.04-16.26.26:595][728]LogMaterial: Warning: Failed to compile Material /Game/Geometry/Models/Segnalatore/Segnalatore1.Segnalatore1 for platform PCD3D_SM5, Default Material will be used in game.
[2017.10.04-16.26.26:595][728]LogMaterial: Warning: 	(Node TextureSample) Texture Sample> Missing input texture
[2017.10.04-16.26.26:685][728]LogAIModule: Creating AISystem for world ThirdPersonExampleMap
[2017.10.04-16.26.28:612][728]LoadErrors: Warning: CreateExport: Failed to load Outer for resource 'Arrow': ThirdPersonCharacter_C /Game/Levels/ThirdPersonBP/Maps/ThirdPersonExampleMap.ThirdPersonExampleMap:PersistentLevel.ThirdPersonCharacter_167
[2017.10.04-16.26.28:613][728]LoadErrors: Warning: CreateExport: Failed to load Outer for resource 'FollowCamera': ThirdPersonCharacter_C /Game/Levels/ThirdPersonBP/Maps/ThirdPersonExampleMap.ThirdPersonExampleMap:PersistentLevel.ThirdPersonCharacter_167
[2017.10.04-16.26.28:613][728]LoadErrors: Warning: CreateExport: Failed to load Outer for resource 'CollisionCylinder': ThirdPersonCharacter_C /Game/Levels/ThirdPersonBP/Maps/ThirdPersonExampleMap.ThirdPersonExampleMap:PersistentLevel.ThirdPersonCharacter_167
[2017.10.04-16.26.28:613][728]LoadErrors: Warning: CreateExport: Failed to load Outer for resource 'CharMoveComp': ThirdPersonCharacter_C /Game/Levels/ThirdPersonBP/Maps/ThirdPersonExampleMap.ThirdPersonExampleMap:PersistentLevel.ThirdPersonCharacter_167
[2017.10.04-16.26.28:613][728]LoadErrors: Warning: CreateExport: Failed to load Outer for resource 'CharacterMesh0': ThirdPersonCharacter_C /Game/Levels/ThirdPersonBP/Maps/ThirdPersonExampleMap.ThirdPersonExampleMap:PersistentLevel.ThirdPersonCharacter_167
[2017.10.04-16.26.28:613][728]LoadErrors: Warning: CreateExport: Failed to load Outer for resource 'CameraBoom': ThirdPersonCharacter_C /Game/Levels/ThirdPersonBP/Maps/ThirdPersonExampleMap.ThirdPersonExampleMap:PersistentLevel.ThirdPersonCharacter_167
[2017.10.04-16.26.53:617][ 59]LogAnimationCompression: Building Anim DDC data for AnimSequence /Game/Mannequin/Animations/ThirdPersonJump_End.ThirdPersonJump_End
[2017.10.04-16.27.11:526][323]LogAIModule: Creating AISystem for world ThirdPersonExampleMap
[2017.10.04-16.27.11:552][323]Cmd: MAP LOAD FILE="../../../../../../Users/Pyos/Documents/Unreal Projects/AresProject1_0/Content/Levels/ThirdPersonExampleMap.umap" TEMPLATE=0 SHOWPROGRESS=1 FEATURELEVEL=3
[2017.10.04-16.27.11:552][323]LightingResults: New page: Lighting Build
[2017.10.04-16.27.11:607][323]LogContentBrowser: Native class hierarchy updated for 'StatsViewer' in 0.0007 seconds. Added 5 classes and 0 folders.
[2017.10.04-16.27.11:608][323]LoadErrors: New page: Loading map: ThirdPersonExampleMap.umap
[2017.10.04-16.27.11:609][323]MapCheck: New page: Map Check
[2017.10.04-16.27.11:609][323]LightingResults: New page: Lighting Build
[2017.10.04-16.27.11:688][323]LogEditorServer: Finished looking for orphan Actors (0.000 secs)
[2017.10.04-16.27.11:744][323]Cmd: MAP CHECKDEP NOCLEARLOG
[2017.10.04-16.27.11:816][323]MapCheck: Map check complete: 0 Error(s), 0 Warning(s), took 71.505ms to complete.
[2017.10.04-16.27.11:816][323]LogFileHelpers: Loading map 'ThirdPersonExampleMap' took 0.265
[2017.10.04-16.27.13:442][506]LogTemp: Repeating last play command: Selected Viewport
[2017.10.04-16.27.13:568][506]LogBlueprintUserMessages: Early PlayInEditor Detection: Level '/Game/Levels/ThirdPersonExampleMap.ThirdPersonExampleMap:PersistentLevel' has LevelScriptBlueprint '/Game/Levels/ThirdPersonExampleMap.ThirdPersonExampleMap:PersistentLevel.ThirdPersonExampleMap' with GeneratedClass '/Game/Levels/ThirdPersonExampleMap.ThirdPersonExampleMap_C' with ClassGeneratedBy '/Game/Levels/ThirdPersonExampleMap.ThirdPersonExampleMap:PersistentLevel.ThirdPersonExampleMap'
[2017.10.04-16.27.13:587][506]LogPlayLevel: PlayLevel: No blueprints needed recompiling
[2017.10.04-16.27.13:699][506]PIE: New page: PIE session: ThirdPersonExampleMap (Oct 4, 2017, 8:27:13 PM)
[2017.10.04-16.27.13:709][506]LogPlayLevel: Creating play world package: /Game/Levels/UEDPIE_0_ThirdPersonExampleMap
[2017.10.04-16.27.13:786][506]LogPlayLevel: PIE: StaticDuplicateObject took: (0.075734s)
[2017.10.04-16.27.13:786][506]LogAIModule: Creating AISystem for world ThirdPersonExampleMap
[2017.10.04-16.27.13:786][506]LogPlayLevel: PIE: World Init took: (0.000792s)
[2017.10.04-16.27.13:795][506]LogPlayLevel: PIE: Created PIE world by copying editor world from /Game/Levels/ThirdPersonExampleMap.ThirdPersonExampleMap to /Game/Levels/UEDPIE_0_ThirdPersonExampleMap.ThirdPersonExampleMap (0.087245s)
[2017.10.04-16.27.13:848][506]LogInit: XAudio2 using 'Altoparlanti (Realtek High Definition Audio)' : 2 channels at 48 kHz using 32 bits per sample (channel mask 0x3)
[2017.10.04-16.27.13:860][506]LogInit: FAudioDevice initialized.
[2017.10.04-16.27.14:044][506]LogLinker: Warning: Can't find file '/Game/ThirdPersonBP/Blueprints/ThirdPersonGameMode'
[2017.10.04-16.27.14:045][506]LogLinker: Warning: Can't find file '/Game/ThirdPersonBP/Blueprints/ThirdPersonGameMode'
[2017.10.04-16.27.14:045][506]LogUObjectGlobals: Warning: Failed to find object 'Class /Game/ThirdPersonBP/Blueprints/ThirdPersonGameMode.ThirdPersonGameMode_C'
[2017.10.04-16.27.14:045][506]LogLoad: Game class is 'GameModeBase'
[2017.10.04-16.27.14:063][506]LogWorld: Bringing World /Game/Levels/UEDPIE_0_ThirdPersonExampleMap.ThirdPersonExampleMap up for play (max tick rate 0) at 2017.10.04-18.27.14
[2017.10.04-16.27.14:091][506]LogWorld: Bringing up level for play took: 0.044128
[2017.10.04-16.27.14:350][506]LogContentBrowser: Native class hierarchy updated for 'MovieSceneCapture' in 0.0008 seconds. Added 11 classes and 0 folders.
[2017.10.04-16.27.14:406][506]PIE: Play in editor start time for /Game/Levels/UEDPIE_0_ThirdPersonExampleMap 0.819
[2017.10.04-16.27.14:407][506]LogBlueprintUserMessages: Late PlayInEditor Detection: Level '/Game/Levels/ThirdPersonExampleMap.ThirdPersonExampleMap:PersistentLevel' has LevelScriptBlueprint '/Game/Levels/ThirdPersonExampleMap.ThirdPersonExampleMap:PersistentLevel.ThirdPersonExampleMap' with GeneratedClass '/Game/Levels/ThirdPersonExampleMap.ThirdPersonExampleMap_C' with ClassGeneratedBy '/Game/Levels/ThirdPersonExampleMap.ThirdPersonExampleMap:PersistentLevel.ThirdPersonExampleMap'
[2017.10.04-16.27.17:060][798]LogBlueprintUserMessages: Early EndPlayMap Detection: Level '/Game/Levels/ThirdPersonExampleMap.ThirdPersonExampleMap:PersistentLevel' has LevelScriptBlueprint '/Game/Levels/ThirdPersonExampleMap.ThirdPersonExampleMap:PersistentLevel.ThirdPersonExampleMap' with GeneratedClass '/Game/Levels/ThirdPersonExampleMap.ThirdPersonExampleMap_C' with ClassGeneratedBy '/Game/Levels/ThirdPersonExampleMap.ThirdPersonExampleMap:PersistentLevel.ThirdPersonExampleMap'
[2017.10.04-16.27.17:109][798]LogBlueprintUserMessages: Late EndPlayMap Detection: Level '/Game/Levels/ThirdPersonExampleMap.ThirdPersonExampleMap:PersistentLevel' has LevelScriptBlueprint '/Game/Levels/ThirdPersonExampleMap.ThirdPersonExampleMap:PersistentLevel.ThirdPersonExampleMap' with GeneratedClass '/Game/Levels/ThirdPersonExampleMap.ThirdPersonExampleMap_C' with ClassGeneratedBy '/Game/Levels/ThirdPersonExampleMap.ThirdPersonExampleMap:PersistentLevel.ThirdPersonExampleMap'
[2017.10.04-16.27.41:069][562]LogWindowsTextInputMethodSystem: Display: IME system now deactivated.
[2017.10.04-16.27.41:135][563]Cmd: QUIT_EDITOR
[2017.10.04-16.27.42:156][563]LogExit: Preparing to exit.
[2017.10.04-16.27.43:337][563]LogDirectoryWatcher: A directory notification for 'C:/Users/Pyos/Documents/Unreal Projects/AresProject1_0/Content/' was aborted.
[2017.10.04-16.27.43:357][563]LogExit: Editor shut down
[2017.10.04-16.27.43:360][563]LogExit: Transaction tracking system shut down
[2017.10.04-16.27.43:555][563]LogDirectoryWatcher: A directory notification for '../../../Engine/Content/' was aborted.
[2017.10.04-16.27.43:555][563]LogDirectoryWatcher: A directory notification for '../../../../../../Users/Pyos/Documents/Unreal Projects/AresProject1_0/Content/' was aborted.
[2017.10.04-16.27.43:555][563]LogDirectoryWatcher: A directory notification for '../../../Engine/Plugins/2D/Paper2D/Content/' was aborted.
[2017.10.04-16.27.43:556][563]LogDirectoryWatcher: A directory notification for '../../../Engine/Plugins/Runtime/Oculus/OculusVR/Content/' was aborted.
[2017.10.04-16.27.43:556][563]LogDirectoryWatcher: A directory notification for '../../../Engine/Plugins/Runtime/Steam/SteamVR/Content/' was aborted.
[2017.10.04-16.27.43:615][563]LogExit: Object subsystem successfully closed.
[2017.10.04-16.27.43:633][563]LogD3D11RHI: Shutdown
[2017.10.04-16.27.43:633][563]LogD3D11RHI: CleanupD3DDevice
[2017.10.04-16.27.43:708][563]LogD3D11RHI: ~FD3D11DynamicRHI
[2017.10.04-16.27.43:729][563]LogModuleManager: Shutting down and abandoning module MovieSceneCapture (532)
[2017.10.04-16.27.43:729][563]LogModuleManager: Shutting down and abandoning module StatsViewer (530)
[2017.10.04-16.27.43:729][563]LogModuleManager: Shutting down and abandoning module HierarchicalLODOutliner (528)
[2017.10.04-16.27.43:729][563]LogModuleManager: Shutting down and abandoning module SceneOutliner (526)
[2017.10.04-16.27.43:729][563]LogModuleManager: Shutting down and abandoning module AddContentDialog (524)
[2017.10.04-16.27.43:729][563]LogDirectoryWatcher: A directory notification for 'C:/Program Files/Epic Games/UE_4.17/FeaturePacks/' was aborted.
[2017.10.04-16.27.43:730][563]LogModuleManager: Shutting down and abandoning module WidgetCarousel (523)
[2017.10.04-16.27.43:730][563]LogModuleManager: Shutting down and abandoning module EditorWidgets (520)
[2017.10.04-16.27.43:730][563]LogModuleManager: Shutting down and abandoning module CollectionManager (518)
[2017.10.04-16.27.43:730][563]LogDirectoryWatcher: A directory notification for 'C:/Users/Pyos/Documents/Unreal Projects/AresProject1_0/Content/Collections/' was aborted.
[2017.10.04-16.27.43:730][563]LogDirectoryWatcher: A directory notification for 'C:/Users/Pyos/Documents/Unreal Projects/AresProject1_0/Content/Developers/Pyos/Collections/' was aborted.
[2017.10.04-16.27.43:730][563]LogDirectoryWatcher: A directory notification for 'C:/Users/Pyos/Documents/Unreal Projects/AresProject1_0/Saved/Collections/' was aborted.
[2017.10.04-16.27.43:730][563]LogModuleManager: Shutting down and abandoning module FoliageEdit (516)
[2017.10.04-16.27.43:730][563]LogModuleManager: Shutting down and abandoning module LandscapeEditor (514)
[2017.10.04-16.27.43:730][563]LogModuleManager: Shutting down and abandoning module MeshPaintMode (512)
[2017.10.04-16.27.43:730][563]LogModuleManager: Shutting down and abandoning module SceneDepthPickerMode (510)
[2017.10.04-16.27.43:730][563]LogModuleManager: Shutting down and abandoning module ActorPickerMode (508)
[2017.10.04-16.27.43:730][563]LogModuleManager: Shutting down and abandoning module GeometryMode (506)
[2017.10.04-16.27.43:730][563]LogModuleManager: Shutting down and abandoning module TextureAlignMode (504)
[2017.10.04-16.27.43:730][563]LogModuleManager: Shutting down and abandoning module BspMode (502)
[2017.10.04-16.27.43:730][563]LogModuleManager: Shutting down and abandoning module PIEPreviewDeviceProfileSelector (500)
[2017.10.04-16.27.43:730][563]LogModuleManager: Shutting down and abandoning module HardwareSurvey (498)
[2017.10.04-16.27.43:730][563]LogModuleManager: Shutting down and abandoning module SequenceRecorderSections (496)
[2017.10.04-16.27.43:731][563]LogModuleManager: Shutting down and abandoning module AutomationWorker (494)
[2017.10.04-16.27.43:731][563]LogModuleManager: Shutting down and abandoning module MatineeToLevelSequence (492)
[2017.10.04-16.27.43:731][563]LogModuleManager: Shutting down and abandoning module LevelSequenceEditor (490)
[2017.10.04-16.27.43:731][563]LogModuleManager: Shutting down and abandoning module PlacementMode (489)
[2017.10.04-16.27.43:731][563]LogModuleManager: Shutting down and abandoning module WmfMediaFactory (486)
[2017.10.04-16.27.43:731][563]LogModuleManager: Shutting down and abandoning module WmfMediaEditor (484)
[2017.10.04-16.27.43:731][563]LogModuleManager: Shutting down and abandoning module AvfMediaFactory (482)
[2017.10.04-16.27.43:731][563]LogModuleManager: Shutting down and abandoning module AvfMediaEditor (480)
[2017.10.04-16.27.43:731][563]LogModuleManager: Shutting down and abandoning module AndroidMediaFactory (478)
[2017.10.04-16.27.43:731][563]LogModuleManager: Shutting down and abandoning module Media (477)
[2017.10.04-16.27.43:731][563]LogModuleManager: Shutting down and abandoning module AndroidMediaEditor (474)
[2017.10.04-16.27.43:731][563]LogModuleManager: Shutting down and abandoning module CharacterAI (472)
[2017.10.04-16.27.43:731][563]LogModuleManager: Shutting down and abandoning module AudioCapture (470)
[2017.10.04-16.27.43:731][563]LogModuleManager: Shutting down and abandoning module SequenceRecorder (469)
[2017.10.04-16.27.43:731][563]LogModuleManager: Shutting down and abandoning module SmartSnapping (466)
[2017.10.04-16.27.43:731][563]LogModuleManager: Shutting down and abandoning module SessionServices (464)
[2017.10.04-16.27.43:731][563]LogModuleManager: Shutting down and abandoning module ViewportSnapping (462)
[2017.10.04-16.27.43:731][563]LogModuleManager: Shutting down and abandoning module ViewportInteraction (460)
[2017.10.04-16.27.43:731][563]LogModuleManager: Shutting down and abandoning module ClothPainter (458)
[2017.10.04-16.27.43:731][563]LogModuleManager: Shutting down and abandoning module LogVisualizer (456)
[2017.10.04-16.27.43:731][563]LogModuleManager: Shutting down and abandoning module IntroTutorials (454)
[2017.10.04-16.27.43:731][563]LogModuleManager: Shutting down and abandoning module GameProjectGeneration (453)
[2017.10.04-16.27.43:731][563]LogModuleManager: Shutting down and abandoning module IOSPlatformEditor (450)
[2017.10.04-16.27.43:731][563]LogModuleManager: Shutting down and abandoning module HTML5PlatformEditor (448)
[2017.10.04-16.27.43:731][563]LogModuleManager: Shutting down and abandoning module AndroidPlatformEditor (446)
[2017.10.04-16.27.43:731][563]LogModuleManager: Shutting down and abandoning module AndroidDeviceDetection (445)
[2017.10.04-16.27.44:226][563]LogModuleManager: Shutting down and abandoning module WindowsPlatformEditor (442)
[2017.10.04-16.27.44:226][563]LogModuleManager: Shutting down and abandoning module IOSRuntimeSettings (440)
[2017.10.04-16.27.44:226][563]LogModuleManager: Shutting down and abandoning module AndroidRuntimeSettings (438)
[2017.10.04-16.27.44:226][563]LogModuleManager: Shutting down and abandoning module InputBindingEditor (436)
[2017.10.04-16.27.44:226][563]LogModuleManager: Shutting down and abandoning module MergeActors (434)
[2017.10.04-16.27.44:227][563]LogModuleManager: Shutting down and abandoning module SizeMap (432)
[2017.10.04-16.27.44:227][563]LogModuleManager: Shutting down and abandoning module TreeMap (430)
[2017.10.04-16.27.44:227][563]LogModuleManager: Shutting down and abandoning module ReferenceViewer (428)
[2017.10.04-16.27.44:227][563]LogModuleManager: Shutting down and abandoning module LocalizationDashboard (426)
[2017.10.04-16.27.44:227][563]LogModuleManager: Shutting down and abandoning module LocalizationService (425)
[2017.10.04-16.27.44:227][563]LogModuleManager: Shutting down and abandoning module HardwareTargeting (422)
[2017.10.04-16.27.44:227][563]LogModuleManager: Shutting down and abandoning module DeviceProfileEditor (420)
[2017.10.04-16.27.44:227][563]LogModuleManager: Shutting down and abandoning module UndoHistory (418)
[2017.10.04-16.27.44:227][563]LogModuleManager: Shutting down and abandoning module XmlParser (416)
[2017.10.04-16.27.44:227][563]LogModuleManager: Shutting down and abandoning module Blutility (414)
[2017.10.04-16.27.44:227][563]LogModuleManager: Shutting down and abandoning module ProjectSettingsViewer (412)
[2017.10.04-16.27.44:227][563]LogModuleManager: Shutting down and abandoning module ProjectTargetPlatformEditor (411)
[2017.10.04-16.27.44:227][563]LogModuleManager: Shutting down and abandoning module EditorSettingsViewer (408)
[2017.10.04-16.27.44:227][563]LogModuleManager: Shutting down and abandoning module SettingsEditor (406)
[2017.10.04-16.27.44:227][563]LogModuleManager: Shutting down and abandoning module ProjectLauncher (404)
[2017.10.04-16.27.44:227][563]LogModuleManager: Shutting down and abandoning module SessionFrontend (402)
[2017.10.04-16.27.44:227][563]LogModuleManager: Shutting down and abandoning module ProfilerClient (400)
[2017.10.04-16.27.44:227][563]LogModuleManager: Shutting down and abandoning module DeviceManager (398)
[2017.10.04-16.27.44:227][563]LogModuleManager: Shutting down and abandoning module TargetDeviceServices (397)
[2017.10.04-16.27.44:290][563]LogModuleManager: Shutting down and abandoning module AutomationController (394)
[2017.10.04-16.27.44:290][563]LogModuleManager: Shutting down and abandoning module AutomationWindow (392)
[2017.10.04-16.27.44:290][563]LogModuleManager: Shutting down and abandoning module Layers (390)
[2017.10.04-16.27.44:290][563]LogModuleManager: Shutting down and abandoning module ComponentVisualizers (388)
[2017.10.04-16.27.44:290][563]LogModuleManager: Shutting down and abandoning module DetailCustomizations (386)
[2017.10.04-16.27.44:290][563]LogModuleManager: Shutting down and abandoning module PackagesDialog (384)
[2017.10.04-16.27.44:291][563]LogModuleManager: Shutting down and abandoning module Persona (382)
[2017.10.04-16.27.44:291][563]LogModuleManager: Shutting down and abandoning module AdvancedPreviewScene (381)
[2017.10.04-16.27.44:291][563]LogModuleManager: Shutting down and abandoning module AnimGraph (379)
[2017.10.04-16.27.44:291][563]LogModuleManager: Shutting down and abandoning module Kismet (376)
[2017.10.04-16.27.44:291][563]LogModuleManager: Shutting down and abandoning module ClassViewer (374)
[2017.10.04-16.27.44:291][563]LogModuleManager: Shutting down and abandoning module Toolbox (372)
[2017.10.04-16.27.44:291][563]LogModuleManager: Shutting down and abandoning module ModuleUI (370)
[2017.10.04-16.27.44:291][563]LogModuleManager: Shutting down and abandoning module MovieSceneTools (368)
[2017.10.04-16.27.44:291][563]LogModuleManager: Shutting down and abandoning module OutputLog (366)
[2017.10.04-16.27.44:291][563]LogModuleManager: Shutting down and abandoning module GammaUI (364)
[2017.10.04-16.27.44:291][563]LogModuleManager: Shutting down and abandoning module Documentation (362)
[2017.10.04-16.27.44:291][563]LogModuleManager: Shutting down and abandoning module MovieSceneTracks (360)
[2017.10.04-16.27.44:291][563]LogModuleManager: Shutting down and abandoning module MovieScene (358)
[2017.10.04-16.27.44:291][563]LogModuleManager: Shutting down and abandoning module Niagara (356)
[2017.10.04-16.27.44:291][563]LogModuleManager: Shutting down and abandoning module NiagaraEditor (355)
[2017.10.04-16.27.44:291][563]LogModuleManager: Shutting down and abandoning module StreamingPauseRendering (352)
[2017.10.04-16.27.44:291][563]LogModuleManager: Shutting down and abandoning module LauncherPlatform (350)
[2017.10.04-16.27.44:291][563]LogModuleManager: Shutting down and abandoning module AnalyticsET (348)
[2017.10.04-16.27.44:292][563]LogModuleManager: Shutting down and abandoning module PortalServices (346)
[2017.10.04-16.27.44:292][563]LogModuleManager: Shutting down and abandoning module PortalRpc (344)
[2017.10.04-16.27.44:292][563]LogModuleManager: Shutting down and abandoning module MessagingRpc (342)
[2017.10.04-16.27.44:292][563]LogModuleManager: Shutting down and abandoning module AIModule (340)
[2017.10.04-16.27.44:292][563]LogModuleManager: Shutting down and abandoning module GameplayDebugger (339)
[2017.10.04-16.27.44:292][563]LogModuleManager: Shutting down and abandoning module AITestSuite (337)
[2017.10.04-16.27.44:292][563]LogModuleManager: Shutting down and abandoning module ProfilerService (334)
[2017.10.04-16.27.44:372][563]LogModuleManager: Shutting down and abandoning module TaskGraph (332)
[2017.10.04-16.27.44:372][563]LogModuleManager: Shutting down and abandoning module SteamVRController (330)
[2017.10.04-16.27.44:372][563]LogModuleManager: Shutting down and abandoning module ProceduralMeshComponentEditor (328)
[2017.10.04-16.27.44:372][563]LogModuleManager: Shutting down and abandoning module ProceduralMeshComponent (326)
[2017.10.04-16.27.44:372][563]LogModuleManager: Shutting down and abandoning module OculusInput (324)
[2017.10.04-16.27.44:372][563]LogModuleManager: Shutting down and abandoning module MobilePatchingUtils (322)
[2017.10.04-16.27.44:372][563]LogModuleManager: Shutting down and abandoning module CustomMeshComponent (320)
[2017.10.04-16.27.44:372][563]LogModuleManager: Shutting down and abandoning module CableComponent (318)
[2017.10.04-16.27.44:372][563]LogModuleManager: Shutting down and abandoning module ArchVisCharacter (316)
[2017.10.04-16.27.44:372][563]LogModuleManager: Shutting down and abandoning module AndroidPermission (314)
[2017.10.04-16.27.44:372][563]LogModuleManager: Shutting down and abandoning module MediaPlayerEditor (310)
[2017.10.04-16.27.44:372][563]LogModuleManager: Shutting down and abandoning module HTML5Networking (308)
[2017.10.04-16.27.44:372][563]LogModuleManager: Shutting down and abandoning module AlembicImporter (306)
[2017.10.04-16.27.44:372][563]LogModuleManager: Shutting down and abandoning module AlembicLibrary (305)
[2017.10.04-16.27.44:372][563]LogModuleManager: Shutting down and abandoning module GeometryCache (304)
[2017.10.04-16.27.44:372][563]LogModuleManager: Shutting down and abandoning module GeometryCacheEd (303)
[2017.10.04-16.27.44:372][563]LogModuleManager: Shutting down and abandoning module SpeedTreeImporter (298)
[2017.10.04-16.27.44:372][563]LogModuleManager: Shutting down and abandoning module PluginBrowser (296)
[2017.10.04-16.27.44:372][563]LogModuleManager: Shutting down and abandoning module MobileLauncherProfileWizard (294)
[2017.10.04-16.27.44:372][563]LogModuleManager: Shutting down and abandoning module VisualStudioSourceCodeAccess (292)
[2017.10.04-16.27.44:372][563]LogModuleManager: Shutting down and abandoning module DesktopPlatform (291)
[2017.10.04-16.27.44:372][563]LogModuleManager: Shutting down and abandoning module UObjectPlugin (288)
[2017.10.04-16.27.44:372][563]LogModuleManager: Shutting down and abandoning module SubversionSourceControl (286)
[2017.10.04-16.27.44:372][563]LogModuleManager: Shutting down and abandoning module PerforceSourceControl (284)
[2017.10.04-16.27.44:372][563]LogModuleManager: Shutting down and abandoning module GitSourceControl (282)
[2017.10.04-16.27.44:372][563]LogModuleManager: Shutting down and abandoning module SourceControl (281)
[2017.10.04-16.27.44:372][563]LogModuleManager: Shutting down and abandoning module LightPropagationVolumeEditor (278)
[2017.10.04-16.27.44:373][563]LogModuleManager: Shutting down and abandoning module PaperTiledImporter (276)
[2017.10.04-16.27.44:373][563]LogModuleManager: Shutting down and abandoning module PaperSpriteSheetImporter (274)
[2017.10.04-16.27.44:373][563]LogModuleManager: Shutting down and abandoning module Paper2DEditor (272)
[2017.10.04-16.27.44:373][563]LogModuleManager: Shutting down and abandoning module MeshPaint (271)
[2017.10.04-16.27.44:373][563]LogModuleManager: Shutting down and abandoning module LevelEditor (269)
[2017.10.04-16.27.44:373][563]LogModuleManager: Shutting down and abandoning module PixelInspectorModule (268)
[2017.10.04-16.27.44:373][563]LogModuleManager: Shutting down and abandoning module MainFrame (266)
[2017.10.04-16.27.44:373][563]LogModuleManager: Shutting down and abandoning module HotReload (265)
[2017.10.04-16.27.44:375][563]LogModuleManager: Shutting down and abandoning module RuntimePhysXCooking (260)
[2017.10.04-16.27.44:375][563]LogModuleManager: Shutting down and abandoning module PhysXVehiclesEditor (258)
[2017.10.04-16.27.44:375][563]LogModuleManager: Shutting down and abandoning module PhysXVehicles (256)
[2017.10.04-16.27.44:375][563]LogModuleManager: Shutting down and abandoning module OculusEditor (254)
[2017.10.04-16.27.44:375][563]LogModuleManager: Shutting down and abandoning module LocationServicesBPLibrary (252)
[2017.10.04-16.27.44:375][563]LogModuleManager: Shutting down and abandoning module ImmediatePhysicsEditor (250)
[2017.10.04-16.27.44:375][563]LogModuleManager: Shutting down and abandoning module ImmediatePhysics (248)
[2017.10.04-16.27.44:375][563]LogModuleManager: Shutting down and abandoning module UdpMessaging (246)
[2017.10.04-16.27.44:476][563]LogModuleManager: Shutting down and abandoning module TcpMessaging (244)
[2017.10.04-16.27.44:576][563]LogModuleManager: Shutting down and abandoning module GameplayTagsEditor (242)
[2017.10.04-16.27.44:576][563]LogModuleManager: Shutting down and abandoning module FacialAnimationEditor (240)
[2017.10.04-16.27.44:576][563]LogModuleManager: Shutting down and abandoning module FacialAnimation (238)
[2017.10.04-16.27.44:576][563]LogModuleManager: Shutting down and abandoning module AssetManagerEditor (236)
[2017.10.04-16.27.44:576][563]LogModuleManager: Shutting down and abandoning module GraphEditor (235)
[2017.10.04-16.27.44:576][563]LogModuleManager: Shutting down and abandoning module ContentBrowser (233)
[2017.10.04-16.27.44:577][563]LogModuleManager: Shutting down and abandoning module LightPropagationVolumeRuntime (230)
[2017.10.04-16.27.44:577][563]LogModuleManager: Shutting down and abandoning module Paper2D (228)
[2017.10.04-16.27.44:577][563]LogModuleManager: Shutting down and abandoning module WindowsMoviePlayer (226)
[2017.10.04-16.27.44:577][563]LogModuleManager: Shutting down and abandoning module WmfMedia (224)
[2017.10.04-16.27.44:578][563]LogModuleManager: Shutting down and abandoning module PacketHandler (222)
[2017.10.04-16.27.44:578][563]LogModuleManager: Shutting down and abandoning module ClothingSystemEditor (220)
[2017.10.04-16.27.44:578][563]LogModuleManager: Shutting down and abandoning module ClothingSystemRuntime (218)
[2017.10.04-16.27.44:578][563]LogModuleManager: Shutting down and abandoning module Overlay (216)
[2017.10.04-16.27.44:578][563]LogModuleManager: Shutting down and abandoning module OverlayEditor (215)
[2017.10.04-16.27.44:578][563]LogModuleManager: Shutting down and abandoning module MediaAssets (212)
[2017.10.04-16.27.44:578][563]LogModuleManager: Shutting down and abandoning module VREditor (210)
[2017.10.04-16.27.44:578][563]LogModuleManager: Shutting down and abandoning module StringTableEditor (208)
[2017.10.04-16.27.44:578][563]LogModuleManager: Shutting down and abandoning module GameplayTasksEditor (206)
[2017.10.04-16.27.44:578][563]LogModuleManager: Shutting down and abandoning module BehaviorTreeEditor (204)
[2017.10.04-16.27.44:578][563]LogModuleManager: Shutting down and abandoning module FunctionalTesting (202)
[2017.10.04-16.27.44:578][563]LogModuleManager: Shutting down and abandoning module CollisionAnalyzer (200)
[2017.10.04-16.27.44:578][563]LogModuleManager: Shutting down and abandoning module WorkspaceMenuStructure (199)
[2017.10.04-16.27.44:578][563]LogModuleManager: Shutting down and abandoning module UMG (196)
[2017.10.04-16.27.44:578][563]LogModuleManager: Shutting down and abandoning module UMGEditor (195)
[2017.10.04-16.27.44:578][563]LogModuleManager: Shutting down and abandoning module Sequencer (194)
[2017.10.04-16.27.44:578][563]LogModuleManager: Shutting down and abandoning module MessageLog (191)
[2017.10.04-16.27.44:578][563]LogModuleManager: Shutting down and abandoning module SlateReflector (186)
[2017.10.04-16.27.44:578][563]LogModuleManager: Shutting down and abandoning module Slate (184)
[2017.10.04-16.27.44:578][563]LogModuleManager: Shutting down and abandoning module EditorStyle (182)
[2017.10.04-16.27.44:581][563]LogModuleManager: Shutting down and abandoning module MRMesh (180)
[2017.10.04-16.27.44:581][563]LogModuleManager: Shutting down and abandoning module SourceCodeAccess (178)
[2017.10.04-16.27.44:581][563]LogModuleManager: Shutting down and abandoning module HeadMountedDisplay (176)
[2017.10.04-16.27.44:581][563]LogModuleManager: Shutting down and abandoning module XAudio2 (174)
[2017.10.04-16.27.44:581][563]LogModuleManager: Shutting down and abandoning module Networking (172)
[2017.10.04-16.27.44:581][563]LogModuleManager: Shutting down and abandoning module Core (168)
[2017.10.04-16.27.44:581][563]LogModuleManager: Shutting down and abandoning module KismetCompiler (164)
[2017.10.04-16.27.44:581][563]LogModuleManager: Shutting down and abandoning module LevelSequence (162)
[2017.10.04-16.27.44:581][563]LogModuleManager: Shutting down and abandoning module MeshUtilities (160)
[2017.10.04-16.27.44:581][563]LogModuleManager: Shutting down and abandoning module MeshMergeUtilities (159)
[2017.10.04-16.27.44:581][563]LogModuleManager: Shutting down and abandoning module MeshReductionInterface (158)
[2017.10.04-16.27.44:581][563]LogModuleManager: Shutting down and abandoning module SimplygonSwarm (157)
[2017.10.04-16.27.44:581][563]LogModuleManager: Shutting down and abandoning module SimplygonMeshReduction (155)
[2017.10.04-16.27.44:581][563]LogModuleManager: Shutting down and abandoning module QuadricMeshReduction (153)
[2017.10.04-16.27.44:581][563]LogModuleManager: Shutting down and abandoning module MaterialBaking (149)
[2017.10.04-16.27.44:581][563]LogModuleManager: Shutting down and abandoning module DirectoryWatcher (146)
[2017.10.04-16.27.44:582][563]LogModuleManager: Shutting down and abandoning module DerivedDataCache (144)
[2017.10.04-16.27.44:658][563]LogDerivedDataCache: Shutdown
[2017.10.04-16.27.44:658][563]LogModuleManager: Shutting down and abandoning module TargetPlatform (142)
[2017.10.04-16.27.44:658][563]LogModuleManager: Shutting down and abandoning module VulkanShaderFormat (141)
[2017.10.04-16.27.44:658][563]LogModuleManager: Shutting down and abandoning module ShaderFormatVectorVM (139)
[2017.10.04-16.27.44:658][563]LogModuleManager: Shutting down and abandoning module ShaderFormatOpenGL (137)
[2017.10.04-16.27.44:658][563]LogModuleManager: Shutting down and abandoning module ShaderFormatD3D (135)
[2017.10.04-16.27.44:658][563]LogModuleManager: Shutting down and abandoning module MetalShaderFormat (133)
[2017.10.04-16.27.44:658][563]LogModuleManager: Shutting down and abandoning module TextureFormatUncompressed (131)
[2017.10.04-16.27.44:658][563]LogModuleManager: Shutting down and abandoning module TextureFormatPVR (129)
[2017.10.04-16.27.44:658][563]LogModuleManager: Shutting down and abandoning module TextureFormatDXT (127)
[2017.10.04-16.27.44:658][563]LogModuleManager: Shutting down and abandoning module TextureFormatIntelISPCTexComp (125)
[2017.10.04-16.27.44:659][563]LogModuleManager: Shutting down and abandoning module TextureFormatASTC (123)
[2017.10.04-16.27.44:659][563]LogModuleManager: Shutting down and abandoning module ImageWrapper (122)
[2017.10.04-16.27.44:659][563]LogModuleManager: Shutting down and abandoning module TextureFormatAndroid (119)
[2017.10.04-16.27.44:659][563]LogModuleManager: Shutting down and abandoning module AudioFormatOpus (117)
[2017.10.04-16.27.44:659][563]LogModuleManager: Shutting down and abandoning module AudioFormatOgg (115)
[2017.10.04-16.27.44:659][563]LogModuleManager: Shutting down and abandoning module AudioFormatADPCM (113)
[2017.10.04-16.27.44:659][563]LogModuleManager: Shutting down and abandoning module LinuxTargetPlatform (111)
[2017.10.04-16.27.44:659][563]LogModuleManager: Shutting down and abandoning module LinuxServerTargetPlatform (109)
[2017.10.04-16.27.44:659][563]LogModuleManager: Shutting down and abandoning module LinuxNoEditorTargetPlatform (107)
[2017.10.04-16.27.44:659][563]LogModuleManager: Shutting down and abandoning module LinuxClientTargetPlatform (105)
[2017.10.04-16.27.44:659][563]LogModuleManager: Shutting down and abandoning module TVOSTargetPlatform (103)
[2017.10.04-16.27.44:659][563]LogModuleManager: Shutting down and abandoning module Messaging (101)
[2017.10.04-16.27.44:659][563]LogModuleManager: Shutting down and abandoning module IOSTargetPlatform (99)
[2017.10.04-16.27.44:659][563]LogModuleManager: Shutting down and abandoning module HTML5TargetPlatform (97)
[2017.10.04-16.27.44:659][563]LogModuleManager: Shutting down and abandoning module Android_PVRTCTargetPlatform (95)
[2017.10.04-16.27.44:659][563]LogModuleManager: Shutting down and abandoning module Android_MultiTargetPlatform (93)
[2017.10.04-16.27.44:659][563]LogModuleManager: Shutting down and abandoning module Android_ETC2TargetPlatform (91)
[2017.10.04-16.27.44:659][563]LogModuleManager: Shutting down and abandoning module Android_ETC1TargetPlatform (89)
[2017.10.04-16.27.44:659][563]LogModuleManager: Shutting down and abandoning module Android_DXTTargetPlatform (87)
[2017.10.04-16.27.44:659][563]LogModuleManager: Shutting down and abandoning module Android_ATCTargetPlatform (85)
[2017.10.04-16.27.44:659][563]LogModuleManager: Shutting down and abandoning module Android_ASTCTargetPlatform (83)
[2017.10.04-16.27.44:659][563]LogModuleManager: Shutting down and abandoning module AndroidTargetPlatform (81)
[2017.10.04-16.27.44:659][563]LogModuleManager: Shutting down and abandoning module WindowsTargetPlatform (79)
[2017.10.04-16.27.44:659][563]LogModuleManager: Shutting down and abandoning module WindowsServerTargetPlatform (77)
[2017.10.04-16.27.44:659][563]LogModuleManager: Shutting down and abandoning module WindowsNoEditorTargetPlatform (75)
[2017.10.04-16.27.44:659][563]LogModuleManager: Shutting down and abandoning module WindowsClientTargetPlatform (73)
[2017.10.04-16.27.44:659][563]LogModuleManager: Shutting down and abandoning module MacTargetPlatform (71)
[2017.10.04-16.27.44:659][563]LogModuleManager: Shutting down and abandoning module MacServerTargetPlatform (69)
[2017.10.04-16.27.44:659][563]LogModuleManager: Shutting down and abandoning module MacNoEditorTargetPlatform (67)
[2017.10.04-16.27.44:659][563]LogModuleManager: Shutting down and abandoning module MacClientTargetPlatform (65)
[2017.10.04-16.27.44:659][563]LogModuleManager: Shutting down and abandoning module AllDesktopTargetPlatform (63)
[2017.10.04-16.27.44:659][563]LogModuleManager: Shutting down and abandoning module InputCore (60)
[2017.10.04-16.27.44:659][563]LogModuleManager: Shutting down and abandoning module Settings (58)
[2017.10.04-16.27.44:659][563]LogModuleManager: Shutting down and abandoning module PhysXCooking (56)
[2017.10.04-16.27.44:659][563]LogModuleManager: Shutting down and abandoning module SteamVR (54)
[2017.10.04-16.27.44:659][563]LogModuleManager: Shutting down and abandoning module OculusHMD (52)
[2017.10.04-16.27.44:659][563]LogModuleManager: Shutting down and abandoning module ExampleDeviceProfileSelector (50)
[2017.10.04-16.27.44:659][563]LogModuleManager: Shutting down and abandoning module OnlineBlueprintSupport (48)
[2017.10.04-16.27.44:659][563]LogModuleManager: Shutting down and abandoning module OnlineSubsystem (44)
[2017.10.04-16.27.44:659][563]LogOnline: Display: Unloading online subsystem: NULL
[2017.10.04-16.27.44:659][563]LogModuleManager: Shutting down and abandoning module XMPP (43)
[2017.10.04-16.27.44:659][563]LogModuleManager: Shutting down and abandoning module HTTP (41)
[2017.10.04-16.27.44:659][563]LogHttp: Display: Http module shutting down, but needs to wait on 1 outstanding Http requests:
[2017.10.04-16.27.44:659][563]LogHttp: Display: 	verb=[POST] url=[https://datarouter.ol.epicgames.com/datarouter/api/v1/public/data?SessionID=%7B17DCF466-44F5-2D01-9E86-95A7C7CDB415%7D&AppID=UEEditor.Rocket.Release&AppVersion=4.17.2-3658906%2B%2B%2BUE4%2BRelease-4.17&UserID=60abcf7f4a8b3833084bc08d05f1172d%7C9e8d5e437c5c4412bba3474650696154%7Cece70480-be24-414c-8953-d3fab359e705&AppEnvironment=datacollector-binary&UploadType=eteventstream] status=Processing
[2017.10.04-16.27.44:690][563]LogModuleManager: Shutting down and abandoning module SSL (40)
[2017.10.04-16.27.44:692][563]LogModuleManager: Shutting down and abandoning module AnimationModifiers (36)
[2017.10.04-16.27.44:692][563]LogModuleManager: Shutting down and abandoning module PropertyEditor (35)
[2017.10.04-16.27.44:692][563]LogModuleManager: Shutting down and abandoning module AudioEditor (32)
[2017.10.04-16.27.44:692][563]LogModuleManager: Shutting down and abandoning module TextureCompressor (30)
[2017.10.04-16.27.44:692][563]LogModuleManager: Shutting down and abandoning module ShaderCore (28)
[2017.10.04-16.27.44:692][563]LogModuleManager: Shutting down and abandoning module Landscape (26)
[2017.10.04-16.27.44:692][563]LogModuleManager: Shutting down and abandoning module SlateRHIRenderer (24)
[2017.10.04-16.27.44:693][563]LogModuleManager: Shutting down and abandoning module OpenGLDrv (22)
[2017.10.04-16.27.44:693][563]LogModuleManager: Shutting down and abandoning module D3D11RHI (20)
[2017.10.04-16.27.44:693][563]LogModuleManager: Shutting down and abandoning module AnimGraphRuntime (18)
[2017.10.04-16.27.44:693][563]LogModuleManager: Shutting down and abandoning module Renderer (16)
[2017.10.04-16.27.44:693][563]LogModuleManager: Shutting down and abandoning module Engine (14)
[2017.10.04-16.27.44:693][563]LogModuleManager: Shutting down and abandoning module CoreUObject (12)
[2017.10.04-16.27.44:693][563]LogModuleManager: Shutting down and abandoning module NetworkFile (10)
[2017.10.04-16.27.44:693][563]LogModuleManager: Shutting down and abandoning module CookedIterativeFile (8)
[2017.10.04-16.27.44:693][563]LogModuleManager: Shutting down and abandoning module StreamingFile (6)
[2017.10.04-16.27.44:693][563]LogModuleManager: Shutting down and abandoning module SandboxFile (4)
[2017.10.04-16.27.44:693][563]LogModuleManager: Shutting down and abandoning module PakFile (2)
[2017.10.04-16.27.44:696][563]LogExit: Exiting.
[2017.10.04-16.27.44:705][563]Log file closed, 10/04/17 18:27:44
